  Determining projects to restore...
  All projects are up-to-date for restore.
  Informatique.Alumni.Domain.Shared -> d:\Projects\Informatique.Alumni\src\Informatique.Alumni.Domain.Shared\bin\Debug\net10.0\Informatique.Alumni.Domain.Shared.dll
  Informatique.Alumni.TestBase -> d:\Projects\Informatique.Alumni\test\Informatique.Alumni.TestBase\bin\Debug\net10.0\Informatique.Alumni.TestBase.dll
  Informatique.Alumni.Application.Contracts -> d:\Projects\Informatique.Alumni\src\Informatique.Alumni.Application.Contracts\bin\Debug\net10.0\Informatique.Alumni.Application.Contracts.dll
  Informatique.Alumni.Domain -> d:\Projects\Informatique.Alumni\src\Informatique.Alumni.Domain\bin\Debug\net10.0\Informatique.Alumni.Domain.dll
  Informatique.Alumni.EntityFrameworkCore -> d:\Projects\Informatique.Alumni\src\Informatique.Alumni.EntityFrameworkCore\bin\Debug\net10.0\Informatique.Alumni.EntityFrameworkCore.dll
  Informatique.Alumni.Application -> d:\Projects\Informatique.Alumni\src\Informatique.Alumni.Application\bin\Debug\net10.0\Informatique.Alumni.Application.dll
  Informatique.Alumni.Domain.Tests -> d:\Projects\Informatique.Alumni\test\Informatique.Alumni.Domain.Tests\bin\Debug\net10.0\Informatique.Alumni.Domain.Tests.dll
  Informatique.Alumni.EntityFrameworkCore.Tests -> d:\Projects\Informatique.Alumni\test\Informatique.Alumni.EntityFrameworkCore.Tests\bin\Debug\net10.0\Informatique.Alumni.EntityFrameworkCore.Tests.dll
d:\Projects\Informatique.Alumni\test\Informatique.Alumni.Application.Tests\Membership\MembershipAppServiceTests.cs(86,28): error CS1061: 'ICurrentUser' does not contain a definition for 'Change' and no accessible extension method 'Change' accepting a first argument of type 'ICurrentUser' could be found (are you missing a using directive or an assembly reference?) [d:\Projects\Informatique.Alumni\test\Informatique.Alumni.Application.Tests\Informatique.Alumni.Application.Tests.csproj]

Build FAILED.

d:\Projects\Informatique.Alumni\test\Informatique.Alumni.Application.Tests\Membership\MembershipAppServiceTests.cs(86,28): error CS1061: 'ICurrentUser' does not contain a definition for 'Change' and no accessible extension method 'Change' accepting a first argument of type 'ICurrentUser' could be found (are you missing a using directive or an assembly reference?) [d:\Projects\Informatique.Alumni\test\Informatique.Alumni.Application.Tests\Informatique.Alumni.Application.Tests.csproj]
    0 Warning(s)
    1 Error(s)

Time Elapsed 00:00:02.18
