  Determining projects to restore...
  All projects are up-to-date for restore.
  Informatique.Alumni.Domain.Shared -> d:\Projects\Informatique.Alumni\src\Informatique.Alumni.Domain.Shared\bin\Debug\net10.0\Informatique.Alumni.Domain.Shared.dll
  Informatique.Alumni.TestBase -> d:\Projects\Informatique.Alumni\test\Informatique.Alumni.TestBase\bin\Debug\net10.0\Informatique.Alumni.TestBase.dll
  Informatique.Alumni.Application.Contracts -> d:\Projects\Informatique.Alumni\src\Informatique.Alumni.Application.Contracts\bin\Debug\net10.0\Informatique.Alumni.Application.Contracts.dll
  Informatique.Alumni.Domain -> d:\Projects\Informatique.Alumni\src\Informatique.Alumni.Domain\bin\Debug\net10.0\Informatique.Alumni.Domain.dll
  Informatique.Alumni.Application -> d:\Projects\Informatique.Alumni\src\Informatique.Alumni.Application\bin\Debug\net10.0\Informatique.Alumni.Application.dll
  Informatique.Alumni.EntityFrameworkCore -> d:\Projects\Informatique.Alumni\src\Informatique.Alumni.EntityFrameworkCore\bin\Debug\net10.0\Informatique.Alumni.EntityFrameworkCore.dll
  Informatique.Alumni.Domain.Tests -> d:\Projects\Informatique.Alumni\test\Informatique.Alumni.Domain.Tests\bin\Debug\net10.0\Informatique.Alumni.Domain.Tests.dll
  Informatique.Alumni.EntityFrameworkCore.Tests -> d:\Projects\Informatique.Alumni\test\Informatique.Alumni.EntityFrameworkCore.Tests\bin\Debug\net10.0\Informatique.Alumni.EntityFrameworkCore.Tests.dll
d:\Projects\Informatique.Alumni\test\Informatique.Alumni.Application.Tests\Syndicates\SyndicateAppServiceTests.cs(15,12): warning CS8618: Non-nullable field '_syndicateAppService' must contain a non-null value when exiting constructor. Consider adding the 'required' modifier or declaring the field as nullable. [d:\Projects\Informatique.Alumni\test\Informatique.Alumni.Application.Tests\Informatique.Alumni.Application.Tests.csproj]
d:\Projects\Informatique.Alumni\test\Informatique.Alumni.Application.Tests\Syndicates\SyndicateAppServiceTests.cs(15,12): warning CS8618: Non-nullable field '_syndicateRepository' must contain a non-null value when exiting constructor. Consider adding the 'required' modifier or declaring the field as nullable. [d:\Projects\Informatique.Alumni\test\Informatique.Alumni.Application.Tests\Informatique.Alumni.Application.Tests.csproj]
d:\Projects\Informatique.Alumni\test\Informatique.Alumni.Application.Tests\Membership\MembershipAppServiceTests.cs(51,27): error CS1729: 'AlumniProfile' does not contain a constructor that takes 6 arguments [d:\Projects\Informatique.Alumni\test\Informatique.Alumni.Application.Tests\Informatique.Alumni.Application.Tests.csproj]
d:\Projects\Informatique.Alumni\test\Informatique.Alumni.Application.Tests\Membership\MembershipAppServiceTests.cs(59,17): error CS1061: 'AlumniProfile' does not contain a definition for 'SetWalletBalance' and no accessible extension method 'SetWalletBalance' accepting a first argument of type 'AlumniProfile' could be found (are you missing a using directive or an assembly reference?) [d:\Projects\Informatique.Alumni\test\Informatique.Alumni.Application.Tests\Informatique.Alumni.Application.Tests.csproj]
d:\Projects\Informatique.Alumni\test\Informatique.Alumni.Application.Tests\Membership\MembershipAppServiceTests.cs(61,34): error CS1729: 'Education' does not contain a constructor that takes 6 arguments [d:\Projects\Informatique.Alumni\test\Informatique.Alumni.Application.Tests\Informatique.Alumni.Application.Tests.csproj]
d:\Projects\Informatique.Alumni\test\Informatique.Alumni.Application.Tests\Membership\MembershipAppServiceTests.cs(78,31): error CS0246: The type or namespace name 'ContactItemDto' could not be found (are you missing a using directive or an assembly reference?) [d:\Projects\Informatique.Alumni\test\Informatique.Alumni.Application.Tests\Informatique.Alumni.Application.Tests.csproj]
d:\Projects\Informatique.Alumni\test\Informatique.Alumni.Application.Tests\Membership\MembershipAppServiceTests.cs(79,32): error CS0246: The type or namespace name 'ContactItemDto' could not be found (are you missing a using directive or an assembly reference?) [d:\Projects\Informatique.Alumni\test\Informatique.Alumni.Application.Tests\Informatique.Alumni.Application.Tests.csproj]
d:\Projects\Informatique.Alumni\test\Informatique.Alumni.Application.Tests\Membership\MembershipAppServiceTests.cs(84,28): error CS1061: 'ICurrentUser' does not contain a definition for 'Change' and no accessible extension method 'Change' accepting a first argument of type 'ICurrentUser' could be found (are you missing a using directive or an assembly reference?) [d:\Projects\Informatique.Alumni\test\Informatique.Alumni.Application.Tests\Informatique.Alumni.Application.Tests.csproj]
d:\Projects\Informatique.Alumni\test\Informatique.Alumni.Application.Tests\Membership\MembershipAppServiceTests.cs(91,16): error CS1061: 'AssociationRequestDto' does not contain a definition for 'UsedWalletAmount' and no accessible extension method 'UsedWalletAmount' accepting a first argument of type 'AssociationRequestDto' could be found (are you missing a using directive or an assembly reference?) [d:\Projects\Informatique.Alumni\test\Informatique.Alumni.Application.Tests\Informatique.Alumni.Application.Tests.csproj]
d:\Projects\Informatique.Alumni\test\Informatique.Alumni.Application.Tests\Membership\MembershipAppServiceTests.cs(92,16): error CS1061: 'AssociationRequestDto' does not contain a definition for 'RemainingAmount' and no accessible extension method 'RemainingAmount' accepting a first argument of type 'AssociationRequestDto' could be found (are you missing a using directive or an assembly reference?) [d:\Projects\Informatique.Alumni\test\Informatique.Alumni.Application.Tests\Informatique.Alumni.Application.Tests.csproj]
d:\Projects\Informatique.Alumni\test\Informatique.Alumni.Application.Tests\Syndicates\SyndicateAppServiceTests.cs(13,42): warning CS0169: The field 'SyndicateAppServiceTests._syndicateRepository' is never used [d:\Projects\Informatique.Alumni\test\Informatique.Alumni.Application.Tests\Informatique.Alumni.Application.Tests.csproj]
d:\Projects\Informatique.Alumni\test\Informatique.Alumni.Application.Tests\Syndicates\SyndicateAppServiceTests.cs(12,34): warning CS0169: The field 'SyndicateAppServiceTests._syndicateAppService' is never used [d:\Projects\Informatique.Alumni\test\Informatique.Alumni.Application.Tests\Informatique.Alumni.Application.Tests.csproj]

Build FAILED.

d:\Projects\Informatique.Alumni\test\Informatique.Alumni.Application.Tests\Syndicates\SyndicateAppServiceTests.cs(15,12): warning CS8618: Non-nullable field '_syndicateAppService' must contain a non-null value when exiting constructor. Consider adding the 'required' modifier or declaring the field as nullable. [d:\Projects\Informatique.Alumni\test\Informatique.Alumni.Application.Tests\Informatique.Alumni.Application.Tests.csproj]
d:\Projects\Informatique.Alumni\test\Informatique.Alumni.Application.Tests\Syndicates\SyndicateAppServiceTests.cs(15,12): warning CS8618: Non-nullable field '_syndicateRepository' must contain a non-null value when exiting constructor. Consider adding the 'required' modifier or declaring the field as nullable. [d:\Projects\Informatique.Alumni\test\Informatique.Alumni.Application.Tests\Informatique.Alumni.Application.Tests.csproj]
d:\Projects\Informatique.Alumni\test\Informatique.Alumni.Application.Tests\Syndicates\SyndicateAppServiceTests.cs(13,42): warning CS0169: The field 'SyndicateAppServiceTests._syndicateRepository' is never used [d:\Projects\Informatique.Alumni\test\Informatique.Alumni.Application.Tests\Informatique.Alumni.Application.Tests.csproj]
d:\Projects\Informatique.Alumni\test\Informatique.Alumni.Application.Tests\Syndicates\SyndicateAppServiceTests.cs(12,34): warning CS0169: The field 'SyndicateAppServiceTests._syndicateAppService' is never used [d:\Projects\Informatique.Alumni\test\Informatique.Alumni.Application.Tests\Informatique.Alumni.Application.Tests.csproj]
d:\Projects\Informatique.Alumni\test\Informatique.Alumni.Application.Tests\Membership\MembershipAppServiceTests.cs(51,27): error CS1729: 'AlumniProfile' does not contain a constructor that takes 6 arguments [d:\Projects\Informatique.Alumni\test\Informatique.Alumni.Application.Tests\Informatique.Alumni.Application.Tests.csproj]
d:\Projects\Informatique.Alumni\test\Informatique.Alumni.Application.Tests\Membership\MembershipAppServiceTests.cs(59,17): error CS1061: 'AlumniProfile' does not contain a definition for 'SetWalletBalance' and no accessible extension method 'SetWalletBalance' accepting a first argument of type 'AlumniProfile' could be found (are you missing a using directive or an assembly reference?) [d:\Projects\Informatique.Alumni\test\Informatique.Alumni.Application.Tests\Informatique.Alumni.Application.Tests.csproj]
d:\Projects\Informatique.Alumni\test\Informatique.Alumni.Application.Tests\Membership\MembershipAppServiceTests.cs(61,34): error CS1729: 'Education' does not contain a constructor that takes 6 arguments [d:\Projects\Informatique.Alumni\test\Informatique.Alumni.Application.Tests\Informatique.Alumni.Application.Tests.csproj]
d:\Projects\Informatique.Alumni\test\Informatique.Alumni.Application.Tests\Membership\MembershipAppServiceTests.cs(78,31): error CS0246: The type or namespace name 'ContactItemDto' could not be found (are you missing a using directive or an assembly reference?) [d:\Projects\Informatique.Alumni\test\Informatique.Alumni.Application.Tests\Informatique.Alumni.Application.Tests.csproj]
d:\Projects\Informatique.Alumni\test\Informatique.Alumni.Application.Tests\Membership\MembershipAppServiceTests.cs(79,32): error CS0246: The type or namespace name 'ContactItemDto' could not be found (are you missing a using directive or an assembly reference?) [d:\Projects\Informatique.Alumni\test\Informatique.Alumni.Application.Tests\Informatique.Alumni.Application.Tests.csproj]
d:\Projects\Informatique.Alumni\test\Informatique.Alumni.Application.Tests\Membership\MembershipAppServiceTests.cs(84,28): error CS1061: 'ICurrentUser' does not contain a definition for 'Change' and no accessible extension method 'Change' accepting a first argument of type 'ICurrentUser' could be found (are you missing a using directive or an assembly reference?) [d:\Projects\Informatique.Alumni\test\Informatique.Alumni.Application.Tests\Informatique.Alumni.Application.Tests.csproj]
d:\Projects\Informatique.Alumni\test\Informatique.Alumni.Application.Tests\Membership\MembershipAppServiceTests.cs(91,16): error CS1061: 'AssociationRequestDto' does not contain a definition for 'UsedWalletAmount' and no accessible extension method 'UsedWalletAmount' accepting a first argument of type 'AssociationRequestDto' could be found (are you missing a using directive or an assembly reference?) [d:\Projects\Informatique.Alumni\test\Informatique.Alumni.Application.Tests\Informatique.Alumni.Application.Tests.csproj]
d:\Projects\Informatique.Alumni\test\Informatique.Alumni.Application.Tests\Membership\MembershipAppServiceTests.cs(92,16): error CS1061: 'AssociationRequestDto' does not contain a definition for 'RemainingAmount' and no accessible extension method 'RemainingAmount' accepting a first argument of type 'AssociationRequestDto' could be found (are you missing a using directive or an assembly reference?) [d:\Projects\Informatique.Alumni\test\Informatique.Alumni.Application.Tests\Informatique.Alumni.Application.Tests.csproj]
    4 Warning(s)
    8 Error(s)

Time Elapsed 00:00:02.17
