D:\Projects\Informatique.Alumni\src\Informatique.Alumni.Application\Career\CareerServiceTypeAppService.cs(70,23): error CS0411: The type arguments for method 'Enumerable.OrderBy<TSource, TKey>(IEnumerable<TSource>, Func<TSource, TKey>)' cannot be inferred from the usage. Try specifying the type arguments explicitly. [D:\Projects\Informatique.Alumni\src\Informatique.Alumni.Application\Informatique.Alumni.Application.csproj]
D:\Projects\Informatique.Alumni\src\Informatique.Alumni.Application\Career\CareerReportingAppService.cs(121,42): error CS1061: 'CareerServiceType' does not contain a definition for 'Name' and no accessible extension method 'Name' accepting a first argument of type 'CareerServiceType' could be found (are you missing a using directive or an assembly reference?) [D:\Projects\Informatique.Alumni\src\Informatique.Alumni.Application\Informatique.Alumni.Application.csproj]
D:\Projects\Informatique.Alumni\src\Informatique.Alumni.Application\Career\CareerReportingAppService.cs(155,58): error CS1061: 'CareerServiceType' does not contain a definition for 'Name' and no accessible extension method 'Name' accepting a first argument of type 'CareerServiceType' could be found (are you missing a using directive or an assembly reference?) [D:\Projects\Informatique.Alumni\src\Informatique.Alumni.Application\Informatique.Alumni.Application.csproj]

Build FAILED.
    90 Warning(s)
    3 Error(s)

Time Elapsed 00:00:03.75
