  Determining projects to restore...
  All projects are up-to-date for restore.
  Informatique.Alumni.Domain.Shared -> D:\Projects\Informatique.Alumni\src\Informatique.Alumni.Domain.Shared\bin\Debug\net10.0\Informatique.Alumni.Domain.Shared.dll
  Informatique.Alumni.TestBase -> D:\Projects\Informatique.Alumni\test\Informatique.Alumni.TestBase\bin\Debug\net10.0\Informatique.Alumni.TestBase.dll
  Informatique.Alumni.Domain -> D:\Projects\Informatique.Alumni\src\Informatique.Alumni.Domain\bin\Debug\net10.0\Informatique.Alumni.Domain.dll
  Informatique.Alumni.EntityFrameworkCore -> D:\Projects\Informatique.Alumni\src\Informatique.Alumni.EntityFrameworkCore\bin\Debug\net10.0\Informatique.Alumni.EntityFrameworkCore.dll
  Informatique.Alumni.Application.Contracts -> D:\Projects\Informatique.Alumni\src\Informatique.Alumni.Application.Contracts\bin\Debug\net10.0\Informatique.Alumni.Application.Contracts.dll
D:\Projects\Informatique.Alumni\test\Informatique.Alumni.Domain.Tests\Certificates\CertificateManagerTests.cs(56,122): error CS0117: 'DegreeType' does not contain a definition for 'Bachelor' [D:\Projects\Informatique.Alumni\test\Informatique.Alumni.Domain.Tests\Informatique.Alumni.Domain.Tests.csproj]
D:\Projects\Informatique.Alumni\test\Informatique.Alumni.Domain.Tests\Certificates\CertificateManagerTests.cs(75,117): error CS0117: 'DegreeType' does not contain a definition for 'Master' [D:\Projects\Informatique.Alumni\test\Informatique.Alumni.Domain.Tests\Informatique.Alumni.Domain.Tests.csproj]
D:\Projects\Informatique.Alumni\test\Informatique.Alumni.Domain.Tests\Certificates\CertificateManagerTests.cs(109,27): error CS1729: 'AlumniProfile' does not contain a constructor that takes 7 arguments [D:\Projects\Informatique.Alumni\test\Informatique.Alumni.Domain.Tests\Informatique.Alumni.Domain.Tests.csproj]
D:\Projects\Informatique.Alumni\test\Informatique.Alumni.Domain.Tests\Certificates\CertificateManagerTests.cs(110,17): error CS1061: 'AlumniProfile' does not contain a definition for 'SetWalletBalance' and no accessible extension method 'SetWalletBalance' accepting a first argument of type 'AlumniProfile' could be found (are you missing a using directive or an assembly reference?) [D:\Projects\Informatique.Alumni\test\Informatique.Alumni.Domain.Tests\Informatique.Alumni.Domain.Tests.csproj]
D:\Projects\Informatique.Alumni\test\Informatique.Alumni.Domain.Tests\Certificates\CertificateManagerTests.cs(181,27): error CS1729: 'AlumniProfile' does not contain a constructor that takes 7 arguments [D:\Projects\Informatique.Alumni\test\Informatique.Alumni.Domain.Tests\Informatique.Alumni.Domain.Tests.csproj]
D:\Projects\Informatique.Alumni\test\Informatique.Alumni.Domain.Tests\Certificates\CertificateManagerTests.cs(182,17): error CS1061: 'AlumniProfile' does not contain a definition for 'SetWalletBalance' and no accessible extension method 'SetWalletBalance' accepting a first argument of type 'AlumniProfile' could be found (are you missing a using directive or an assembly reference?) [D:\Projects\Informatique.Alumni\test\Informatique.Alumni.Domain.Tests\Informatique.Alumni.Domain.Tests.csproj]
D:\Projects\Informatique.Alumni\test\Informatique.Alumni.Domain.Tests\Certificates\CertificateManagerTests.cs(219,13): error CS0104: 'DeliveryMethod' is an ambiguous reference between 'Informatique.Alumni.Certificates.DeliveryMethod' and 'Informatique.Alumni.Membership.DeliveryMethod' [D:\Projects\Informatique.Alumni\test\Informatique.Alumni.Domain.Tests\Informatique.Alumni.Domain.Tests.csproj]
D:\Projects\Informatique.Alumni\test\Informatique.Alumni.Domain.Tests\Certificates\CertificateManagerTests.cs(226,65): error CS1503: Argument 1: cannot convert from 'Informatique.Alumni.Certificates.CertificateRequest' to 'Informatique.Alumni.Certificates.CertificateRequestItem' [D:\Projects\Informatique.Alumni\test\Informatique.Alumni.Domain.Tests\Informatique.Alumni.Domain.Tests.csproj]
D:\Projects\Informatique.Alumni\test\Informatique.Alumni.Domain.Tests\Certificates\CertificateManagerTests.cs(240,67): error CS0104: 'DeliveryMethod' is an ambiguous reference between 'Informatique.Alumni.Certificates.DeliveryMethod' and 'Informatique.Alumni.Membership.DeliveryMethod' [D:\Projects\Informatique.Alumni\test\Informatique.Alumni.Domain.Tests\Informatique.Alumni.Domain.Tests.csproj]
D:\Projects\Informatique.Alumni\test\Informatique.Alumni.Domain.Tests\Certificates\CertificateManagerTests.cs(243,66): error CS1503: Argument 1: cannot convert from 'Informatique.Alumni.Certificates.CertificateRequest' to 'Informatique.Alumni.Certificates.CertificateRequestItem' [D:\Projects\Informatique.Alumni\test\Informatique.Alumni.Domain.Tests\Informatique.Alumni.Domain.Tests.csproj]
D:\Projects\Informatique.Alumni\test\Informatique.Alumni.Domain.Tests\Certificates\CertificateManagerTests.cs(316,13): error CS0104: 'DeliveryMethod' is an ambiguous reference between 'Informatique.Alumni.Certificates.DeliveryMethod' and 'Informatique.Alumni.Membership.DeliveryMethod' [D:\Projects\Informatique.Alumni\test\Informatique.Alumni.Domain.Tests\Informatique.Alumni.Domain.Tests.csproj]
D:\Projects\Informatique.Alumni\test\Informatique.Alumni.Domain.Tests\Certificates\CertificateManagerTests.cs(343,29): error CS1061: 'CertificateManager' does not contain a definition for 'MarkAsReady' and no accessible extension method 'MarkAsReady' accepting a first argument of type 'CertificateManager' could be found (are you missing a using directive or an assembly reference?) [D:\Projects\Informatique.Alumni\test\Informatique.Alumni.Domain.Tests\Informatique.Alumni.Domain.Tests.csproj]
  Informatique.Alumni.Application -> D:\Projects\Informatique.Alumni\src\Informatique.Alumni.Application\bin\Debug\net10.0\Informatique.Alumni.Application.dll
  Informatique.Alumni.HttpApi.Client -> D:\Projects\Informatique.Alumni\src\Informatique.Alumni.HttpApi.Client\bin\Debug\net10.0\Informatique.Alumni.HttpApi.Client.dll
  Informatique.Alumni.HttpApi -> D:\Projects\Informatique.Alumni\src\Informatique.Alumni.HttpApi\bin\Debug\net10.0\Informatique.Alumni.HttpApi.dll
  Informatique.Alumni.DbMigrator -> D:\Projects\Informatique.Alumni\src\Informatique.Alumni.DbMigrator\bin\Debug\net10.0\Informatique.Alumni.DbMigrator.dll
  Informatique.Alumni.HttpApi.Client.ConsoleTestApp -> D:\Projects\Informatique.Alumni\test\Informatique.Alumni.HttpApi.Client.ConsoleTestApp\bin\Debug\net10.0\Informatique.Alumni.HttpApi.Client.ConsoleTestApp.dll
  Informatique.Alumni.HttpApi.Host -> D:\Projects\Informatique.Alumni\src\Informatique.Alumni.HttpApi.Host\bin\Debug\net10.0\Informatique.Alumni.HttpApi.Host.dll

Build FAILED.

D:\Projects\Informatique.Alumni\test\Informatique.Alumni.Domain.Tests\Certificates\CertificateManagerTests.cs(56,122): error CS0117: 'DegreeType' does not contain a definition for 'Bachelor' [D:\Projects\Informatique.Alumni\test\Informatique.Alumni.Domain.Tests\Informatique.Alumni.Domain.Tests.csproj]
D:\Projects\Informatique.Alumni\test\Informatique.Alumni.Domain.Tests\Certificates\CertificateManagerTests.cs(75,117): error CS0117: 'DegreeType' does not contain a definition for 'Master' [D:\Projects\Informatique.Alumni\test\Informatique.Alumni.Domain.Tests\Informatique.Alumni.Domain.Tests.csproj]
D:\Projects\Informatique.Alumni\test\Informatique.Alumni.Domain.Tests\Certificates\CertificateManagerTests.cs(109,27): error CS1729: 'AlumniProfile' does not contain a constructor that takes 7 arguments [D:\Projects\Informatique.Alumni\test\Informatique.Alumni.Domain.Tests\Informatique.Alumni.Domain.Tests.csproj]
D:\Projects\Informatique.Alumni\test\Informatique.Alumni.Domain.Tests\Certificates\CertificateManagerTests.cs(110,17): error CS1061: 'AlumniProfile' does not contain a definition for 'SetWalletBalance' and no accessible extension method 'SetWalletBalance' accepting a first argument of type 'AlumniProfile' could be found (are you missing a using directive or an assembly reference?) [D:\Projects\Informatique.Alumni\test\Informatique.Alumni.Domain.Tests\Informatique.Alumni.Domain.Tests.csproj]
D:\Projects\Informatique.Alumni\test\Informatique.Alumni.Domain.Tests\Certificates\CertificateManagerTests.cs(181,27): error CS1729: 'AlumniProfile' does not contain a constructor that takes 7 arguments [D:\Projects\Informatique.Alumni\test\Informatique.Alumni.Domain.Tests\Informatique.Alumni.Domain.Tests.csproj]
D:\Projects\Informatique.Alumni\test\Informatique.Alumni.Domain.Tests\Certificates\CertificateManagerTests.cs(182,17): error CS1061: 'AlumniProfile' does not contain a definition for 'SetWalletBalance' and no accessible extension method 'SetWalletBalance' accepting a first argument of type 'AlumniProfile' could be found (are you missing a using directive or an assembly reference?) [D:\Projects\Informatique.Alumni\test\Informatique.Alumni.Domain.Tests\Informatique.Alumni.Domain.Tests.csproj]
D:\Projects\Informatique.Alumni\test\Informatique.Alumni.Domain.Tests\Certificates\CertificateManagerTests.cs(219,13): error CS0104: 'DeliveryMethod' is an ambiguous reference between 'Informatique.Alumni.Certificates.DeliveryMethod' and 'Informatique.Alumni.Membership.DeliveryMethod' [D:\Projects\Informatique.Alumni\test\Informatique.Alumni.Domain.Tests\Informatique.Alumni.Domain.Tests.csproj]
D:\Projects\Informatique.Alumni\test\Informatique.Alumni.Domain.Tests\Certificates\CertificateManagerTests.cs(226,65): error CS1503: Argument 1: cannot convert from 'Informatique.Alumni.Certificates.CertificateRequest' to 'Informatique.Alumni.Certificates.CertificateRequestItem' [D:\Projects\Informatique.Alumni\test\Informatique.Alumni.Domain.Tests\Informatique.Alumni.Domain.Tests.csproj]
D:\Projects\Informatique.Alumni\test\Informatique.Alumni.Domain.Tests\Certificates\CertificateManagerTests.cs(240,67): error CS0104: 'DeliveryMethod' is an ambiguous reference between 'Informatique.Alumni.Certificates.DeliveryMethod' and 'Informatique.Alumni.Membership.DeliveryMethod' [D:\Projects\Informatique.Alumni\test\Informatique.Alumni.Domain.Tests\Informatique.Alumni.Domain.Tests.csproj]
D:\Projects\Informatique.Alumni\test\Informatique.Alumni.Domain.Tests\Certificates\CertificateManagerTests.cs(243,66): error CS1503: Argument 1: cannot convert from 'Informatique.Alumni.Certificates.CertificateRequest' to 'Informatique.Alumni.Certificates.CertificateRequestItem' [D:\Projects\Informatique.Alumni\test\Informatique.Alumni.Domain.Tests\Informatique.Alumni.Domain.Tests.csproj]
D:\Projects\Informatique.Alumni\test\Informatique.Alumni.Domain.Tests\Certificates\CertificateManagerTests.cs(316,13): error CS0104: 'DeliveryMethod' is an ambiguous reference between 'Informatique.Alumni.Certificates.DeliveryMethod' and 'Informatique.Alumni.Membership.DeliveryMethod' [D:\Projects\Informatique.Alumni\test\Informatique.Alumni.Domain.Tests\Informatique.Alumni.Domain.Tests.csproj]
D:\Projects\Informatique.Alumni\test\Informatique.Alumni.Domain.Tests\Certificates\CertificateManagerTests.cs(343,29): error CS1061: 'CertificateManager' does not contain a definition for 'MarkAsReady' and no accessible extension method 'MarkAsReady' accepting a first argument of type 'CertificateManager' could be found (are you missing a using directive or an assembly reference?) [D:\Projects\Informatique.Alumni\test\Informatique.Alumni.Domain.Tests\Informatique.Alumni.Domain.Tests.csproj]
    0 Warning(s)
    12 Error(s)

Time Elapsed 00:00:04.08
