  Determining projects to restore...
D:\Projects\Informatique.Alumni\src\Informatique.Alumni.HttpApi.Host\Informatique.Alumni.HttpApi.Host.csproj : warning NU1504: Duplicate 'PackageReference' items found. Remove the duplicate items or use the Update functionality to ensure a consistent restore behavior. The duplicate 'PackageReference' items are: Microsoft.EntityFrameworkCore.InMemory 10.0.0, Microsoft.EntityFrameworkCore.InMemory 10.0.0.
  All projects are up-to-date for restore.
D:\Projects\Informatique.Alumni\src\Informatique.Alumni.HttpApi.Host\Informatique.Alumni.HttpApi.Host.csproj : warning NU1504: Duplicate 'PackageReference' items found. Remove the duplicate items or use the Update functionality to ensure a consistent restore behavior. The duplicate 'PackageReference' items are: Microsoft.EntityFrameworkCore.InMemory 10.0.0, Microsoft.EntityFrameworkCore.InMemory 10.0.0.
  Informatique.Alumni.Domain.Shared -> D:\Projects\Informatique.Alumni\src\Informatique.Alumni.Domain.Shared\bin\Debug\net10.0\Informatique.Alumni.Domain.Shared.dll
  Informatique.Alumni.TestBase -> D:\Projects\Informatique.Alumni\test\Informatique.Alumni.TestBase\bin\Debug\net10.0\Informatique.Alumni.TestBase.dll
  Informatique.Alumni.Application.Contracts -> D:\Projects\Informatique.Alumni\src\Informatique.Alumni.Application.Contracts\bin\Debug\net10.0\Informatique.Alumni.Application.Contracts.dll
  Informatique.Alumni.Domain -> D:\Projects\Informatique.Alumni\src\Informatique.Alumni.Domain\bin\Debug\net10.0\Informatique.Alumni.Domain.dll
  Informatique.Alumni.Application -> D:\Projects\Informatique.Alumni\src\Informatique.Alumni.Application\bin\Debug\net10.0\Informatique.Alumni.Application.dll
  Informatique.Alumni.HttpApi.Client -> D:\Projects\Informatique.Alumni\src\Informatique.Alumni.HttpApi.Client\bin\Debug\net10.0\Informatique.Alumni.HttpApi.Client.dll
D:\Projects\Informatique.Alumni\src\Informatique.Alumni.EntityFrameworkCore\EntityFrameworkCore\AlumniDbContext.cs(40,7): warning CS0105: The using directive for 'Informatique.Alumni.Payment' appeared previously in this namespace [D:\Projects\Informatique.Alumni\src\Informatique.Alumni.EntityFrameworkCore\Informatique.Alumni.EntityFrameworkCore.csproj]
D:\Projects\Informatique.Alumni\src\Informatique.Alumni.EntityFrameworkCore\EntityFrameworkCore\AlumniDbContext.cs(96,18): error CS0246: The type or namespace name 'CareerActivity' could not be found (are you missing a using directive or an assembly reference?) [D:\Projects\Informatique.Alumni\src\Informatique.Alumni.EntityFrameworkCore\Informatique.Alumni.EntityFrameworkCore.csproj]
  Informatique.Alumni.HttpApi.Client.ConsoleTestApp -> D:\Projects\Informatique.Alumni\test\Informatique.Alumni.HttpApi.Client.ConsoleTestApp\bin\Debug\net10.0\Informatique.Alumni.HttpApi.Client.ConsoleTestApp.dll
D:\Projects\Informatique.Alumni\test\Informatique.Alumni.Domain.Tests\Certificates\CertificateManagerTests.cs(20,35): error CS7036: There is no argument given that corresponds to the required parameter 'profileRepository' of 'CertificateManager.CertificateManager(IRepository<CertificateDefinition, Guid>, IRepository<AlumniProfile, Guid>, IRepository<Branch, Guid>, MembershipManager)' [D:\Projects\Informatique.Alumni\test\Informatique.Alumni.Domain.Tests\Informatique.Alumni.Domain.Tests.csproj]
D:\Projects\Informatique.Alumni\test\Informatique.Alumni.Domain.Tests\Certificates\CertificateManagerTests.cs(30,29): error CS7036: There is no argument given that corresponds to the required parameter 'fee' of 'CertificateDefinition.CertificateDefinition(Guid, string, string, decimal, DegreeType, string?, string?)' [D:\Projects\Informatique.Alumni\test\Informatique.Alumni.Domain.Tests\Informatique.Alumni.Domain.Tests.csproj]
D:\Projects\Informatique.Alumni\test\Informatique.Alumni.Domain.Tests\Certificates\CertificateManagerTests.cs(49,31): error CS7036: There is no argument given that corresponds to the required parameter 'fee' of 'CertificateDefinition.CertificateDefinition(Guid, string, string, decimal, DegreeType, string?, string?)' [D:\Projects\Informatique.Alumni\test\Informatique.Alumni.Domain.Tests\Informatique.Alumni.Domain.Tests.csproj]
D:\Projects\Informatique.Alumni\test\Informatique.Alumni.Domain.Tests\Certificates\CertificateManagerTests.cs(50,9): error CS0200: Property or indexer 'CertificateDefinition.IsActive' cannot be assigned to -- it is read only [D:\Projects\Informatique.Alumni\test\Informatique.Alumni.Domain.Tests\Informatique.Alumni.Domain.Tests.csproj]
D:\Projects\Informatique.Alumni\test\Informatique.Alumni.Domain.Tests\Certificates\CertificateManagerTests.cs(78,29): error CS7036: There is no argument given that corresponds to the required parameter 'fee' of 'CertificateDefinition.CertificateDefinition(Guid, string, string, decimal, DegreeType, string?, string?)' [D:\Projects\Informatique.Alumni\test\Informatique.Alumni.Domain.Tests\Informatique.Alumni.Domain.Tests.csproj]
D:\Projects\Informatique.Alumni\test\Informatique.Alumni.Domain.Tests\Certificates\CertificateManagerTests.cs(86,13): error CS1503: Argument 3: cannot convert from 'System.Guid' to 'System.Collections.Generic.List<Informatique.Alumni.Certificates.CreateItemInput>' [D:\Projects\Informatique.Alumni\test\Informatique.Alumni.Domain.Tests\Informatique.Alumni.Domain.Tests.csproj]
D:\Projects\Informatique.Alumni\test\Informatique.Alumni.Domain.Tests\Certificates\CertificateManagerTests.cs(87,13): error CS1503: Argument 4: cannot convert from 'string' to 'Informatique.Alumni.Certificates.DeliveryMethod' [D:\Projects\Informatique.Alumni\test\Informatique.Alumni.Domain.Tests\Informatique.Alumni.Domain.Tests.csproj]
D:\Projects\Informatique.Alumni\test\Informatique.Alumni.Domain.Tests\Certificates\CertificateManagerTests.cs(96,33): error CS0103: The name 'CertificateStatus' does not exist in the current context [D:\Projects\Informatique.Alumni\test\Informatique.Alumni.Domain.Tests\Informatique.Alumni.Domain.Tests.csproj]
D:\Projects\Informatique.Alumni\test\Informatique.Alumni.Domain.Tests\Certificates\CertificateManagerTests.cs(107,31): error CS7036: There is no argument given that corresponds to the required parameter 'fee' of 'CertificateDefinition.CertificateDefinition(Guid, string, string, decimal, DegreeType, string?, string?)' [D:\Projects\Informatique.Alumni\test\Informatique.Alumni.Domain.Tests\Informatique.Alumni.Domain.Tests.csproj]
D:\Projects\Informatique.Alumni\test\Informatique.Alumni.Domain.Tests\Certificates\CertificateManagerTests.cs(108,9): error CS0200: Property or indexer 'CertificateDefinition.IsActive' cannot be assigned to -- it is read only [D:\Projects\Informatique.Alumni\test\Informatique.Alumni.Domain.Tests\Informatique.Alumni.Domain.Tests.csproj]
D:\Projects\Informatique.Alumni\test\Informatique.Alumni.Domain.Tests\Certificates\CertificateManagerTests.cs(114,51): error CS7036: There is no argument given that corresponds to the required parameter 'deliveryMethod' of 'CertificateManager.CreateRequestAsync(Guid, Guid, List<CreateItemInput>, DeliveryMethod, Guid?, string?, string?)' [D:\Projects\Informatique.Alumni\test\Informatique.Alumni.Domain.Tests\Informatique.Alumni.Domain.Tests.csproj]
D:\Projects\Informatique.Alumni\test\Informatique.Alumni.Domain.Tests\Certificates\CertificateManagerTests.cs(128,29): error CS7036: There is no argument given that corresponds to the required parameter 'fee' of 'CertificateDefinition.CertificateDefinition(Guid, string, string, decimal, DegreeType, string?, string?)' [D:\Projects\Informatique.Alumni\test\Informatique.Alumni.Domain.Tests\Informatique.Alumni.Domain.Tests.csproj]
D:\Projects\Informatique.Alumni\test\Informatique.Alumni.Domain.Tests\Certificates\CertificateManagerTests.cs(133,49): error CS7036: There is no argument given that corresponds to the required parameter 'deliveryMethod' of 'CertificateManager.CreateRequestAsync(Guid, Guid, List<CreateItemInput>, DeliveryMethod, Guid?, string?, string?)' [D:\Projects\Informatique.Alumni\test\Informatique.Alumni.Domain.Tests\Informatique.Alumni.Domain.Tests.csproj]
D:\Projects\Informatique.Alumni\test\Informatique.Alumni.Domain.Tests\Certificates\CertificateManagerTests.cs(155,13): error CS1503: Argument 3: cannot convert from 'System.Guid' to 'Informatique.Alumni.Certificates.DeliveryMethod' [D:\Projects\Informatique.Alumni\test\Informatique.Alumni.Domain.Tests\Informatique.Alumni.Domain.Tests.csproj]
D:\Projects\Informatique.Alumni\test\Informatique.Alumni.Domain.Tests\Certificates\CertificateManagerTests.cs(156,13): error CS1503: Argument 4: cannot convert from 'string' to 'System.Guid?' [D:\Projects\Informatique.Alumni\test\Informatique.Alumni.Domain.Tests\Informatique.Alumni.Domain.Tests.csproj]
D:\Projects\Informatique.Alumni\test\Informatique.Alumni.Domain.Tests\Certificates\CertificateManagerTests.cs(160,65): error CS1503: Argument 1: cannot convert from 'Informatique.Alumni.Certificates.CertificateRequest' to 'Informatique.Alumni.Certificates.CertificateRequestItem' [D:\Projects\Informatique.Alumni\test\Informatique.Alumni.Domain.Tests\Informatique.Alumni.Domain.Tests.csproj]
D:\Projects\Informatique.Alumni\test\Informatique.Alumni.Domain.Tests\Certificates\CertificateManagerTests.cs(175,67): error CS1503: Argument 3: cannot convert from 'System.Guid' to 'Informatique.Alumni.Certificates.DeliveryMethod' [D:\Projects\Informatique.Alumni\test\Informatique.Alumni.Domain.Tests\Informatique.Alumni.Domain.Tests.csproj]
D:\Projects\Informatique.Alumni\test\Informatique.Alumni.Domain.Tests\Certificates\CertificateManagerTests.cs(175,81): error CS1503: Argument 4: cannot convert from 'string' to 'System.Guid?' [D:\Projects\Informatique.Alumni\test\Informatique.Alumni.Domain.Tests\Informatique.Alumni.Domain.Tests.csproj]
D:\Projects\Informatique.Alumni\test\Informatique.Alumni.Domain.Tests\Certificates\CertificateManagerTests.cs(178,66): error CS1503: Argument 1: cannot convert from 'Informatique.Alumni.Certificates.CertificateRequest' to 'Informatique.Alumni.Certificates.CertificateRequestItem' [D:\Projects\Informatique.Alumni\test\Informatique.Alumni.Domain.Tests\Informatique.Alumni.Domain.Tests.csproj]
D:\Projects\Informatique.Alumni\test\Informatique.Alumni.Domain.Tests\Certificates\CertificateManagerTests.cs(245,13): error CS1503: Argument 3: cannot convert from 'System.Guid' to 'Informatique.Alumni.Certificates.DeliveryMethod' [D:\Projects\Informatique.Alumni\test\Informatique.Alumni.Domain.Tests\Informatique.Alumni.Domain.Tests.csproj]
D:\Projects\Informatique.Alumni\test\Informatique.Alumni.Domain.Tests\Certificates\CertificateManagerTests.cs(246,13): error CS1503: Argument 4: cannot convert from 'string' to 'System.Guid?' [D:\Projects\Informatique.Alumni\test\Informatique.Alumni.Domain.Tests\Informatique.Alumni.Domain.Tests.csproj]
D:\Projects\Informatique.Alumni\test\Informatique.Alumni.Domain.Tests\Certificates\CertificateManagerTests.cs(253,29): error CS1061: 'CertificateManager' does not contain a definition for 'MarkAsReady' and no accessible extension method 'MarkAsReady' accepting a first argument of type 'CertificateManager' could be found (are you missing a using directive or an assembly reference?) [D:\Projects\Informatique.Alumni\test\Informatique.Alumni.Domain.Tests\Informatique.Alumni.Domain.Tests.csproj]
D:\Projects\Informatique.Alumni\test\Informatique.Alumni.Domain.Tests\Certificates\CertificateManagerTests.cs(256,33): error CS0103: The name 'CertificateStatus' does not exist in the current context [D:\Projects\Informatique.Alumni\test\Informatique.Alumni.Domain.Tests\Informatique.Alumni.Domain.Tests.csproj]
D:\Projects\Informatique.Alumni\test\Informatique.Alumni.Domain.Tests\Certificates\CertificateManagerTests.cs(257,17): error CS1061: 'CertificateRequest' does not contain a definition for 'VerificationHash' and no accessible extension method 'VerificationHash' accepting a first argument of type 'CertificateRequest' could be found (are you missing a using directive or an assembly reference?) [D:\Projects\Informatique.Alumni\test\Informatique.Alumni.Domain.Tests\Informatique.Alumni.Domain.Tests.csproj]
D:\Projects\Informatique.Alumni\test\Informatique.Alumni.Domain.Tests\Certificates\CertificateManagerTests.cs(258,17): error CS1061: 'CertificateRequest' does not contain a definition for 'QrCodeContent' and no accessible extension method 'QrCodeContent' accepting a first argument of type 'CertificateRequest' could be found (are you missing a using directive or an assembly reference?) [D:\Projects\Informatique.Alumni\test\Informatique.Alumni.Domain.Tests\Informatique.Alumni.Domain.Tests.csproj]
D:\Projects\Informatique.Alumni\test\Informatique.Alumni.Domain.Tests\Certificates\CertificateManagerTests.cs(259,17): error CS1061: 'CertificateRequest' does not contain a definition for 'VerificationHash' and no accessible extension method 'VerificationHash' accepting a first argument of type 'CertificateRequest' could be found (are you missing a using directive or an assembly reference?) [D:\Projects\Informatique.Alumni\test\Informatique.Alumni.Domain.Tests\Informatique.Alumni.Domain.Tests.csproj]
D:\Projects\Informatique.Alumni\test\Informatique.Alumni.Domain.Tests\Certificates\CertificateManagerTests.cs(267,33): error CS1061: 'CertificateManager' does not contain a definition for 'MarkAsReady' and no accessible extension method 'MarkAsReady' accepting a first argument of type 'CertificateManager' could be found (are you missing a using directive or an assembly reference?) [D:\Projects\Informatique.Alumni\test\Informatique.Alumni.Domain.Tests\Informatique.Alumni.Domain.Tests.csproj]
D:\Projects\Informatique.Alumni\test\Informatique.Alumni.Domain.Tests\Certificates\CertificateManagerTests.cs(278,13): error CS1503: Argument 3: cannot convert from 'System.Guid' to 'Informatique.Alumni.Certificates.DeliveryMethod' [D:\Projects\Informatique.Alumni\test\Informatique.Alumni.Domain.Tests\Informatique.Alumni.Domain.Tests.csproj]
D:\Projects\Informatique.Alumni\test\Informatique.Alumni.Domain.Tests\Certificates\CertificateManagerTests.cs(279,13): error CS1503: Argument 4: cannot convert from 'string' to 'System.Guid?' [D:\Projects\Informatique.Alumni\test\Informatique.Alumni.Domain.Tests\Informatique.Alumni.Domain.Tests.csproj]
D:\Projects\Informatique.Alumni\test\Informatique.Alumni.Domain.Tests\Certificates\CertificateManagerTests.cs(285,33): error CS1061: 'CertificateManager' does not contain a definition for 'MarkAsReady' and no accessible extension method 'MarkAsReady' accepting a first argument of type 'CertificateManager' could be found (are you missing a using directive or an assembly reference?) [D:\Projects\Informatique.Alumni\test\Informatique.Alumni.Domain.Tests\Informatique.Alumni.Domain.Tests.csproj]
D:\Projects\Informatique.Alumni\test\Informatique.Alumni.Domain.Tests\Certificates\CertificateManagerTests.cs(303,29): error CS7036: There is no argument given that corresponds to the required parameter 'fee' of 'CertificateDefinition.CertificateDefinition(Guid, string, string, decimal, DegreeType, string?, string?)' [D:\Projects\Informatique.Alumni\test\Informatique.Alumni.Domain.Tests\Informatique.Alumni.Domain.Tests.csproj]
D:\Projects\Informatique.Alumni\test\Informatique.Alumni.Domain.Tests\Certificates\CertificateManagerTests.cs(311,13): error CS1503: Argument 3: cannot convert from 'System.Guid' to 'System.Collections.Generic.List<Informatique.Alumni.Certificates.CreateItemInput>' [D:\Projects\Informatique.Alumni\test\Informatique.Alumni.Domain.Tests\Informatique.Alumni.Domain.Tests.csproj]
D:\Projects\Informatique.Alumni\test\Informatique.Alumni.Domain.Tests\Certificates\CertificateManagerTests.cs(312,13): error CS1503: Argument 4: cannot convert from 'string' to 'Informatique.Alumni.Certificates.DeliveryMethod' [D:\Projects\Informatique.Alumni\test\Informatique.Alumni.Domain.Tests\Informatique.Alumni.Domain.Tests.csproj]
D:\Projects\Informatique.Alumni\test\Informatique.Alumni.Domain.Tests\Certificates\CertificateManagerTests.cs(316,33): error CS0103: The name 'CertificateStatus' does not exist in the current context [D:\Projects\Informatique.Alumni\test\Informatique.Alumni.Domain.Tests\Informatique.Alumni.Domain.Tests.csproj]
D:\Projects\Informatique.Alumni\test\Informatique.Alumni.Domain.Tests\Certificates\CertificateManagerTests.cs(320,33): error CS0103: The name 'CertificateStatus' does not exist in the current context [D:\Projects\Informatique.Alumni\test\Informatique.Alumni.Domain.Tests\Informatique.Alumni.Domain.Tests.csproj]
D:\Projects\Informatique.Alumni\test\Informatique.Alumni.Domain.Tests\Certificates\CertificateManagerTests.cs(323,29): error CS1061: 'CertificateManager' does not contain a definition for 'MarkAsReady' and no accessible extension method 'MarkAsReady' accepting a first argument of type 'CertificateManager' could be found (are you missing a using directive or an assembly reference?) [D:\Projects\Informatique.Alumni\test\Informatique.Alumni.Domain.Tests\Informatique.Alumni.Domain.Tests.csproj]
D:\Projects\Informatique.Alumni\test\Informatique.Alumni.Domain.Tests\Certificates\CertificateManagerTests.cs(326,33): error CS0103: The name 'CertificateStatus' does not exist in the current context [D:\Projects\Informatique.Alumni\test\Informatique.Alumni.Domain.Tests\Informatique.Alumni.Domain.Tests.csproj]
  Informatique.Alumni.HttpApi -> D:\Projects\Informatique.Alumni\src\Informatique.Alumni.HttpApi\bin\Debug\net10.0\Informatique.Alumni.HttpApi.dll

Build FAILED.

D:\Projects\Informatique.Alumni\src\Informatique.Alumni.HttpApi.Host\Informatique.Alumni.HttpApi.Host.csproj : warning NU1504: Duplicate 'PackageReference' items found. Remove the duplicate items or use the Update functionality to ensure a consistent restore behavior. The duplicate 'PackageReference' items are: Microsoft.EntityFrameworkCore.InMemory 10.0.0, Microsoft.EntityFrameworkCore.InMemory 10.0.0.
D:\Projects\Informatique.Alumni\src\Informatique.Alumni.HttpApi.Host\Informatique.Alumni.HttpApi.Host.csproj : warning NU1504: Duplicate 'PackageReference' items found. Remove the duplicate items or use the Update functionality to ensure a consistent restore behavior. The duplicate 'PackageReference' items are: Microsoft.EntityFrameworkCore.InMemory 10.0.0, Microsoft.EntityFrameworkCore.InMemory 10.0.0.
D:\Projects\Informatique.Alumni\src\Informatique.Alumni.EntityFrameworkCore\EntityFrameworkCore\AlumniDbContext.cs(40,7): warning CS0105: The using directive for 'Informatique.Alumni.Payment' appeared previously in this namespace [D:\Projects\Informatique.Alumni\src\Informatique.Alumni.EntityFrameworkCore\Informatique.Alumni.EntityFrameworkCore.csproj]
D:\Projects\Informatique.Alumni\src\Informatique.Alumni.EntityFrameworkCore\EntityFrameworkCore\AlumniDbContext.cs(96,18): error CS0246: The type or namespace name 'CareerActivity' could not be found (are you missing a using directive or an assembly reference?) [D:\Projects\Informatique.Alumni\src\Informatique.Alumni.EntityFrameworkCore\Informatique.Alumni.EntityFrameworkCore.csproj]
D:\Projects\Informatique.Alumni\test\Informatique.Alumni.Domain.Tests\Certificates\CertificateManagerTests.cs(20,35): error CS7036: There is no argument given that corresponds to the required parameter 'profileRepository' of 'CertificateManager.CertificateManager(IRepository<CertificateDefinition, Guid>, IRepository<AlumniProfile, Guid>, IRepository<Branch, Guid>, MembershipManager)' [D:\Projects\Informatique.Alumni\test\Informatique.Alumni.Domain.Tests\Informatique.Alumni.Domain.Tests.csproj]
D:\Projects\Informatique.Alumni\test\Informatique.Alumni.Domain.Tests\Certificates\CertificateManagerTests.cs(30,29): error CS7036: There is no argument given that corresponds to the required parameter 'fee' of 'CertificateDefinition.CertificateDefinition(Guid, string, string, decimal, DegreeType, string?, string?)' [D:\Projects\Informatique.Alumni\test\Informatique.Alumni.Domain.Tests\Informatique.Alumni.Domain.Tests.csproj]
D:\Projects\Informatique.Alumni\test\Informatique.Alumni.Domain.Tests\Certificates\CertificateManagerTests.cs(49,31): error CS7036: There is no argument given that corresponds to the required parameter 'fee' of 'CertificateDefinition.CertificateDefinition(Guid, string, string, decimal, DegreeType, string?, string?)' [D:\Projects\Informatique.Alumni\test\Informatique.Alumni.Domain.Tests\Informatique.Alumni.Domain.Tests.csproj]
D:\Projects\Informatique.Alumni\test\Informatique.Alumni.Domain.Tests\Certificates\CertificateManagerTests.cs(50,9): error CS0200: Property or indexer 'CertificateDefinition.IsActive' cannot be assigned to -- it is read only [D:\Projects\Informatique.Alumni\test\Informatique.Alumni.Domain.Tests\Informatique.Alumni.Domain.Tests.csproj]
D:\Projects\Informatique.Alumni\test\Informatique.Alumni.Domain.Tests\Certificates\CertificateManagerTests.cs(78,29): error CS7036: There is no argument given that corresponds to the required parameter 'fee' of 'CertificateDefinition.CertificateDefinition(Guid, string, string, decimal, DegreeType, string?, string?)' [D:\Projects\Informatique.Alumni\test\Informatique.Alumni.Domain.Tests\Informatique.Alumni.Domain.Tests.csproj]
D:\Projects\Informatique.Alumni\test\Informatique.Alumni.Domain.Tests\Certificates\CertificateManagerTests.cs(86,13): error CS1503: Argument 3: cannot convert from 'System.Guid' to 'System.Collections.Generic.List<Informatique.Alumni.Certificates.CreateItemInput>' [D:\Projects\Informatique.Alumni\test\Informatique.Alumni.Domain.Tests\Informatique.Alumni.Domain.Tests.csproj]
D:\Projects\Informatique.Alumni\test\Informatique.Alumni.Domain.Tests\Certificates\CertificateManagerTests.cs(87,13): error CS1503: Argument 4: cannot convert from 'string' to 'Informatique.Alumni.Certificates.DeliveryMethod' [D:\Projects\Informatique.Alumni\test\Informatique.Alumni.Domain.Tests\Informatique.Alumni.Domain.Tests.csproj]
D:\Projects\Informatique.Alumni\test\Informatique.Alumni.Domain.Tests\Certificates\CertificateManagerTests.cs(96,33): error CS0103: The name 'CertificateStatus' does not exist in the current context [D:\Projects\Informatique.Alumni\test\Informatique.Alumni.Domain.Tests\Informatique.Alumni.Domain.Tests.csproj]
D:\Projects\Informatique.Alumni\test\Informatique.Alumni.Domain.Tests\Certificates\CertificateManagerTests.cs(107,31): error CS7036: There is no argument given that corresponds to the required parameter 'fee' of 'CertificateDefinition.CertificateDefinition(Guid, string, string, decimal, DegreeType, string?, string?)' [D:\Projects\Informatique.Alumni\test\Informatique.Alumni.Domain.Tests\Informatique.Alumni.Domain.Tests.csproj]
D:\Projects\Informatique.Alumni\test\Informatique.Alumni.Domain.Tests\Certificates\CertificateManagerTests.cs(108,9): error CS0200: Property or indexer 'CertificateDefinition.IsActive' cannot be assigned to -- it is read only [D:\Projects\Informatique.Alumni\test\Informatique.Alumni.Domain.Tests\Informatique.Alumni.Domain.Tests.csproj]
D:\Projects\Informatique.Alumni\test\Informatique.Alumni.Domain.Tests\Certificates\CertificateManagerTests.cs(114,51): error CS7036: There is no argument given that corresponds to the required parameter 'deliveryMethod' of 'CertificateManager.CreateRequestAsync(Guid, Guid, List<CreateItemInput>, DeliveryMethod, Guid?, string?, string?)' [D:\Projects\Informatique.Alumni\test\Informatique.Alumni.Domain.Tests\Informatique.Alumni.Domain.Tests.csproj]
D:\Projects\Informatique.Alumni\test\Informatique.Alumni.Domain.Tests\Certificates\CertificateManagerTests.cs(128,29): error CS7036: There is no argument given that corresponds to the required parameter 'fee' of 'CertificateDefinition.CertificateDefinition(Guid, string, string, decimal, DegreeType, string?, string?)' [D:\Projects\Informatique.Alumni\test\Informatique.Alumni.Domain.Tests\Informatique.Alumni.Domain.Tests.csproj]
D:\Projects\Informatique.Alumni\test\Informatique.Alumni.Domain.Tests\Certificates\CertificateManagerTests.cs(133,49): error CS7036: There is no argument given that corresponds to the required parameter 'deliveryMethod' of 'CertificateManager.CreateRequestAsync(Guid, Guid, List<CreateItemInput>, DeliveryMethod, Guid?, string?, string?)' [D:\Projects\Informatique.Alumni\test\Informatique.Alumni.Domain.Tests\Informatique.Alumni.Domain.Tests.csproj]
D:\Projects\Informatique.Alumni\test\Informatique.Alumni.Domain.Tests\Certificates\CertificateManagerTests.cs(155,13): error CS1503: Argument 3: cannot convert from 'System.Guid' to 'Informatique.Alumni.Certificates.DeliveryMethod' [D:\Projects\Informatique.Alumni\test\Informatique.Alumni.Domain.Tests\Informatique.Alumni.Domain.Tests.csproj]
D:\Projects\Informatique.Alumni\test\Informatique.Alumni.Domain.Tests\Certificates\CertificateManagerTests.cs(156,13): error CS1503: Argument 4: cannot convert from 'string' to 'System.Guid?' [D:\Projects\Informatique.Alumni\test\Informatique.Alumni.Domain.Tests\Informatique.Alumni.Domain.Tests.csproj]
D:\Projects\Informatique.Alumni\test\Informatique.Alumni.Domain.Tests\Certificates\CertificateManagerTests.cs(160,65): error CS1503: Argument 1: cannot convert from 'Informatique.Alumni.Certificates.CertificateRequest' to 'Informatique.Alumni.Certificates.CertificateRequestItem' [D:\Projects\Informatique.Alumni\test\Informatique.Alumni.Domain.Tests\Informatique.Alumni.Domain.Tests.csproj]
D:\Projects\Informatique.Alumni\test\Informatique.Alumni.Domain.Tests\Certificates\CertificateManagerTests.cs(175,67): error CS1503: Argument 3: cannot convert from 'System.Guid' to 'Informatique.Alumni.Certificates.DeliveryMethod' [D:\Projects\Informatique.Alumni\test\Informatique.Alumni.Domain.Tests\Informatique.Alumni.Domain.Tests.csproj]
D:\Projects\Informatique.Alumni\test\Informatique.Alumni.Domain.Tests\Certificates\CertificateManagerTests.cs(175,81): error CS1503: Argument 4: cannot convert from 'string' to 'System.Guid?' [D:\Projects\Informatique.Alumni\test\Informatique.Alumni.Domain.Tests\Informatique.Alumni.Domain.Tests.csproj]
D:\Projects\Informatique.Alumni\test\Informatique.Alumni.Domain.Tests\Certificates\CertificateManagerTests.cs(178,66): error CS1503: Argument 1: cannot convert from 'Informatique.Alumni.Certificates.CertificateRequest' to 'Informatique.Alumni.Certificates.CertificateRequestItem' [D:\Projects\Informatique.Alumni\test\Informatique.Alumni.Domain.Tests\Informatique.Alumni.Domain.Tests.csproj]
D:\Projects\Informatique.Alumni\test\Informatique.Alumni.Domain.Tests\Certificates\CertificateManagerTests.cs(245,13): error CS1503: Argument 3: cannot convert from 'System.Guid' to 'Informatique.Alumni.Certificates.DeliveryMethod' [D:\Projects\Informatique.Alumni\test\Informatique.Alumni.Domain.Tests\Informatique.Alumni.Domain.Tests.csproj]
D:\Projects\Informatique.Alumni\test\Informatique.Alumni.Domain.Tests\Certificates\CertificateManagerTests.cs(246,13): error CS1503: Argument 4: cannot convert from 'string' to 'System.Guid?' [D:\Projects\Informatique.Alumni\test\Informatique.Alumni.Domain.Tests\Informatique.Alumni.Domain.Tests.csproj]
D:\Projects\Informatique.Alumni\test\Informatique.Alumni.Domain.Tests\Certificates\CertificateManagerTests.cs(253,29): error CS1061: 'CertificateManager' does not contain a definition for 'MarkAsReady' and no accessible extension method 'MarkAsReady' accepting a first argument of type 'CertificateManager' could be found (are you missing a using directive or an assembly reference?) [D:\Projects\Informatique.Alumni\test\Informatique.Alumni.Domain.Tests\Informatique.Alumni.Domain.Tests.csproj]
D:\Projects\Informatique.Alumni\test\Informatique.Alumni.Domain.Tests\Certificates\CertificateManagerTests.cs(256,33): error CS0103: The name 'CertificateStatus' does not exist in the current context [D:\Projects\Informatique.Alumni\test\Informatique.Alumni.Domain.Tests\Informatique.Alumni.Domain.Tests.csproj]
D:\Projects\Informatique.Alumni\test\Informatique.Alumni.Domain.Tests\Certificates\CertificateManagerTests.cs(257,17): error CS1061: 'CertificateRequest' does not contain a definition for 'VerificationHash' and no accessible extension method 'VerificationHash' accepting a first argument of type 'CertificateRequest' could be found (are you missing a using directive or an assembly reference?) [D:\Projects\Informatique.Alumni\test\Informatique.Alumni.Domain.Tests\Informatique.Alumni.Domain.Tests.csproj]
D:\Projects\Informatique.Alumni\test\Informatique.Alumni.Domain.Tests\Certificates\CertificateManagerTests.cs(258,17): error CS1061: 'CertificateRequest' does not contain a definition for 'QrCodeContent' and no accessible extension method 'QrCodeContent' accepting a first argument of type 'CertificateRequest' could be found (are you missing a using directive or an assembly reference?) [D:\Projects\Informatique.Alumni\test\Informatique.Alumni.Domain.Tests\Informatique.Alumni.Domain.Tests.csproj]
D:\Projects\Informatique.Alumni\test\Informatique.Alumni.Domain.Tests\Certificates\CertificateManagerTests.cs(259,17): error CS1061: 'CertificateRequest' does not contain a definition for 'VerificationHash' and no accessible extension method 'VerificationHash' accepting a first argument of type 'CertificateRequest' could be found (are you missing a using directive or an assembly reference?) [D:\Projects\Informatique.Alumni\test\Informatique.Alumni.Domain.Tests\Informatique.Alumni.Domain.Tests.csproj]
D:\Projects\Informatique.Alumni\test\Informatique.Alumni.Domain.Tests\Certificates\CertificateManagerTests.cs(267,33): error CS1061: 'CertificateManager' does not contain a definition for 'MarkAsReady' and no accessible extension method 'MarkAsReady' accepting a first argument of type 'CertificateManager' could be found (are you missing a using directive or an assembly reference?) [D:\Projects\Informatique.Alumni\test\Informatique.Alumni.Domain.Tests\Informatique.Alumni.Domain.Tests.csproj]
D:\Projects\Informatique.Alumni\test\Informatique.Alumni.Domain.Tests\Certificates\CertificateManagerTests.cs(278,13): error CS1503: Argument 3: cannot convert from 'System.Guid' to 'Informatique.Alumni.Certificates.DeliveryMethod' [D:\Projects\Informatique.Alumni\test\Informatique.Alumni.Domain.Tests\Informatique.Alumni.Domain.Tests.csproj]
D:\Projects\Informatique.Alumni\test\Informatique.Alumni.Domain.Tests\Certificates\CertificateManagerTests.cs(279,13): error CS1503: Argument 4: cannot convert from 'string' to 'System.Guid?' [D:\Projects\Informatique.Alumni\test\Informatique.Alumni.Domain.Tests\Informatique.Alumni.Domain.Tests.csproj]
D:\Projects\Informatique.Alumni\test\Informatique.Alumni.Domain.Tests\Certificates\CertificateManagerTests.cs(285,33): error CS1061: 'CertificateManager' does not contain a definition for 'MarkAsReady' and no accessible extension method 'MarkAsReady' accepting a first argument of type 'CertificateManager' could be found (are you missing a using directive or an assembly reference?) [D:\Projects\Informatique.Alumni\test\Informatique.Alumni.Domain.Tests\Informatique.Alumni.Domain.Tests.csproj]
D:\Projects\Informatique.Alumni\test\Informatique.Alumni.Domain.Tests\Certificates\CertificateManagerTests.cs(303,29): error CS7036: There is no argument given that corresponds to the required parameter 'fee' of 'CertificateDefinition.CertificateDefinition(Guid, string, string, decimal, DegreeType, string?, string?)' [D:\Projects\Informatique.Alumni\test\Informatique.Alumni.Domain.Tests\Informatique.Alumni.Domain.Tests.csproj]
D:\Projects\Informatique.Alumni\test\Informatique.Alumni.Domain.Tests\Certificates\CertificateManagerTests.cs(311,13): error CS1503: Argument 3: cannot convert from 'System.Guid' to 'System.Collections.Generic.List<Informatique.Alumni.Certificates.CreateItemInput>' [D:\Projects\Informatique.Alumni\test\Informatique.Alumni.Domain.Tests\Informatique.Alumni.Domain.Tests.csproj]
D:\Projects\Informatique.Alumni\test\Informatique.Alumni.Domain.Tests\Certificates\CertificateManagerTests.cs(312,13): error CS1503: Argument 4: cannot convert from 'string' to 'Informatique.Alumni.Certificates.DeliveryMethod' [D:\Projects\Informatique.Alumni\test\Informatique.Alumni.Domain.Tests\Informatique.Alumni.Domain.Tests.csproj]
D:\Projects\Informatique.Alumni\test\Informatique.Alumni.Domain.Tests\Certificates\CertificateManagerTests.cs(316,33): error CS0103: The name 'CertificateStatus' does not exist in the current context [D:\Projects\Informatique.Alumni\test\Informatique.Alumni.Domain.Tests\Informatique.Alumni.Domain.Tests.csproj]
D:\Projects\Informatique.Alumni\test\Informatique.Alumni.Domain.Tests\Certificates\CertificateManagerTests.cs(320,33): error CS0103: The name 'CertificateStatus' does not exist in the current context [D:\Projects\Informatique.Alumni\test\Informatique.Alumni.Domain.Tests\Informatique.Alumni.Domain.Tests.csproj]
D:\Projects\Informatique.Alumni\test\Informatique.Alumni.Domain.Tests\Certificates\CertificateManagerTests.cs(323,29): error CS1061: 'CertificateManager' does not contain a definition for 'MarkAsReady' and no accessible extension method 'MarkAsReady' accepting a first argument of type 'CertificateManager' could be found (are you missing a using directive or an assembly reference?) [D:\Projects\Informatique.Alumni\test\Informatique.Alumni.Domain.Tests\Informatique.Alumni.Domain.Tests.csproj]
D:\Projects\Informatique.Alumni\test\Informatique.Alumni.Domain.Tests\Certificates\CertificateManagerTests.cs(326,33): error CS0103: The name 'CertificateStatus' does not exist in the current context [D:\Projects\Informatique.Alumni\test\Informatique.Alumni.Domain.Tests\Informatique.Alumni.Domain.Tests.csproj]
    3 Warning(s)
    38 Error(s)

Time Elapsed 00:00:10.22
