  Determining projects to restore...
  All projects are up-to-date for restore.
  Informatique.Alumni.Domain.Shared -> D:\Projects\Informatique.Alumni\src\Informatique.Alumni.Domain.Shared\bin\Debug\net10.0\Informatique.Alumni.Domain.Shared.dll
  Informatique.Alumni.TestBase -> D:\Projects\Informatique.Alumni\test\Informatique.Alumni.TestBase\bin\Debug\net10.0\Informatique.Alumni.TestBase.dll
  Informatique.Alumni.Domain -> D:\Projects\Informatique.Alumni\src\Informatique.Alumni.Domain\bin\Debug\net10.0\Informatique.Alumni.Domain.dll
  Informatique.Alumni.Application.Contracts -> D:\Projects\Informatique.Alumni\src\Informatique.Alumni.Application.Contracts\bin\Debug\net10.0\Informatique.Alumni.Application.Contracts.dll
D:\Projects\Informatique.Alumni\test\Informatique.Alumni.Domain.Tests\Certificates\CertificateManagerTests.cs(20,35): error CS7036: There is no argument given that corresponds to the required parameter 'profileRepository' of 'CertificateManager.CertificateManager(IRepository<CertificateDefinition, Guid>, IRepository<AlumniProfile, Guid>, IRepository<Branch, Guid>, MembershipManager)' [D:\Projects\Informatique.Alumni\test\Informatique.Alumni.Domain.Tests\Informatique.Alumni.Domain.Tests.csproj]
D:\Projects\Informatique.Alumni\test\Informatique.Alumni.Domain.Tests\Membership\MembershipManagerTests.cs(25,34): error CS7036: There is no argument given that corresponds to the required parameter 'profileRepository' of 'MembershipManager.MembershipManager(IRepository<SubscriptionFee, Guid>, IRepository<AssociationRequest, Guid>, IRepository<PaymentTransaction, Guid>, IRepository<AlumniProfile, Guid>, IRepository<MembershipFeeConfig, Guid>)' [D:\Projects\Informatique.Alumni\test\Informatique.Alumni.Domain.Tests\Informatique.Alumni.Domain.Tests.csproj]
D:\Projects\Informatique.Alumni\test\Informatique.Alumni.Domain.Tests\Certificates\CertificateManagerTests.cs(30,29): error CS7036: There is no argument given that corresponds to the required parameter 'fee' of 'CertificateDefinition.CertificateDefinition(Guid, string, string, decimal, DegreeType, string?, string?)' [D:\Projects\Informatique.Alumni\test\Informatique.Alumni.Domain.Tests\Informatique.Alumni.Domain.Tests.csproj]
D:\Projects\Informatique.Alumni\test\Informatique.Alumni.Domain.Tests\Certificates\CertificateManagerTests.cs(49,31): error CS7036: There is no argument given that corresponds to the required parameter 'fee' of 'CertificateDefinition.CertificateDefinition(Guid, string, string, decimal, DegreeType, string?, string?)' [D:\Projects\Informatique.Alumni\test\Informatique.Alumni.Domain.Tests\Informatique.Alumni.Domain.Tests.csproj]
D:\Projects\Informatique.Alumni\test\Informatique.Alumni.Domain.Tests\Certificates\CertificateManagerTests.cs(50,9): error CS0200: Property or indexer 'CertificateDefinition.IsActive' cannot be assigned to -- it is read only [D:\Projects\Informatique.Alumni\test\Informatique.Alumni.Domain.Tests\Informatique.Alumni.Domain.Tests.csproj]
D:\Projects\Informatique.Alumni\test\Informatique.Alumni.Domain.Tests\Certificates\CertificateManagerTests.cs(78,29): error CS7036: There is no argument given that corresponds to the required parameter 'fee' of 'CertificateDefinition.CertificateDefinition(Guid, string, string, decimal, DegreeType, string?, string?)' [D:\Projects\Informatique.Alumni\test\Informatique.Alumni.Domain.Tests\Informatique.Alumni.Domain.Tests.csproj]
D:\Projects\Informatique.Alumni\test\Informatique.Alumni.Domain.Tests\Certificates\CertificateManagerTests.cs(86,13): error CS1503: Argument 3: cannot convert from 'System.Guid' to 'System.Collections.Generic.List<Informatique.Alumni.Certificates.CreateItemInput>' [D:\Projects\Informatique.Alumni\test\Informatique.Alumni.Domain.Tests\Informatique.Alumni.Domain.Tests.csproj]
D:\Projects\Informatique.Alumni\test\Informatique.Alumni.Domain.Tests\Certificates\CertificateManagerTests.cs(87,13): error CS1503: Argument 4: cannot convert from 'string' to 'Informatique.Alumni.Certificates.DeliveryMethod' [D:\Projects\Informatique.Alumni\test\Informatique.Alumni.Domain.Tests\Informatique.Alumni.Domain.Tests.csproj]
D:\Projects\Informatique.Alumni\test\Informatique.Alumni.Domain.Tests\Certificates\CertificateManagerTests.cs(96,33): error CS0103: The name 'CertificateStatus' does not exist in the current context [D:\Projects\Informatique.Alumni\test\Informatique.Alumni.Domain.Tests\Informatique.Alumni.Domain.Tests.csproj]
D:\Projects\Informatique.Alumni\test\Informatique.Alumni.Domain.Tests\Certificates\CertificateManagerTests.cs(107,31): error CS7036: There is no argument given that corresponds to the required parameter 'fee' of 'CertificateDefinition.CertificateDefinition(Guid, string, string, decimal, DegreeType, string?, string?)' [D:\Projects\Informatique.Alumni\test\Informatique.Alumni.Domain.Tests\Informatique.Alumni.Domain.Tests.csproj]
D:\Projects\Informatique.Alumni\test\Informatique.Alumni.Domain.Tests\Certificates\CertificateManagerTests.cs(108,9): error CS0200: Property or indexer 'CertificateDefinition.IsActive' cannot be assigned to -- it is read only [D:\Projects\Informatique.Alumni\test\Informatique.Alumni.Domain.Tests\Informatique.Alumni.Domain.Tests.csproj]
D:\Projects\Informatique.Alumni\test\Informatique.Alumni.Domain.Tests\Certificates\CertificateManagerTests.cs(114,51): error CS7036: There is no argument given that corresponds to the required parameter 'deliveryMethod' of 'CertificateManager.CreateRequestAsync(Guid, Guid, List<CreateItemInput>, DeliveryMethod, Guid?, string?, string?)' [D:\Projects\Informatique.Alumni\test\Informatique.Alumni.Domain.Tests\Informatique.Alumni.Domain.Tests.csproj]
D:\Projects\Informatique.Alumni\test\Informatique.Alumni.Domain.Tests\Certificates\CertificateManagerTests.cs(128,29): error CS7036: There is no argument given that corresponds to the required parameter 'fee' of 'CertificateDefinition.CertificateDefinition(Guid, string, string, decimal, DegreeType, string?, string?)' [D:\Projects\Informatique.Alumni\test\Informatique.Alumni.Domain.Tests\Informatique.Alumni.Domain.Tests.csproj]
D:\Projects\Informatique.Alumni\test\Informatique.Alumni.Domain.Tests\Certificates\CertificateManagerTests.cs(133,49): error CS7036: There is no argument given that corresponds to the required parameter 'deliveryMethod' of 'CertificateManager.CreateRequestAsync(Guid, Guid, List<CreateItemInput>, DeliveryMethod, Guid?, string?, string?)' [D:\Projects\Informatique.Alumni\test\Informatique.Alumni.Domain.Tests\Informatique.Alumni.Domain.Tests.csproj]
D:\Projects\Informatique.Alumni\test\Informatique.Alumni.Domain.Tests\Certificates\CertificateManagerTests.cs(155,13): error CS1503: Argument 3: cannot convert from 'System.Guid' to 'Informatique.Alumni.Certificates.DeliveryMethod' [D:\Projects\Informatique.Alumni\test\Informatique.Alumni.Domain.Tests\Informatique.Alumni.Domain.Tests.csproj]
D:\Projects\Informatique.Alumni\test\Informatique.Alumni.Domain.Tests\Certificates\CertificateManagerTests.cs(156,13): error CS1503: Argument 4: cannot convert from 'string' to 'System.Guid?' [D:\Projects\Informatique.Alumni\test\Informatique.Alumni.Domain.Tests\Informatique.Alumni.Domain.Tests.csproj]
D:\Projects\Informatique.Alumni\test\Informatique.Alumni.Domain.Tests\Certificates\CertificateManagerTests.cs(160,65): error CS1503: Argument 1: cannot convert from 'Informatique.Alumni.Certificates.CertificateRequest' to 'Informatique.Alumni.Certificates.CertificateRequestItem' [D:\Projects\Informatique.Alumni\test\Informatique.Alumni.Domain.Tests\Informatique.Alumni.Domain.Tests.csproj]
D:\Projects\Informatique.Alumni\test\Informatique.Alumni.Domain.Tests\Certificates\CertificateManagerTests.cs(175,67): error CS1503: Argument 3: cannot convert from 'System.Guid' to 'Informatique.Alumni.Certificates.DeliveryMethod' [D:\Projects\Informatique.Alumni\test\Informatique.Alumni.Domain.Tests\Informatique.Alumni.Domain.Tests.csproj]
D:\Projects\Informatique.Alumni\test\Informatique.Alumni.Domain.Tests\Certificates\CertificateManagerTests.cs(175,81): error CS1503: Argument 4: cannot convert from 'string' to 'System.Guid?' [D:\Projects\Informatique.Alumni\test\Informatique.Alumni.Domain.Tests\Informatique.Alumni.Domain.Tests.csproj]
D:\Projects\Informatique.Alumni\test\Informatique.Alumni.Domain.Tests\Certificates\CertificateManagerTests.cs(178,66): error CS1503: Argument 1: cannot convert from 'Informatique.Alumni.Certificates.CertificateRequest' to 'Informatique.Alumni.Certificates.CertificateRequestItem' [D:\Projects\Informatique.Alumni\test\Informatique.Alumni.Domain.Tests\Informatique.Alumni.Domain.Tests.csproj]
D:\Projects\Informatique.Alumni\test\Informatique.Alumni.Domain.Tests\Membership\MembershipManagerTests.cs(135,35): error CS7036: There is no argument given that corresponds to the required parameter 'targetBranchId' of 'AssociationRequest.AssociationRequest(Guid, Guid, Guid, string, Guid, DateTime, DateTime, DeliveryMethod, decimal, string?)' [D:\Projects\Informatique.Alumni\test\Informatique.Alumni.Domain.Tests\Informatique.Alumni.Domain.Tests.csproj]
D:\Projects\Informatique.Alumni\test\Informatique.Alumni.Domain.Tests\Membership\MembershipManagerTests.cs(195,48): error CS7036: There is no argument given that corresponds to the required parameter 'targetBranchId' of 'MembershipManager.CreateMembershipRequestAsync(Guid, Guid, Guid, string, Guid, int, DeliveryMethod, decimal, string?)' [D:\Projects\Informatique.Alumni\test\Informatique.Alumni.Domain.Tests\Informatique.Alumni.Domain.Tests.csproj]
D:\Projects\Informatique.Alumni\test\Informatique.Alumni.Domain.Tests\Certificates\CertificateManagerTests.cs(245,13): error CS1503: Argument 3: cannot convert from 'System.Guid' to 'Informatique.Alumni.Certificates.DeliveryMethod' [D:\Projects\Informatique.Alumni\test\Informatique.Alumni.Domain.Tests\Informatique.Alumni.Domain.Tests.csproj]
D:\Projects\Informatique.Alumni\test\Informatique.Alumni.Domain.Tests\Certificates\CertificateManagerTests.cs(246,13): error CS1503: Argument 4: cannot convert from 'string' to 'System.Guid?' [D:\Projects\Informatique.Alumni\test\Informatique.Alumni.Domain.Tests\Informatique.Alumni.Domain.Tests.csproj]
D:\Projects\Informatique.Alumni\test\Informatique.Alumni.Domain.Tests\Certificates\CertificateManagerTests.cs(253,29): error CS1061: 'CertificateManager' does not contain a definition for 'MarkAsReady' and no accessible extension method 'MarkAsReady' accepting a first argument of type 'CertificateManager' could be found (are you missing a using directive or an assembly reference?) [D:\Projects\Informatique.Alumni\test\Informatique.Alumni.Domain.Tests\Informatique.Alumni.Domain.Tests.csproj]
D:\Projects\Informatique.Alumni\test\Informatique.Alumni.Domain.Tests\Certificates\CertificateManagerTests.cs(256,33): error CS0103: The name 'CertificateStatus' does not exist in the current context [D:\Projects\Informatique.Alumni\test\Informatique.Alumni.Domain.Tests\Informatique.Alumni.Domain.Tests.csproj]
D:\Projects\Informatique.Alumni\test\Informatique.Alumni.Domain.Tests\Certificates\CertificateManagerTests.cs(257,17): error CS1061: 'CertificateRequest' does not contain a definition for 'VerificationHash' and no accessible extension method 'VerificationHash' accepting a first argument of type 'CertificateRequest' could be found (are you missing a using directive or an assembly reference?) [D:\Projects\Informatique.Alumni\test\Informatique.Alumni.Domain.Tests\Informatique.Alumni.Domain.Tests.csproj]
D:\Projects\Informatique.Alumni\test\Informatique.Alumni.Domain.Tests\Certificates\CertificateManagerTests.cs(258,17): error CS1061: 'CertificateRequest' does not contain a definition for 'QrCodeContent' and no accessible extension method 'QrCodeContent' accepting a first argument of type 'CertificateRequest' could be found (are you missing a using directive or an assembly reference?) [D:\Projects\Informatique.Alumni\test\Informatique.Alumni.Domain.Tests\Informatique.Alumni.Domain.Tests.csproj]
D:\Projects\Informatique.Alumni\test\Informatique.Alumni.Domain.Tests\Certificates\CertificateManagerTests.cs(259,17): error CS1061: 'CertificateRequest' does not contain a definition for 'VerificationHash' and no accessible extension method 'VerificationHash' accepting a first argument of type 'CertificateRequest' could be found (are you missing a using directive or an assembly reference?) [D:\Projects\Informatique.Alumni\test\Informatique.Alumni.Domain.Tests\Informatique.Alumni.Domain.Tests.csproj]
D:\Projects\Informatique.Alumni\test\Informatique.Alumni.Domain.Tests\Certificates\CertificateManagerTests.cs(267,33): error CS1061: 'CertificateManager' does not contain a definition for 'MarkAsReady' and no accessible extension method 'MarkAsReady' accepting a first argument of type 'CertificateManager' could be found (are you missing a using directive or an assembly reference?) [D:\Projects\Informatique.Alumni\test\Informatique.Alumni.Domain.Tests\Informatique.Alumni.Domain.Tests.csproj]
D:\Projects\Informatique.Alumni\test\Informatique.Alumni.Domain.Tests\Membership\MembershipManagerTests.cs(220,35): error CS7036: There is no argument given that corresponds to the required parameter 'targetBranchId' of 'AssociationRequest.AssociationRequest(Guid, Guid, Guid, string, Guid, DateTime, DateTime, DeliveryMethod, decimal, string?)' [D:\Projects\Informatique.Alumni\test\Informatique.Alumni.Domain.Tests\Informatique.Alumni.Domain.Tests.csproj]
D:\Projects\Informatique.Alumni\test\Informatique.Alumni.Domain.Tests\Membership\MembershipManagerTests.cs(235,48): error CS7036: There is no argument given that corresponds to the required parameter 'targetBranchId' of 'MembershipManager.CreateMembershipRequestAsync(Guid, Guid, Guid, string, Guid, int, DeliveryMethod, decimal, string?)' [D:\Projects\Informatique.Alumni\test\Informatique.Alumni.Domain.Tests\Informatique.Alumni.Domain.Tests.csproj]
D:\Projects\Informatique.Alumni\test\Informatique.Alumni.Domain.Tests\Certificates\CertificateManagerTests.cs(278,13): error CS1503: Argument 3: cannot convert from 'System.Guid' to 'Informatique.Alumni.Certificates.DeliveryMethod' [D:\Projects\Informatique.Alumni\test\Informatique.Alumni.Domain.Tests\Informatique.Alumni.Domain.Tests.csproj]
D:\Projects\Informatique.Alumni\test\Informatique.Alumni.Domain.Tests\Certificates\CertificateManagerTests.cs(279,13): error CS1503: Argument 4: cannot convert from 'string' to 'System.Guid?' [D:\Projects\Informatique.Alumni\test\Informatique.Alumni.Domain.Tests\Informatique.Alumni.Domain.Tests.csproj]
D:\Projects\Informatique.Alumni\test\Informatique.Alumni.Domain.Tests\Certificates\CertificateManagerTests.cs(285,33): error CS1061: 'CertificateManager' does not contain a definition for 'MarkAsReady' and no accessible extension method 'MarkAsReady' accepting a first argument of type 'CertificateManager' could be found (are you missing a using directive or an assembly reference?) [D:\Projects\Informatique.Alumni\test\Informatique.Alumni.Domain.Tests\Informatique.Alumni.Domain.Tests.csproj]
D:\Projects\Informatique.Alumni\test\Informatique.Alumni.Domain.Tests\Membership\MembershipManagerTests.cs(274,50): error CS7036: There is no argument given that corresponds to the required parameter 'targetBranchId' of 'MembershipManager.CreateMembershipRequestAsync(Guid, Guid, Guid, string, Guid, int, DeliveryMethod, decimal, string?)' [D:\Projects\Informatique.Alumni\test\Informatique.Alumni.Domain.Tests\Informatique.Alumni.Domain.Tests.csproj]
D:\Projects\Informatique.Alumni\test\Informatique.Alumni.Domain.Tests\Certificates\CertificateManagerTests.cs(303,29): error CS7036: There is no argument given that corresponds to the required parameter 'fee' of 'CertificateDefinition.CertificateDefinition(Guid, string, string, decimal, DegreeType, string?, string?)' [D:\Projects\Informatique.Alumni\test\Informatique.Alumni.Domain.Tests\Informatique.Alumni.Domain.Tests.csproj]
D:\Projects\Informatique.Alumni\test\Informatique.Alumni.Domain.Tests\Certificates\CertificateManagerTests.cs(311,13): error CS1503: Argument 3: cannot convert from 'System.Guid' to 'System.Collections.Generic.List<Informatique.Alumni.Certificates.CreateItemInput>' [D:\Projects\Informatique.Alumni\test\Informatique.Alumni.Domain.Tests\Informatique.Alumni.Domain.Tests.csproj]
D:\Projects\Informatique.Alumni\test\Informatique.Alumni.Domain.Tests\Certificates\CertificateManagerTests.cs(312,13): error CS1503: Argument 4: cannot convert from 'string' to 'Informatique.Alumni.Certificates.DeliveryMethod' [D:\Projects\Informatique.Alumni\test\Informatique.Alumni.Domain.Tests\Informatique.Alumni.Domain.Tests.csproj]
D:\Projects\Informatique.Alumni\test\Informatique.Alumni.Domain.Tests\Certificates\CertificateManagerTests.cs(316,33): error CS0103: The name 'CertificateStatus' does not exist in the current context [D:\Projects\Informatique.Alumni\test\Informatique.Alumni.Domain.Tests\Informatique.Alumni.Domain.Tests.csproj]
D:\Projects\Informatique.Alumni\test\Informatique.Alumni.Domain.Tests\Certificates\CertificateManagerTests.cs(320,33): error CS0103: The name 'CertificateStatus' does not exist in the current context [D:\Projects\Informatique.Alumni\test\Informatique.Alumni.Domain.Tests\Informatique.Alumni.Domain.Tests.csproj]
D:\Projects\Informatique.Alumni\test\Informatique.Alumni.Domain.Tests\Certificates\CertificateManagerTests.cs(323,29): error CS1061: 'CertificateManager' does not contain a definition for 'MarkAsReady' and no accessible extension method 'MarkAsReady' accepting a first argument of type 'CertificateManager' could be found (are you missing a using directive or an assembly reference?) [D:\Projects\Informatique.Alumni\test\Informatique.Alumni.Domain.Tests\Informatique.Alumni.Domain.Tests.csproj]
D:\Projects\Informatique.Alumni\test\Informatique.Alumni.Domain.Tests\Certificates\CertificateManagerTests.cs(326,33): error CS0103: The name 'CertificateStatus' does not exist in the current context [D:\Projects\Informatique.Alumni\test\Informatique.Alumni.Domain.Tests\Informatique.Alumni.Domain.Tests.csproj]
D:\Projects\Informatique.Alumni\test\Informatique.Alumni.Domain.Tests\Membership\MembershipManagerTests.cs(323,27): error CS7036: There is no argument given that corresponds to the required parameter 'targetBranchId' of 'AssociationRequest.AssociationRequest(Guid, Guid, Guid, string, Guid, DateTime, DateTime, DeliveryMethod, decimal, string?)' [D:\Projects\Informatique.Alumni\test\Informatique.Alumni.Domain.Tests\Informatique.Alumni.Domain.Tests.csproj]
D:\Projects\Informatique.Alumni\test\Informatique.Alumni.Domain.Tests\Membership\MembershipManagerTests.cs(345,27): error CS7036: There is no argument given that corresponds to the required parameter 'targetBranchId' of 'AssociationRequest.AssociationRequest(Guid, Guid, Guid, string, Guid, DateTime, DateTime, DeliveryMethod, decimal, string?)' [D:\Projects\Informatique.Alumni\test\Informatique.Alumni.Domain.Tests\Informatique.Alumni.Domain.Tests.csproj]
D:\Projects\Informatique.Alumni\test\Informatique.Alumni.Domain.Tests\Membership\MembershipManagerTests.cs(371,27): error CS7036: There is no argument given that corresponds to the required parameter 'targetBranchId' of 'AssociationRequest.AssociationRequest(Guid, Guid, Guid, string, Guid, DateTime, DateTime, DeliveryMethod, decimal, string?)' [D:\Projects\Informatique.Alumni\test\Informatique.Alumni.Domain.Tests\Informatique.Alumni.Domain.Tests.csproj]
D:\Projects\Informatique.Alumni\test\Informatique.Alumni.Domain.Tests\Membership\MembershipManagerTests.cs(391,27): error CS7036: There is no argument given that corresponds to the required parameter 'targetBranchId' of 'AssociationRequest.AssociationRequest(Guid, Guid, Guid, string, Guid, DateTime, DateTime, DeliveryMethod, decimal, string?)' [D:\Projects\Informatique.Alumni\test\Informatique.Alumni.Domain.Tests\Informatique.Alumni.Domain.Tests.csproj]
D:\Projects\Informatique.Alumni\test\Informatique.Alumni.Domain.Tests\Membership\MembershipManagerTests.cs(413,27): error CS7036: There is no argument given that corresponds to the required parameter 'targetBranchId' of 'AssociationRequest.AssociationRequest(Guid, Guid, Guid, string, Guid, DateTime, DateTime, DeliveryMethod, decimal, string?)' [D:\Projects\Informatique.Alumni\test\Informatique.Alumni.Domain.Tests\Informatique.Alumni.Domain.Tests.csproj]
D:\Projects\Informatique.Alumni\test\Informatique.Alumni.Domain.Tests\Membership\MembershipManagerTests.cs(461,48): error CS7036: There is no argument given that corresponds to the required parameter 'targetBranchId' of 'MembershipManager.CreateMembershipRequestAsync(Guid, Guid, Guid, string, Guid, int, DeliveryMethod, decimal, string?)' [D:\Projects\Informatique.Alumni\test\Informatique.Alumni.Domain.Tests\Informatique.Alumni.Domain.Tests.csproj]
  Informatique.Alumni.HttpApi.Client -> D:\Projects\Informatique.Alumni\src\Informatique.Alumni.HttpApi.Client\bin\Debug\net10.0\Informatique.Alumni.HttpApi.Client.dll
  Informatique.Alumni.HttpApi -> D:\Projects\Informatique.Alumni\src\Informatique.Alumni.HttpApi\bin\Debug\net10.0\Informatique.Alumni.HttpApi.dll
  Informatique.Alumni.HttpApi.Client.ConsoleTestApp -> D:\Projects\Informatique.Alumni\test\Informatique.Alumni.HttpApi.Client.ConsoleTestApp\bin\Debug\net10.0\Informatique.Alumni.HttpApi.Client.ConsoleTestApp.dll
D:\Projects\Informatique.Alumni\src\Informatique.Alumni.Application\AlumniApplicationMappers.cs(32,5): warning RMG012: The member TargetBranchName on the mapping target type Informatique.Alumni.Certificates.CertificateRequestDto was not found on the mapping source type Informatique.Alumni.Certificates.CertificateRequest [D:\Projects\Informatique.Alumni\src\Informatique.Alumni.Application\Informatique.Alumni.Application.csproj]
D:\Projects\Informatique.Alumni\src\Informatique.Alumni.Application\AlumniApplicationMappers.cs(35,5): warning RMG012: The member CertificateDefinitionName on the mapping target type Informatique.Alumni.Certificates.CertificateRequestItemDto was not found on the mapping source type Informatique.Alumni.Certificates.CertificateRequestItem [D:\Projects\Informatique.Alumni\src\Informatique.Alumni.Application\Informatique.Alumni.Application.csproj]
D:\Projects\Informatique.Alumni\src\Informatique.Alumni.Application\AlumniApplicationMappers.cs(35,5): warning RMG012: The member QualificationName on the mapping target type Informatique.Alumni.Certificates.CertificateRequestItemDto was not found on the mapping source type Informatique.Alumni.Certificates.CertificateRequestItem [D:\Projects\Informatique.Alumni\src\Informatique.Alumni.Application\Informatique.Alumni.Application.csproj]
D:\Projects\Informatique.Alumni\src\Informatique.Alumni.Application\AlumniApplicationMappers.cs(38,5): warning RMG012: The member ChangedByUserName on the mapping target type Informatique.Alumni.Certificates.CertificateRequestHistoryDto was not found on the mapping source type Informatique.Alumni.Certificates.CertificateRequestHistory [D:\Projects\Informatique.Alumni\src\Informatique.Alumni.Application\Informatique.Alumni.Application.csproj]
D:\Projects\Informatique.Alumni\src\Informatique.Alumni.Application\AlumniApplicationMappers.cs(64,5): warning RMG012: The member Images on the mapping target type Informatique.Alumni.Gallery.GalleryAlbumDto was not found on the mapping source type Informatique.Alumni.Gallery.GalleryAlbum [D:\Projects\Informatique.Alumni\src\Informatique.Alumni.Application\Informatique.Alumni.Application.csproj]
D:\Projects\Informatique.Alumni\src\Informatique.Alumni.Application\AlumniApplicationMappers.cs(71,5): warning RMG012: The member IsActive on the mapping target type Informatique.Alumni.Health.MedicalPartner was not found on the mapping source type Informatique.Alumni.Health.CreateUpdateMedicalPartnerDto [D:\Projects\Informatique.Alumni\src\Informatique.Alumni.Application\Informatique.Alumni.Application.csproj]
D:\Projects\Informatique.Alumni\src\Informatique.Alumni.Application\AlumniApplicationMappers.cs(71,5): warning RMG012: The member IsDeleted on the mapping target type Informatique.Alumni.Health.MedicalPartner was not found on the mapping source type Informatique.Alumni.Health.CreateUpdateMedicalPartnerDto [D:\Projects\Informatique.Alumni\src\Informatique.Alumni.Application\Informatique.Alumni.Application.csproj]
D:\Projects\Informatique.Alumni\src\Informatique.Alumni.Application\AlumniApplicationMappers.cs(71,5): warning RMG012: The member DeleterId on the mapping target type Informatique.Alumni.Health.MedicalPartner was not found on the mapping source type Informatique.Alumni.Health.CreateUpdateMedicalPartnerDto [D:\Projects\Informatique.Alumni\src\Informatique.Alumni.Application\Informatique.Alumni.Application.csproj]
D:\Projects\Informatique.Alumni\src\Informatique.Alumni.Application\AlumniApplicationMappers.cs(71,5): warning RMG012: The member DeletionTime on the mapping target type Informatique.Alumni.Health.MedicalPartner was not found on the mapping source type Informatique.Alumni.Health.CreateUpdateMedicalPartnerDto [D:\Projects\Informatique.Alumni\src\Informatique.Alumni.Application\Informatique.Alumni.Application.csproj]
D:\Projects\Informatique.Alumni\src\Informatique.Alumni.Application\AlumniApplicationMappers.cs(71,5): warning RMG012: The member LastModificationTime on the mapping target type Informatique.Alumni.Health.MedicalPartner was not found on the mapping source type Informatique.Alumni.Health.CreateUpdateMedicalPartnerDto [D:\Projects\Informatique.Alumni\src\Informatique.Alumni.Application\Informatique.Alumni.Application.csproj]
D:\Projects\Informatique.Alumni\src\Informatique.Alumni.Application\AlumniApplicationMappers.cs(71,5): warning RMG012: The member LastModifierId on the mapping target type Informatique.Alumni.Health.MedicalPartner was not found on the mapping source type Informatique.Alumni.Health.CreateUpdateMedicalPartnerDto [D:\Projects\Informatique.Alumni\src\Informatique.Alumni.Application\Informatique.Alumni.Application.csproj]
D:\Projects\Informatique.Alumni\src\Informatique.Alumni.Application\AlumniApplicationMappers.cs(71,5): warning RMG012: The member CreationTime on the mapping target type Informatique.Alumni.Health.MedicalPartner was not found on the mapping source type Informatique.Alumni.Health.CreateUpdateMedicalPartnerDto [D:\Projects\Informatique.Alumni\src\Informatique.Alumni.Application\Informatique.Alumni.Application.csproj]
D:\Projects\Informatique.Alumni\src\Informatique.Alumni.Application\AlumniApplicationMappers.cs(71,5): warning RMG012: The member CreatorId on the mapping target type Informatique.Alumni.Health.MedicalPartner was not found on the mapping source type Informatique.Alumni.Health.CreateUpdateMedicalPartnerDto [D:\Projects\Informatique.Alumni\src\Informatique.Alumni.Application\Informatique.Alumni.Application.csproj]
D:\Projects\Informatique.Alumni\src\Informatique.Alumni.Application\AlumniApplicationMappers.cs(71,5): warning RMG012: The member ConcurrencyStamp on the mapping target type Informatique.Alumni.Health.MedicalPartner was not found on the mapping source type Informatique.Alumni.Health.CreateUpdateMedicalPartnerDto [D:\Projects\Informatique.Alumni\src\Informatique.Alumni.Application\Informatique.Alumni.Application.csproj]
D:\Projects\Informatique.Alumni\src\Informatique.Alumni.Application\AlumniApplicationMappers.cs(72,5): warning RMG012: The member IsActive on the mapping target type Informatique.Alumni.Health.MedicalOffer was not found on the mapping source type Informatique.Alumni.Health.CreateUpdateMedicalOfferDto [D:\Projects\Informatique.Alumni\src\Informatique.Alumni.Application\Informatique.Alumni.Application.csproj]
D:\Projects\Informatique.Alumni\src\Informatique.Alumni.Application\AlumniApplicationMappers.cs(72,5): warning RMG012: The member IsDeleted on the mapping target type Informatique.Alumni.Health.MedicalOffer was not found on the mapping source type Informatique.Alumni.Health.CreateUpdateMedicalOfferDto [D:\Projects\Informatique.Alumni\src\Informatique.Alumni.Application\Informatique.Alumni.Application.csproj]
D:\Projects\Informatique.Alumni\src\Informatique.Alumni.Application\AlumniApplicationMappers.cs(72,5): warning RMG012: The member DeleterId on the mapping target type Informatique.Alumni.Health.MedicalOffer was not found on the mapping source type Informatique.Alumni.Health.CreateUpdateMedicalOfferDto [D:\Projects\Informatique.Alumni\src\Informatique.Alumni.Application\Informatique.Alumni.Application.csproj]
D:\Projects\Informatique.Alumni\src\Informatique.Alumni.Application\AlumniApplicationMappers.cs(72,5): warning RMG012: The member DeletionTime on the mapping target type Informatique.Alumni.Health.MedicalOffer was not found on the mapping source type Informatique.Alumni.Health.CreateUpdateMedicalOfferDto [D:\Projects\Informatique.Alumni\src\Informatique.Alumni.Application\Informatique.Alumni.Application.csproj]
D:\Projects\Informatique.Alumni\src\Informatique.Alumni.Application\AlumniApplicationMappers.cs(72,5): warning RMG012: The member LastModificationTime on the mapping target type Informatique.Alumni.Health.MedicalOffer was not found on the mapping source type Informatique.Alumni.Health.CreateUpdateMedicalOfferDto [D:\Projects\Informatique.Alumni\src\Informatique.Alumni.Application\Informatique.Alumni.Application.csproj]
D:\Projects\Informatique.Alumni\src\Informatique.Alumni.Application\AlumniApplicationMappers.cs(72,5): warning RMG012: The member LastModifierId on the mapping target type Informatique.Alumni.Health.MedicalOffer was not found on the mapping source type Informatique.Alumni.Health.CreateUpdateMedicalOfferDto [D:\Projects\Informatique.Alumni\src\Informatique.Alumni.Application\Informatique.Alumni.Application.csproj]
D:\Projects\Informatique.Alumni\src\Informatique.Alumni.Application\AlumniApplicationMappers.cs(89,5): warning RMG012: The member AdvisorId on the mapping target type Informatique.Alumni.Guidance.GuidanceSessionRuleDto was not found on the mapping source type Informatique.Alumni.Guidance.GuidanceSessionRule [D:\Projects\Informatique.Alumni\src\Informatique.Alumni.Application\Informatique.Alumni.Application.csproj]
D:\Projects\Informatique.Alumni\src\Informatique.Alumni.Application\AlumniApplicationMappers.cs(89,5): warning RMG012: The member DayOfWeek on the mapping target type Informatique.Alumni.Guidance.GuidanceSessionRuleDto was not found on the mapping source type Informatique.Alumni.Guidance.GuidanceSessionRule [D:\Projects\Informatique.Alumni\src\Informatique.Alumni.Application\Informatique.Alumni.Application.csproj]
D:\Projects\Informatique.Alumni\src\Informatique.Alumni.Application\AlumniApplicationMappers.cs(89,5): warning RMG012: The member IsActive on the mapping target type Informatique.Alumni.Guidance.GuidanceSessionRuleDto was not found on the mapping source type Informatique.Alumni.Guidance.GuidanceSessionRule [D:\Projects\Informatique.Alumni\src\Informatique.Alumni.Application\Informatique.Alumni.Application.csproj]
D:\Projects\Informatique.Alumni\src\Informatique.Alumni.Application\AlumniApplicationMappers.cs(96,5): warning RMG012: The member IsDeleted on the mapping target type Informatique.Alumni.Benefits.AcademicGrant was not found on the mapping source type Informatique.Alumni.Benefits.CreateUpdateAcademicGrantDto [D:\Projects\Informatique.Alumni\src\Informatique.Alumni.Application\Informatique.Alumni.Application.csproj]
D:\Projects\Informatique.Alumni\src\Informatique.Alumni.Application\AlumniApplicationMappers.cs(96,5): warning RMG012: The member DeleterId on the mapping target type Informatique.Alumni.Benefits.AcademicGrant was not found on the mapping source type Informatique.Alumni.Benefits.CreateUpdateAcademicGrantDto [D:\Projects\Informatique.Alumni\src\Informatique.Alumni.Application\Informatique.Alumni.Application.csproj]
D:\Projects\Informatique.Alumni\src\Informatique.Alumni.Application\AlumniApplicationMappers.cs(96,5): warning RMG012: The member DeletionTime on the mapping target type Informatique.Alumni.Benefits.AcademicGrant was not found on the mapping source type Informatique.Alumni.Benefits.CreateUpdateAcademicGrantDto [D:\Projects\Informatique.Alumni\src\Informatique.Alumni.Application\Informatique.Alumni.Application.csproj]
D:\Projects\Informatique.Alumni\src\Informatique.Alumni.Application\AlumniApplicationMappers.cs(96,5): warning RMG012: The member LastModificationTime on the mapping target type Informatique.Alumni.Benefits.AcademicGrant was not found on the mapping source type Informatique.Alumni.Benefits.CreateUpdateAcademicGrantDto [D:\Projects\Informatique.Alumni\src\Informatique.Alumni.Application\Informatique.Alumni.Application.csproj]
D:\Projects\Informatique.Alumni\src\Informatique.Alumni.Application\AlumniApplicationMappers.cs(96,5): warning RMG012: The member LastModifierId on the mapping target type Informatique.Alumni.Benefits.AcademicGrant was not found on the mapping source type Informatique.Alumni.Benefits.CreateUpdateAcademicGrantDto [D:\Projects\Informatique.Alumni\src\Informatique.Alumni.Application\Informatique.Alumni.Application.csproj]
D:\Projects\Informatique.Alumni\src\Informatique.Alumni.Application\AlumniApplicationMappers.cs(96,5): warning RMG012: The member CreationTime on the mapping target type Informatique.Alumni.Benefits.AcademicGrant was not found on the mapping source type Informatique.Alumni.Benefits.CreateUpdateAcademicGrantDto [D:\Projects\Informatique.Alumni\src\Informatique.Alumni.Application\Informatique.Alumni.Application.csproj]
D:\Projects\Informatique.Alumni\src\Informatique.Alumni.Application\AlumniApplicationMappers.cs(96,5): warning RMG012: The member CreatorId on the mapping target type Informatique.Alumni.Benefits.AcademicGrant was not found on the mapping source type Informatique.Alumni.Benefits.CreateUpdateAcademicGrantDto [D:\Projects\Informatique.Alumni\src\Informatique.Alumni.Application\Informatique.Alumni.Application.csproj]
D:\Projects\Informatique.Alumni\src\Informatique.Alumni.Application\AlumniApplicationMappers.cs(96,5): warning RMG012: The member ConcurrencyStamp on the mapping target type Informatique.Alumni.Benefits.AcademicGrant was not found on the mapping source type Informatique.Alumni.Benefits.CreateUpdateAcademicGrantDto [D:\Projects\Informatique.Alumni\src\Informatique.Alumni.Application\Informatique.Alumni.Application.csproj]
D:\Projects\Informatique.Alumni\src\Informatique.Alumni.Application\AlumniApplicationMappers.cs(98,5): warning RMG012: The member ValidUntil on the mapping target type Informatique.Alumni.Benefits.AcademicDiscountDto was not found on the mapping source type Informatique.Alumni.Benefits.AcademicDiscount [D:\Projects\Informatique.Alumni\src\Informatique.Alumni.Application\Informatique.Alumni.Application.csproj]
D:\Projects\Informatique.Alumni\src\Informatique.Alumni.Application\AlumniApplicationMappers.cs(103,5): warning RMG012: The member IsDeleted on the mapping target type Informatique.Alumni.Benefits.CommercialDiscount was not found on the mapping source type Informatique.Alumni.Benefits.CreateUpdateCommercialDiscountDto [D:\Projects\Informatique.Alumni\src\Informatique.Alumni.Application\Informatique.Alumni.Application.csproj]
D:\Projects\Informatique.Alumni\src\Informatique.Alumni.Application\AlumniApplicationMappers.cs(103,5): warning RMG012: The member DeleterId on the mapping target type Informatique.Alumni.Benefits.CommercialDiscount was not found on the mapping source type Informatique.Alumni.Benefits.CreateUpdateCommercialDiscountDto [D:\Projects\Informatique.Alumni\src\Informatique.Alumni.Application\Informatique.Alumni.Application.csproj]
D:\Projects\Informatique.Alumni\src\Informatique.Alumni.Application\AlumniApplicationMappers.cs(103,5): warning RMG012: The member DeletionTime on the mapping target type Informatique.Alumni.Benefits.CommercialDiscount was not found on the mapping source type Informatique.Alumni.Benefits.CreateUpdateCommercialDiscountDto [D:\Projects\Informatique.Alumni\src\Informatique.Alumni.Application\Informatique.Alumni.Application.csproj]
D:\Projects\Informatique.Alumni\src\Informatique.Alumni.Application\AlumniApplicationMappers.cs(103,5): warning RMG012: The member LastModificationTime on the mapping target type Informatique.Alumni.Benefits.CommercialDiscount was not found on the mapping source type Informatique.Alumni.Benefits.CreateUpdateCommercialDiscountDto [D:\Projects\Informatique.Alumni\src\Informatique.Alumni.Application\Informatique.Alumni.Application.csproj]
D:\Projects\Informatique.Alumni\src\Informatique.Alumni.Application\AlumniApplicationMappers.cs(103,5): warning RMG012: The member LastModifierId on the mapping target type Informatique.Alumni.Benefits.CommercialDiscount was not found on the mapping source type Informatique.Alumni.Benefits.CreateUpdateCommercialDiscountDto [D:\Projects\Informatique.Alumni\src\Informatique.Alumni.Application\Informatique.Alumni.Application.csproj]
D:\Projects\Informatique.Alumni\src\Informatique.Alumni.Application\AlumniApplicationMappers.cs(103,5): warning RMG012: The member CreationTime on the mapping target type Informatique.Alumni.Benefits.CommercialDiscount was not found on the mapping source type Informatique.Alumni.Benefits.CreateUpdateCommercialDiscountDto [D:\Projects\Informatique.Alumni\src\Informatique.Alumni.Application\Informatique.Alumni.Application.csproj]
D:\Projects\Informatique.Alumni\src\Informatique.Alumni.Application\AlumniApplicationMappers.cs(103,5): warning RMG012: The member CreatorId on the mapping target type Informatique.Alumni.Benefits.CommercialDiscount was not found on the mapping source type Informatique.Alumni.Benefits.CreateUpdateCommercialDiscountDto [D:\Projects\Informatique.Alumni\src\Informatique.Alumni.Application\Informatique.Alumni.Application.csproj]
D:\Projects\Informatique.Alumni\src\Informatique.Alumni.Application\AlumniApplicationMappers.cs(103,5): warning RMG012: The member ConcurrencyStamp on the mapping target type Informatique.Alumni.Benefits.CommercialDiscount was not found on the mapping source type Informatique.Alumni.Benefits.CreateUpdateCommercialDiscountDto [D:\Projects\Informatique.Alumni\src\Informatique.Alumni.Application\Informatique.Alumni.Application.csproj]
D:\Projects\Informatique.Alumni\src\Informatique.Alumni.Application\AlumniApplicationMappers.cs(108,5): warning RMG012: The member SubscribedCount on the mapping target type Informatique.Alumni.Career.CareerServiceDto was not found on the mapping source type Informatique.Alumni.Career.CareerService [D:\Projects\Informatique.Alumni\src\Informatique.Alumni.Application\Informatique.Alumni.Application.csproj]
D:\Projects\Informatique.Alumni\src\Informatique.Alumni.Application\AlumniApplicationMappers.cs(139,5): warning RMG012: The member QrCodeUrl on the mapping target type Informatique.Alumni.Events.AlumniEventRegistrationDto was not found on the mapping source type Informatique.Alumni.Events.AlumniEventRegistration [D:\Projects\Informatique.Alumni\src\Informatique.Alumni.Application\Informatique.Alumni.Application.csproj]
D:\Projects\Informatique.Alumni\src\Informatique.Alumni.Application\AlumniApplicationMappers.cs(144,5): warning RMG012: The member ConcurrencyStamp on the mapping target type Informatique.Alumni.Events.Company was not found on the mapping source type Informatique.Alumni.Events.CompanyDto [D:\Projects\Informatique.Alumni\src\Informatique.Alumni.Application\Informatique.Alumni.Application.csproj]
D:\Projects\Informatique.Alumni\src\Informatique.Alumni.Application\AlumniApplicationMappers.cs(149,5): warning RMG012: The member ConcurrencyStamp on the mapping target type Informatique.Alumni.Career.CurriculumVitae was not found on the mapping source type Informatique.Alumni.Career.CurriculumVitaeDto [D:\Projects\Informatique.Alumni\src\Informatique.Alumni.Application\Informatique.Alumni.Application.csproj]
D:\Projects\Informatique.Alumni\src\Informatique.Alumni.Application\AlumniApplicationMappers.cs(149,5): warning RMG012: The member CurriculumVitaeId on the mapping target type Informatique.Alumni.Career.CvEducation was not found on the mapping source type Informatique.Alumni.Career.CvEducationDto [D:\Projects\Informatique.Alumni\src\Informatique.Alumni.Application\Informatique.Alumni.Application.csproj]
D:\Projects\Informatique.Alumni\src\Informatique.Alumni.Application\AlumniApplicationMappers.cs(149,5): warning RMG012: The member CurriculumVitaeId on the mapping target type Informatique.Alumni.Career.CvExperience was not found on the mapping source type Informatique.Alumni.Career.CvExperienceDto [D:\Projects\Informatique.Alumni\src\Informatique.Alumni.Application\Informatique.Alumni.Application.csproj]
D:\Projects\Informatique.Alumni\src\Informatique.Alumni.Application\AlumniApplicationMappers.cs(149,5): warning RMG012: The member CurriculumVitaeId on the mapping target type Informatique.Alumni.Career.CvSkill was not found on the mapping source type Informatique.Alumni.Career.CvSkillDto [D:\Projects\Informatique.Alumni\src\Informatique.Alumni.Application\Informatique.Alumni.Application.csproj]
D:\Projects\Informatique.Alumni\src\Informatique.Alumni.Application\AlumniApplicationMappers.cs(149,5): warning RMG012: The member CurriculumVitaeId on the mapping target type Informatique.Alumni.Career.CvLanguage was not found on the mapping source type Informatique.Alumni.Career.CvLanguageDto [D:\Projects\Informatique.Alumni\src\Informatique.Alumni.Application\Informatique.Alumni.Application.csproj]
D:\Projects\Informatique.Alumni\src\Informatique.Alumni.Application\AlumniApplicationMappers.cs(149,5): warning RMG012: The member CurriculumVitaeId on the mapping target type Informatique.Alumni.Career.CvCertification was not found on the mapping source type Informatique.Alumni.Career.CvCertificationDto [D:\Projects\Informatique.Alumni\src\Informatique.Alumni.Application\Informatique.Alumni.Application.csproj]
D:\Projects\Informatique.Alumni\src\Informatique.Alumni.Application\AlumniApplicationMappers.cs(149,5): warning RMG012: The member CurriculumVitaeId on the mapping target type Informatique.Alumni.Career.CvProject was not found on the mapping source type Informatique.Alumni.Career.CvProjectDto [D:\Projects\Informatique.Alumni\src\Informatique.Alumni.Application\Informatique.Alumni.Application.csproj]
D:\Projects\Informatique.Alumni\src\Informatique.Alumni.Application\AlumniApplicationMappers.cs(149,5): warning RMG012: The member CurriculumVitaeId on the mapping target type Informatique.Alumni.Career.CvAward was not found on the mapping source type Informatique.Alumni.Career.CvAwardDto [D:\Projects\Informatique.Alumni\src\Informatique.Alumni.Application\Informatique.Alumni.Application.csproj]
D:\Projects\Informatique.Alumni\src\Informatique.Alumni.Application\AlumniApplicationMappers.cs(149,5): warning RMG012: The member CurriculumVitaeId on the mapping target type Informatique.Alumni.Career.CvVolunteerWork was not found on the mapping source type Informatique.Alumni.Career.CvVolunteerWorkDto [D:\Projects\Informatique.Alumni\src\Informatique.Alumni.Application\Informatique.Alumni.Application.csproj]
D:\Projects\Informatique.Alumni\src\Informatique.Alumni.Application\AlumniApplicationMappers.cs(149,5): warning RMG012: The member CurriculumVitaeId on the mapping target type Informatique.Alumni.Career.CvReference was not found on the mapping source type Informatique.Alumni.Career.CvReferenceDto [D:\Projects\Informatique.Alumni\src\Informatique.Alumni.Application\Informatique.Alumni.Application.csproj]
D:\Projects\Informatique.Alumni\src\Informatique.Alumni.Application\AlumniApplicationMappers.cs(149,5): warning RMG012: The member CurriculumVitaeId on the mapping target type Informatique.Alumni.Career.CvPublication was not found on the mapping source type Informatique.Alumni.Career.CvPublicationDto [D:\Projects\Informatique.Alumni\src\Informatique.Alumni.Application\Informatique.Alumni.Application.csproj]
D:\Projects\Informatique.Alumni\src\Informatique.Alumni.Application\AlumniApplicationMappers.cs(149,5): warning RMG012: The member CurriculumVitaeId on the mapping target type Informatique.Alumni.Career.CvInterest was not found on the mapping source type Informatique.Alumni.Career.CvInterestDto [D:\Projects\Informatique.Alumni\src\Informatique.Alumni.Application\Informatique.Alumni.Application.csproj]
D:\Projects\Informatique.Alumni\src\Informatique.Alumni.Application\AlumniApplicationMappers.cs(149,5): warning RMG012: The member CurriculumVitaeId on the mapping target type Informatique.Alumni.Career.CvSocialLink was not found on the mapping source type Informatique.Alumni.Career.CvSocialLinkDto [D:\Projects\Informatique.Alumni\src\Informatique.Alumni.Application\Informatique.Alumni.Application.csproj]
D:\Projects\Informatique.Alumni\src\Informatique.Alumni.Application\AlumniApplicationMappers.cs(149,5): warning RMG012: The member CurriculumVitaeId on the mapping target type Informatique.Alumni.Career.CvCourse was not found on the mapping source type Informatique.Alumni.Career.CvCourseDto [D:\Projects\Informatique.Alumni\src\Informatique.Alumni.Application\Informatique.Alumni.Application.csproj]
D:\Projects\Informatique.Alumni\src\Informatique.Alumni.Application\AlumniApplicationMappers.cs(149,5): warning RMG012: The member CurriculumVitaeId on the mapping target type Informatique.Alumni.Career.CvPracticalTraining was not found on the mapping source type Informatique.Alumni.Career.CvPracticalTrainingDto [D:\Projects\Informatique.Alumni\src\Informatique.Alumni.Application\Informatique.Alumni.Application.csproj]
D:\Projects\Informatique.Alumni\src\Informatique.Alumni.Application\Membership\MembershipAppService.cs(14,38): error CS0234: The type or namespace name 'Dtos' does not exist in the namespace 'Informatique.Alumni.Membership' (are you missing an assembly reference?) [D:\Projects\Informatique.Alumni\src\Informatique.Alumni.Application\Informatique.Alumni.Application.csproj]
D:\Projects\Informatique.Alumni\src\Informatique.Alumni.Application\Membership\MembershipAppService.cs(47,45): error CS0117: 'AlumniPermissions.Membership' does not contain a definition for 'Configure' [D:\Projects\Informatique.Alumni\src\Informatique.Alumni.Application\Informatique.Alumni.Application.csproj]
D:\Projects\Informatique.Alumni\src\Informatique.Alumni.Application\Membership\MembershipAppService.cs(27,22): error CS0246: The type or namespace name 'IBlobContainer<>' could not be found (are you missing a using directive or an assembly reference?) [D:\Projects\Informatique.Alumni\src\Informatique.Alumni.Application\Informatique.Alumni.Application.csproj]
D:\Projects\Informatique.Alumni\src\Informatique.Alumni.Application\Membership\MembershipAppService.cs(36,9): error CS0246: The type or namespace name 'IBlobContainer<>' could not be found (are you missing a using directive or an assembly reference?) [D:\Projects\Informatique.Alumni\src\Informatique.Alumni.Application\Informatique.Alumni.Application.csproj]
D:\Projects\Informatique.Alumni\src\Informatique.Alumni.EntityFrameworkCore\Magazine\EfCorePostRepository.cs(66,63): warning CS8629: Nullable value type may be null. [D:\Projects\Informatique.Alumni\src\Informatique.Alumni.EntityFrameworkCore\Informatique.Alumni.EntityFrameworkCore.csproj]
D:\Projects\Informatique.Alumni\src\Informatique.Alumni.EntityFrameworkCore\Magazine\EfCorePostRepository.cs(67,63): warning CS8629: Nullable value type may be null. [D:\Projects\Informatique.Alumni\src\Informatique.Alumni.EntityFrameworkCore\Informatique.Alumni.EntityFrameworkCore.csproj]
D:\Projects\Informatique.Alumni\src\Informatique.Alumni.EntityFrameworkCore\Magazine\EfCorePostRepository.cs(68,66): warning CS8629: Nullable value type may be null. [D:\Projects\Informatique.Alumni\src\Informatique.Alumni.EntityFrameworkCore\Informatique.Alumni.EntityFrameworkCore.csproj]
  Informatique.Alumni.EntityFrameworkCore -> D:\Projects\Informatique.Alumni\src\Informatique.Alumni.EntityFrameworkCore\bin\Debug\net10.0\Informatique.Alumni.EntityFrameworkCore.dll
  Informatique.Alumni.DbMigrator -> D:\Projects\Informatique.Alumni\src\Informatique.Alumni.DbMigrator\bin\Debug\net10.0\Informatique.Alumni.DbMigrator.dll

Build FAILED.

D:\Projects\Informatique.Alumni\src\Informatique.Alumni.Application\AlumniApplicationMappers.cs(32,5): warning RMG012: The member TargetBranchName on the mapping target type Informatique.Alumni.Certificates.CertificateRequestDto was not found on the mapping source type Informatique.Alumni.Certificates.CertificateRequest [D:\Projects\Informatique.Alumni\src\Informatique.Alumni.Application\Informatique.Alumni.Application.csproj]
D:\Projects\Informatique.Alumni\src\Informatique.Alumni.Application\AlumniApplicationMappers.cs(35,5): warning RMG012: The member CertificateDefinitionName on the mapping target type Informatique.Alumni.Certificates.CertificateRequestItemDto was not found on the mapping source type Informatique.Alumni.Certificates.CertificateRequestItem [D:\Projects\Informatique.Alumni\src\Informatique.Alumni.Application\Informatique.Alumni.Application.csproj]
D:\Projects\Informatique.Alumni\src\Informatique.Alumni.Application\AlumniApplicationMappers.cs(35,5): warning RMG012: The member QualificationName on the mapping target type Informatique.Alumni.Certificates.CertificateRequestItemDto was not found on the mapping source type Informatique.Alumni.Certificates.CertificateRequestItem [D:\Projects\Informatique.Alumni\src\Informatique.Alumni.Application\Informatique.Alumni.Application.csproj]
D:\Projects\Informatique.Alumni\src\Informatique.Alumni.Application\AlumniApplicationMappers.cs(38,5): warning RMG012: The member ChangedByUserName on the mapping target type Informatique.Alumni.Certificates.CertificateRequestHistoryDto was not found on the mapping source type Informatique.Alumni.Certificates.CertificateRequestHistory [D:\Projects\Informatique.Alumni\src\Informatique.Alumni.Application\Informatique.Alumni.Application.csproj]
D:\Projects\Informatique.Alumni\src\Informatique.Alumni.Application\AlumniApplicationMappers.cs(64,5): warning RMG012: The member Images on the mapping target type Informatique.Alumni.Gallery.GalleryAlbumDto was not found on the mapping source type Informatique.Alumni.Gallery.GalleryAlbum [D:\Projects\Informatique.Alumni\src\Informatique.Alumni.Application\Informatique.Alumni.Application.csproj]
D:\Projects\Informatique.Alumni\src\Informatique.Alumni.Application\AlumniApplicationMappers.cs(71,5): warning RMG012: The member IsActive on the mapping target type Informatique.Alumni.Health.MedicalPartner was not found on the mapping source type Informatique.Alumni.Health.CreateUpdateMedicalPartnerDto [D:\Projects\Informatique.Alumni\src\Informatique.Alumni.Application\Informatique.Alumni.Application.csproj]
D:\Projects\Informatique.Alumni\src\Informatique.Alumni.Application\AlumniApplicationMappers.cs(71,5): warning RMG012: The member IsDeleted on the mapping target type Informatique.Alumni.Health.MedicalPartner was not found on the mapping source type Informatique.Alumni.Health.CreateUpdateMedicalPartnerDto [D:\Projects\Informatique.Alumni\src\Informatique.Alumni.Application\Informatique.Alumni.Application.csproj]
D:\Projects\Informatique.Alumni\src\Informatique.Alumni.Application\AlumniApplicationMappers.cs(71,5): warning RMG012: The member DeleterId on the mapping target type Informatique.Alumni.Health.MedicalPartner was not found on the mapping source type Informatique.Alumni.Health.CreateUpdateMedicalPartnerDto [D:\Projects\Informatique.Alumni\src\Informatique.Alumni.Application\Informatique.Alumni.Application.csproj]
D:\Projects\Informatique.Alumni\src\Informatique.Alumni.Application\AlumniApplicationMappers.cs(71,5): warning RMG012: The member DeletionTime on the mapping target type Informatique.Alumni.Health.MedicalPartner was not found on the mapping source type Informatique.Alumni.Health.CreateUpdateMedicalPartnerDto [D:\Projects\Informatique.Alumni\src\Informatique.Alumni.Application\Informatique.Alumni.Application.csproj]
D:\Projects\Informatique.Alumni\src\Informatique.Alumni.Application\AlumniApplicationMappers.cs(71,5): warning RMG012: The member LastModificationTime on the mapping target type Informatique.Alumni.Health.MedicalPartner was not found on the mapping source type Informatique.Alumni.Health.CreateUpdateMedicalPartnerDto [D:\Projects\Informatique.Alumni\src\Informatique.Alumni.Application\Informatique.Alumni.Application.csproj]
D:\Projects\Informatique.Alumni\src\Informatique.Alumni.Application\AlumniApplicationMappers.cs(71,5): warning RMG012: The member LastModifierId on the mapping target type Informatique.Alumni.Health.MedicalPartner was not found on the mapping source type Informatique.Alumni.Health.CreateUpdateMedicalPartnerDto [D:\Projects\Informatique.Alumni\src\Informatique.Alumni.Application\Informatique.Alumni.Application.csproj]
D:\Projects\Informatique.Alumni\src\Informatique.Alumni.Application\AlumniApplicationMappers.cs(71,5): warning RMG012: The member CreationTime on the mapping target type Informatique.Alumni.Health.MedicalPartner was not found on the mapping source type Informatique.Alumni.Health.CreateUpdateMedicalPartnerDto [D:\Projects\Informatique.Alumni\src\Informatique.Alumni.Application\Informatique.Alumni.Application.csproj]
D:\Projects\Informatique.Alumni\src\Informatique.Alumni.Application\AlumniApplicationMappers.cs(71,5): warning RMG012: The member CreatorId on the mapping target type Informatique.Alumni.Health.MedicalPartner was not found on the mapping source type Informatique.Alumni.Health.CreateUpdateMedicalPartnerDto [D:\Projects\Informatique.Alumni\src\Informatique.Alumni.Application\Informatique.Alumni.Application.csproj]
D:\Projects\Informatique.Alumni\src\Informatique.Alumni.Application\AlumniApplicationMappers.cs(71,5): warning RMG012: The member ConcurrencyStamp on the mapping target type Informatique.Alumni.Health.MedicalPartner was not found on the mapping source type Informatique.Alumni.Health.CreateUpdateMedicalPartnerDto [D:\Projects\Informatique.Alumni\src\Informatique.Alumni.Application\Informatique.Alumni.Application.csproj]
D:\Projects\Informatique.Alumni\src\Informatique.Alumni.Application\AlumniApplicationMappers.cs(72,5): warning RMG012: The member IsActive on the mapping target type Informatique.Alumni.Health.MedicalOffer was not found on the mapping source type Informatique.Alumni.Health.CreateUpdateMedicalOfferDto [D:\Projects\Informatique.Alumni\src\Informatique.Alumni.Application\Informatique.Alumni.Application.csproj]
D:\Projects\Informatique.Alumni\src\Informatique.Alumni.Application\AlumniApplicationMappers.cs(72,5): warning RMG012: The member IsDeleted on the mapping target type Informatique.Alumni.Health.MedicalOffer was not found on the mapping source type Informatique.Alumni.Health.CreateUpdateMedicalOfferDto [D:\Projects\Informatique.Alumni\src\Informatique.Alumni.Application\Informatique.Alumni.Application.csproj]
D:\Projects\Informatique.Alumni\src\Informatique.Alumni.Application\AlumniApplicationMappers.cs(72,5): warning RMG012: The member DeleterId on the mapping target type Informatique.Alumni.Health.MedicalOffer was not found on the mapping source type Informatique.Alumni.Health.CreateUpdateMedicalOfferDto [D:\Projects\Informatique.Alumni\src\Informatique.Alumni.Application\Informatique.Alumni.Application.csproj]
D:\Projects\Informatique.Alumni\src\Informatique.Alumni.Application\AlumniApplicationMappers.cs(72,5): warning RMG012: The member DeletionTime on the mapping target type Informatique.Alumni.Health.MedicalOffer was not found on the mapping source type Informatique.Alumni.Health.CreateUpdateMedicalOfferDto [D:\Projects\Informatique.Alumni\src\Informatique.Alumni.Application\Informatique.Alumni.Application.csproj]
D:\Projects\Informatique.Alumni\src\Informatique.Alumni.Application\AlumniApplicationMappers.cs(72,5): warning RMG012: The member LastModificationTime on the mapping target type Informatique.Alumni.Health.MedicalOffer was not found on the mapping source type Informatique.Alumni.Health.CreateUpdateMedicalOfferDto [D:\Projects\Informatique.Alumni\src\Informatique.Alumni.Application\Informatique.Alumni.Application.csproj]
D:\Projects\Informatique.Alumni\src\Informatique.Alumni.Application\AlumniApplicationMappers.cs(72,5): warning RMG012: The member LastModifierId on the mapping target type Informatique.Alumni.Health.MedicalOffer was not found on the mapping source type Informatique.Alumni.Health.CreateUpdateMedicalOfferDto [D:\Projects\Informatique.Alumni\src\Informatique.Alumni.Application\Informatique.Alumni.Application.csproj]
D:\Projects\Informatique.Alumni\src\Informatique.Alumni.Application\AlumniApplicationMappers.cs(89,5): warning RMG012: The member AdvisorId on the mapping target type Informatique.Alumni.Guidance.GuidanceSessionRuleDto was not found on the mapping source type Informatique.Alumni.Guidance.GuidanceSessionRule [D:\Projects\Informatique.Alumni\src\Informatique.Alumni.Application\Informatique.Alumni.Application.csproj]
D:\Projects\Informatique.Alumni\src\Informatique.Alumni.Application\AlumniApplicationMappers.cs(89,5): warning RMG012: The member DayOfWeek on the mapping target type Informatique.Alumni.Guidance.GuidanceSessionRuleDto was not found on the mapping source type Informatique.Alumni.Guidance.GuidanceSessionRule [D:\Projects\Informatique.Alumni\src\Informatique.Alumni.Application\Informatique.Alumni.Application.csproj]
D:\Projects\Informatique.Alumni\src\Informatique.Alumni.Application\AlumniApplicationMappers.cs(89,5): warning RMG012: The member IsActive on the mapping target type Informatique.Alumni.Guidance.GuidanceSessionRuleDto was not found on the mapping source type Informatique.Alumni.Guidance.GuidanceSessionRule [D:\Projects\Informatique.Alumni\src\Informatique.Alumni.Application\Informatique.Alumni.Application.csproj]
D:\Projects\Informatique.Alumni\src\Informatique.Alumni.Application\AlumniApplicationMappers.cs(96,5): warning RMG012: The member IsDeleted on the mapping target type Informatique.Alumni.Benefits.AcademicGrant was not found on the mapping source type Informatique.Alumni.Benefits.CreateUpdateAcademicGrantDto [D:\Projects\Informatique.Alumni\src\Informatique.Alumni.Application\Informatique.Alumni.Application.csproj]
D:\Projects\Informatique.Alumni\src\Informatique.Alumni.Application\AlumniApplicationMappers.cs(96,5): warning RMG012: The member DeleterId on the mapping target type Informatique.Alumni.Benefits.AcademicGrant was not found on the mapping source type Informatique.Alumni.Benefits.CreateUpdateAcademicGrantDto [D:\Projects\Informatique.Alumni\src\Informatique.Alumni.Application\Informatique.Alumni.Application.csproj]
D:\Projects\Informatique.Alumni\src\Informatique.Alumni.Application\AlumniApplicationMappers.cs(96,5): warning RMG012: The member DeletionTime on the mapping target type Informatique.Alumni.Benefits.AcademicGrant was not found on the mapping source type Informatique.Alumni.Benefits.CreateUpdateAcademicGrantDto [D:\Projects\Informatique.Alumni\src\Informatique.Alumni.Application\Informatique.Alumni.Application.csproj]
D:\Projects\Informatique.Alumni\src\Informatique.Alumni.Application\AlumniApplicationMappers.cs(96,5): warning RMG012: The member LastModificationTime on the mapping target type Informatique.Alumni.Benefits.AcademicGrant was not found on the mapping source type Informatique.Alumni.Benefits.CreateUpdateAcademicGrantDto [D:\Projects\Informatique.Alumni\src\Informatique.Alumni.Application\Informatique.Alumni.Application.csproj]
D:\Projects\Informatique.Alumni\src\Informatique.Alumni.Application\AlumniApplicationMappers.cs(96,5): warning RMG012: The member LastModifierId on the mapping target type Informatique.Alumni.Benefits.AcademicGrant was not found on the mapping source type Informatique.Alumni.Benefits.CreateUpdateAcademicGrantDto [D:\Projects\Informatique.Alumni\src\Informatique.Alumni.Application\Informatique.Alumni.Application.csproj]
D:\Projects\Informatique.Alumni\src\Informatique.Alumni.Application\AlumniApplicationMappers.cs(96,5): warning RMG012: The member CreationTime on the mapping target type Informatique.Alumni.Benefits.AcademicGrant was not found on the mapping source type Informatique.Alumni.Benefits.CreateUpdateAcademicGrantDto [D:\Projects\Informatique.Alumni\src\Informatique.Alumni.Application\Informatique.Alumni.Application.csproj]
D:\Projects\Informatique.Alumni\src\Informatique.Alumni.Application\AlumniApplicationMappers.cs(96,5): warning RMG012: The member CreatorId on the mapping target type Informatique.Alumni.Benefits.AcademicGrant was not found on the mapping source type Informatique.Alumni.Benefits.CreateUpdateAcademicGrantDto [D:\Projects\Informatique.Alumni\src\Informatique.Alumni.Application\Informatique.Alumni.Application.csproj]
D:\Projects\Informatique.Alumni\src\Informatique.Alumni.Application\AlumniApplicationMappers.cs(96,5): warning RMG012: The member ConcurrencyStamp on the mapping target type Informatique.Alumni.Benefits.AcademicGrant was not found on the mapping source type Informatique.Alumni.Benefits.CreateUpdateAcademicGrantDto [D:\Projects\Informatique.Alumni\src\Informatique.Alumni.Application\Informatique.Alumni.Application.csproj]
D:\Projects\Informatique.Alumni\src\Informatique.Alumni.Application\AlumniApplicationMappers.cs(98,5): warning RMG012: The member ValidUntil on the mapping target type Informatique.Alumni.Benefits.AcademicDiscountDto was not found on the mapping source type Informatique.Alumni.Benefits.AcademicDiscount [D:\Projects\Informatique.Alumni\src\Informatique.Alumni.Application\Informatique.Alumni.Application.csproj]
D:\Projects\Informatique.Alumni\src\Informatique.Alumni.Application\AlumniApplicationMappers.cs(103,5): warning RMG012: The member IsDeleted on the mapping target type Informatique.Alumni.Benefits.CommercialDiscount was not found on the mapping source type Informatique.Alumni.Benefits.CreateUpdateCommercialDiscountDto [D:\Projects\Informatique.Alumni\src\Informatique.Alumni.Application\Informatique.Alumni.Application.csproj]
D:\Projects\Informatique.Alumni\src\Informatique.Alumni.Application\AlumniApplicationMappers.cs(103,5): warning RMG012: The member DeleterId on the mapping target type Informatique.Alumni.Benefits.CommercialDiscount was not found on the mapping source type Informatique.Alumni.Benefits.CreateUpdateCommercialDiscountDto [D:\Projects\Informatique.Alumni\src\Informatique.Alumni.Application\Informatique.Alumni.Application.csproj]
D:\Projects\Informatique.Alumni\src\Informatique.Alumni.Application\AlumniApplicationMappers.cs(103,5): warning RMG012: The member DeletionTime on the mapping target type Informatique.Alumni.Benefits.CommercialDiscount was not found on the mapping source type Informatique.Alumni.Benefits.CreateUpdateCommercialDiscountDto [D:\Projects\Informatique.Alumni\src\Informatique.Alumni.Application\Informatique.Alumni.Application.csproj]
D:\Projects\Informatique.Alumni\src\Informatique.Alumni.Application\AlumniApplicationMappers.cs(103,5): warning RMG012: The member LastModificationTime on the mapping target type Informatique.Alumni.Benefits.CommercialDiscount was not found on the mapping source type Informatique.Alumni.Benefits.CreateUpdateCommercialDiscountDto [D:\Projects\Informatique.Alumni\src\Informatique.Alumni.Application\Informatique.Alumni.Application.csproj]
D:\Projects\Informatique.Alumni\src\Informatique.Alumni.Application\AlumniApplicationMappers.cs(103,5): warning RMG012: The member LastModifierId on the mapping target type Informatique.Alumni.Benefits.CommercialDiscount was not found on the mapping source type Informatique.Alumni.Benefits.CreateUpdateCommercialDiscountDto [D:\Projects\Informatique.Alumni\src\Informatique.Alumni.Application\Informatique.Alumni.Application.csproj]
D:\Projects\Informatique.Alumni\src\Informatique.Alumni.Application\AlumniApplicationMappers.cs(103,5): warning RMG012: The member CreationTime on the mapping target type Informatique.Alumni.Benefits.CommercialDiscount was not found on the mapping source type Informatique.Alumni.Benefits.CreateUpdateCommercialDiscountDto [D:\Projects\Informatique.Alumni\src\Informatique.Alumni.Application\Informatique.Alumni.Application.csproj]
D:\Projects\Informatique.Alumni\src\Informatique.Alumni.Application\AlumniApplicationMappers.cs(103,5): warning RMG012: The member CreatorId on the mapping target type Informatique.Alumni.Benefits.CommercialDiscount was not found on the mapping source type Informatique.Alumni.Benefits.CreateUpdateCommercialDiscountDto [D:\Projects\Informatique.Alumni\src\Informatique.Alumni.Application\Informatique.Alumni.Application.csproj]
D:\Projects\Informatique.Alumni\src\Informatique.Alumni.Application\AlumniApplicationMappers.cs(103,5): warning RMG012: The member ConcurrencyStamp on the mapping target type Informatique.Alumni.Benefits.CommercialDiscount was not found on the mapping source type Informatique.Alumni.Benefits.CreateUpdateCommercialDiscountDto [D:\Projects\Informatique.Alumni\src\Informatique.Alumni.Application\Informatique.Alumni.Application.csproj]
D:\Projects\Informatique.Alumni\src\Informatique.Alumni.Application\AlumniApplicationMappers.cs(108,5): warning RMG012: The member SubscribedCount on the mapping target type Informatique.Alumni.Career.CareerServiceDto was not found on the mapping source type Informatique.Alumni.Career.CareerService [D:\Projects\Informatique.Alumni\src\Informatique.Alumni.Application\Informatique.Alumni.Application.csproj]
D:\Projects\Informatique.Alumni\src\Informatique.Alumni.Application\AlumniApplicationMappers.cs(139,5): warning RMG012: The member QrCodeUrl on the mapping target type Informatique.Alumni.Events.AlumniEventRegistrationDto was not found on the mapping source type Informatique.Alumni.Events.AlumniEventRegistration [D:\Projects\Informatique.Alumni\src\Informatique.Alumni.Application\Informatique.Alumni.Application.csproj]
D:\Projects\Informatique.Alumni\src\Informatique.Alumni.Application\AlumniApplicationMappers.cs(144,5): warning RMG012: The member ConcurrencyStamp on the mapping target type Informatique.Alumni.Events.Company was not found on the mapping source type Informatique.Alumni.Events.CompanyDto [D:\Projects\Informatique.Alumni\src\Informatique.Alumni.Application\Informatique.Alumni.Application.csproj]
D:\Projects\Informatique.Alumni\src\Informatique.Alumni.Application\AlumniApplicationMappers.cs(149,5): warning RMG012: The member ConcurrencyStamp on the mapping target type Informatique.Alumni.Career.CurriculumVitae was not found on the mapping source type Informatique.Alumni.Career.CurriculumVitaeDto [D:\Projects\Informatique.Alumni\src\Informatique.Alumni.Application\Informatique.Alumni.Application.csproj]
D:\Projects\Informatique.Alumni\src\Informatique.Alumni.Application\AlumniApplicationMappers.cs(149,5): warning RMG012: The member CurriculumVitaeId on the mapping target type Informatique.Alumni.Career.CvEducation was not found on the mapping source type Informatique.Alumni.Career.CvEducationDto [D:\Projects\Informatique.Alumni\src\Informatique.Alumni.Application\Informatique.Alumni.Application.csproj]
D:\Projects\Informatique.Alumni\src\Informatique.Alumni.Application\AlumniApplicationMappers.cs(149,5): warning RMG012: The member CurriculumVitaeId on the mapping target type Informatique.Alumni.Career.CvExperience was not found on the mapping source type Informatique.Alumni.Career.CvExperienceDto [D:\Projects\Informatique.Alumni\src\Informatique.Alumni.Application\Informatique.Alumni.Application.csproj]
D:\Projects\Informatique.Alumni\src\Informatique.Alumni.Application\AlumniApplicationMappers.cs(149,5): warning RMG012: The member CurriculumVitaeId on the mapping target type Informatique.Alumni.Career.CvSkill was not found on the mapping source type Informatique.Alumni.Career.CvSkillDto [D:\Projects\Informatique.Alumni\src\Informatique.Alumni.Application\Informatique.Alumni.Application.csproj]
D:\Projects\Informatique.Alumni\src\Informatique.Alumni.Application\AlumniApplicationMappers.cs(149,5): warning RMG012: The member CurriculumVitaeId on the mapping target type Informatique.Alumni.Career.CvLanguage was not found on the mapping source type Informatique.Alumni.Career.CvLanguageDto [D:\Projects\Informatique.Alumni\src\Informatique.Alumni.Application\Informatique.Alumni.Application.csproj]
D:\Projects\Informatique.Alumni\src\Informatique.Alumni.Application\AlumniApplicationMappers.cs(149,5): warning RMG012: The member CurriculumVitaeId on the mapping target type Informatique.Alumni.Career.CvCertification was not found on the mapping source type Informatique.Alumni.Career.CvCertificationDto [D:\Projects\Informatique.Alumni\src\Informatique.Alumni.Application\Informatique.Alumni.Application.csproj]
D:\Projects\Informatique.Alumni\src\Informatique.Alumni.Application\AlumniApplicationMappers.cs(149,5): warning RMG012: The member CurriculumVitaeId on the mapping target type Informatique.Alumni.Career.CvProject was not found on the mapping source type Informatique.Alumni.Career.CvProjectDto [D:\Projects\Informatique.Alumni\src\Informatique.Alumni.Application\Informatique.Alumni.Application.csproj]
D:\Projects\Informatique.Alumni\src\Informatique.Alumni.Application\AlumniApplicationMappers.cs(149,5): warning RMG012: The member CurriculumVitaeId on the mapping target type Informatique.Alumni.Career.CvAward was not found on the mapping source type Informatique.Alumni.Career.CvAwardDto [D:\Projects\Informatique.Alumni\src\Informatique.Alumni.Application\Informatique.Alumni.Application.csproj]
D:\Projects\Informatique.Alumni\src\Informatique.Alumni.Application\AlumniApplicationMappers.cs(149,5): warning RMG012: The member CurriculumVitaeId on the mapping target type Informatique.Alumni.Career.CvVolunteerWork was not found on the mapping source type Informatique.Alumni.Career.CvVolunteerWorkDto [D:\Projects\Informatique.Alumni\src\Informatique.Alumni.Application\Informatique.Alumni.Application.csproj]
D:\Projects\Informatique.Alumni\src\Informatique.Alumni.Application\AlumniApplicationMappers.cs(149,5): warning RMG012: The member CurriculumVitaeId on the mapping target type Informatique.Alumni.Career.CvReference was not found on the mapping source type Informatique.Alumni.Career.CvReferenceDto [D:\Projects\Informatique.Alumni\src\Informatique.Alumni.Application\Informatique.Alumni.Application.csproj]
D:\Projects\Informatique.Alumni\src\Informatique.Alumni.Application\AlumniApplicationMappers.cs(149,5): warning RMG012: The member CurriculumVitaeId on the mapping target type Informatique.Alumni.Career.CvPublication was not found on the mapping source type Informatique.Alumni.Career.CvPublicationDto [D:\Projects\Informatique.Alumni\src\Informatique.Alumni.Application\Informatique.Alumni.Application.csproj]
D:\Projects\Informatique.Alumni\src\Informatique.Alumni.Application\AlumniApplicationMappers.cs(149,5): warning RMG012: The member CurriculumVitaeId on the mapping target type Informatique.Alumni.Career.CvInterest was not found on the mapping source type Informatique.Alumni.Career.CvInterestDto [D:\Projects\Informatique.Alumni\src\Informatique.Alumni.Application\Informatique.Alumni.Application.csproj]
D:\Projects\Informatique.Alumni\src\Informatique.Alumni.Application\AlumniApplicationMappers.cs(149,5): warning RMG012: The member CurriculumVitaeId on the mapping target type Informatique.Alumni.Career.CvSocialLink was not found on the mapping source type Informatique.Alumni.Career.CvSocialLinkDto [D:\Projects\Informatique.Alumni\src\Informatique.Alumni.Application\Informatique.Alumni.Application.csproj]
D:\Projects\Informatique.Alumni\src\Informatique.Alumni.Application\AlumniApplicationMappers.cs(149,5): warning RMG012: The member CurriculumVitaeId on the mapping target type Informatique.Alumni.Career.CvCourse was not found on the mapping source type Informatique.Alumni.Career.CvCourseDto [D:\Projects\Informatique.Alumni\src\Informatique.Alumni.Application\Informatique.Alumni.Application.csproj]
D:\Projects\Informatique.Alumni\src\Informatique.Alumni.Application\AlumniApplicationMappers.cs(149,5): warning RMG012: The member CurriculumVitaeId on the mapping target type Informatique.Alumni.Career.CvPracticalTraining was not found on the mapping source type Informatique.Alumni.Career.CvPracticalTrainingDto [D:\Projects\Informatique.Alumni\src\Informatique.Alumni.Application\Informatique.Alumni.Application.csproj]
D:\Projects\Informatique.Alumni\src\Informatique.Alumni.EntityFrameworkCore\Magazine\EfCorePostRepository.cs(66,63): warning CS8629: Nullable value type may be null. [D:\Projects\Informatique.Alumni\src\Informatique.Alumni.EntityFrameworkCore\Informatique.Alumni.EntityFrameworkCore.csproj]
D:\Projects\Informatique.Alumni\src\Informatique.Alumni.EntityFrameworkCore\Magazine\EfCorePostRepository.cs(67,63): warning CS8629: Nullable value type may be null. [D:\Projects\Informatique.Alumni\src\Informatique.Alumni.EntityFrameworkCore\Informatique.Alumni.EntityFrameworkCore.csproj]
D:\Projects\Informatique.Alumni\src\Informatique.Alumni.EntityFrameworkCore\Magazine\EfCorePostRepository.cs(68,66): warning CS8629: Nullable value type may be null. [D:\Projects\Informatique.Alumni\src\Informatique.Alumni.EntityFrameworkCore\Informatique.Alumni.EntityFrameworkCore.csproj]
D:\Projects\Informatique.Alumni\test\Informatique.Alumni.Domain.Tests\Certificates\CertificateManagerTests.cs(20,35): error CS7036: There is no argument given that corresponds to the required parameter 'profileRepository' of 'CertificateManager.CertificateManager(IRepository<CertificateDefinition, Guid>, IRepository<AlumniProfile, Guid>, IRepository<Branch, Guid>, MembershipManager)' [D:\Projects\Informatique.Alumni\test\Informatique.Alumni.Domain.Tests\Informatique.Alumni.Domain.Tests.csproj]
D:\Projects\Informatique.Alumni\test\Informatique.Alumni.Domain.Tests\Membership\MembershipManagerTests.cs(25,34): error CS7036: There is no argument given that corresponds to the required parameter 'profileRepository' of 'MembershipManager.MembershipManager(IRepository<SubscriptionFee, Guid>, IRepository<AssociationRequest, Guid>, IRepository<PaymentTransaction, Guid>, IRepository<AlumniProfile, Guid>, IRepository<MembershipFeeConfig, Guid>)' [D:\Projects\Informatique.Alumni\test\Informatique.Alumni.Domain.Tests\Informatique.Alumni.Domain.Tests.csproj]
D:\Projects\Informatique.Alumni\test\Informatique.Alumni.Domain.Tests\Certificates\CertificateManagerTests.cs(30,29): error CS7036: There is no argument given that corresponds to the required parameter 'fee' of 'CertificateDefinition.CertificateDefinition(Guid, string, string, decimal, DegreeType, string?, string?)' [D:\Projects\Informatique.Alumni\test\Informatique.Alumni.Domain.Tests\Informatique.Alumni.Domain.Tests.csproj]
D:\Projects\Informatique.Alumni\test\Informatique.Alumni.Domain.Tests\Certificates\CertificateManagerTests.cs(49,31): error CS7036: There is no argument given that corresponds to the required parameter 'fee' of 'CertificateDefinition.CertificateDefinition(Guid, string, string, decimal, DegreeType, string?, string?)' [D:\Projects\Informatique.Alumni\test\Informatique.Alumni.Domain.Tests\Informatique.Alumni.Domain.Tests.csproj]
D:\Projects\Informatique.Alumni\test\Informatique.Alumni.Domain.Tests\Certificates\CertificateManagerTests.cs(50,9): error CS0200: Property or indexer 'CertificateDefinition.IsActive' cannot be assigned to -- it is read only [D:\Projects\Informatique.Alumni\test\Informatique.Alumni.Domain.Tests\Informatique.Alumni.Domain.Tests.csproj]
D:\Projects\Informatique.Alumni\test\Informatique.Alumni.Domain.Tests\Certificates\CertificateManagerTests.cs(78,29): error CS7036: There is no argument given that corresponds to the required parameter 'fee' of 'CertificateDefinition.CertificateDefinition(Guid, string, string, decimal, DegreeType, string?, string?)' [D:\Projects\Informatique.Alumni\test\Informatique.Alumni.Domain.Tests\Informatique.Alumni.Domain.Tests.csproj]
D:\Projects\Informatique.Alumni\test\Informatique.Alumni.Domain.Tests\Certificates\CertificateManagerTests.cs(86,13): error CS1503: Argument 3: cannot convert from 'System.Guid' to 'System.Collections.Generic.List<Informatique.Alumni.Certificates.CreateItemInput>' [D:\Projects\Informatique.Alumni\test\Informatique.Alumni.Domain.Tests\Informatique.Alumni.Domain.Tests.csproj]
D:\Projects\Informatique.Alumni\test\Informatique.Alumni.Domain.Tests\Certificates\CertificateManagerTests.cs(87,13): error CS1503: Argument 4: cannot convert from 'string' to 'Informatique.Alumni.Certificates.DeliveryMethod' [D:\Projects\Informatique.Alumni\test\Informatique.Alumni.Domain.Tests\Informatique.Alumni.Domain.Tests.csproj]
D:\Projects\Informatique.Alumni\test\Informatique.Alumni.Domain.Tests\Certificates\CertificateManagerTests.cs(96,33): error CS0103: The name 'CertificateStatus' does not exist in the current context [D:\Projects\Informatique.Alumni\test\Informatique.Alumni.Domain.Tests\Informatique.Alumni.Domain.Tests.csproj]
D:\Projects\Informatique.Alumni\test\Informatique.Alumni.Domain.Tests\Certificates\CertificateManagerTests.cs(107,31): error CS7036: There is no argument given that corresponds to the required parameter 'fee' of 'CertificateDefinition.CertificateDefinition(Guid, string, string, decimal, DegreeType, string?, string?)' [D:\Projects\Informatique.Alumni\test\Informatique.Alumni.Domain.Tests\Informatique.Alumni.Domain.Tests.csproj]
D:\Projects\Informatique.Alumni\test\Informatique.Alumni.Domain.Tests\Certificates\CertificateManagerTests.cs(108,9): error CS0200: Property or indexer 'CertificateDefinition.IsActive' cannot be assigned to -- it is read only [D:\Projects\Informatique.Alumni\test\Informatique.Alumni.Domain.Tests\Informatique.Alumni.Domain.Tests.csproj]
D:\Projects\Informatique.Alumni\test\Informatique.Alumni.Domain.Tests\Certificates\CertificateManagerTests.cs(114,51): error CS7036: There is no argument given that corresponds to the required parameter 'deliveryMethod' of 'CertificateManager.CreateRequestAsync(Guid, Guid, List<CreateItemInput>, DeliveryMethod, Guid?, string?, string?)' [D:\Projects\Informatique.Alumni\test\Informatique.Alumni.Domain.Tests\Informatique.Alumni.Domain.Tests.csproj]
D:\Projects\Informatique.Alumni\test\Informatique.Alumni.Domain.Tests\Certificates\CertificateManagerTests.cs(128,29): error CS7036: There is no argument given that corresponds to the required parameter 'fee' of 'CertificateDefinition.CertificateDefinition(Guid, string, string, decimal, DegreeType, string?, string?)' [D:\Projects\Informatique.Alumni\test\Informatique.Alumni.Domain.Tests\Informatique.Alumni.Domain.Tests.csproj]
D:\Projects\Informatique.Alumni\test\Informatique.Alumni.Domain.Tests\Certificates\CertificateManagerTests.cs(133,49): error CS7036: There is no argument given that corresponds to the required parameter 'deliveryMethod' of 'CertificateManager.CreateRequestAsync(Guid, Guid, List<CreateItemInput>, DeliveryMethod, Guid?, string?, string?)' [D:\Projects\Informatique.Alumni\test\Informatique.Alumni.Domain.Tests\Informatique.Alumni.Domain.Tests.csproj]
D:\Projects\Informatique.Alumni\test\Informatique.Alumni.Domain.Tests\Certificates\CertificateManagerTests.cs(155,13): error CS1503: Argument 3: cannot convert from 'System.Guid' to 'Informatique.Alumni.Certificates.DeliveryMethod' [D:\Projects\Informatique.Alumni\test\Informatique.Alumni.Domain.Tests\Informatique.Alumni.Domain.Tests.csproj]
D:\Projects\Informatique.Alumni\test\Informatique.Alumni.Domain.Tests\Certificates\CertificateManagerTests.cs(156,13): error CS1503: Argument 4: cannot convert from 'string' to 'System.Guid?' [D:\Projects\Informatique.Alumni\test\Informatique.Alumni.Domain.Tests\Informatique.Alumni.Domain.Tests.csproj]
D:\Projects\Informatique.Alumni\test\Informatique.Alumni.Domain.Tests\Certificates\CertificateManagerTests.cs(160,65): error CS1503: Argument 1: cannot convert from 'Informatique.Alumni.Certificates.CertificateRequest' to 'Informatique.Alumni.Certificates.CertificateRequestItem' [D:\Projects\Informatique.Alumni\test\Informatique.Alumni.Domain.Tests\Informatique.Alumni.Domain.Tests.csproj]
D:\Projects\Informatique.Alumni\test\Informatique.Alumni.Domain.Tests\Certificates\CertificateManagerTests.cs(175,67): error CS1503: Argument 3: cannot convert from 'System.Guid' to 'Informatique.Alumni.Certificates.DeliveryMethod' [D:\Projects\Informatique.Alumni\test\Informatique.Alumni.Domain.Tests\Informatique.Alumni.Domain.Tests.csproj]
D:\Projects\Informatique.Alumni\test\Informatique.Alumni.Domain.Tests\Certificates\CertificateManagerTests.cs(175,81): error CS1503: Argument 4: cannot convert from 'string' to 'System.Guid?' [D:\Projects\Informatique.Alumni\test\Informatique.Alumni.Domain.Tests\Informatique.Alumni.Domain.Tests.csproj]
D:\Projects\Informatique.Alumni\test\Informatique.Alumni.Domain.Tests\Certificates\CertificateManagerTests.cs(178,66): error CS1503: Argument 1: cannot convert from 'Informatique.Alumni.Certificates.CertificateRequest' to 'Informatique.Alumni.Certificates.CertificateRequestItem' [D:\Projects\Informatique.Alumni\test\Informatique.Alumni.Domain.Tests\Informatique.Alumni.Domain.Tests.csproj]
D:\Projects\Informatique.Alumni\test\Informatique.Alumni.Domain.Tests\Membership\MembershipManagerTests.cs(135,35): error CS7036: There is no argument given that corresponds to the required parameter 'targetBranchId' of 'AssociationRequest.AssociationRequest(Guid, Guid, Guid, string, Guid, DateTime, DateTime, DeliveryMethod, decimal, string?)' [D:\Projects\Informatique.Alumni\test\Informatique.Alumni.Domain.Tests\Informatique.Alumni.Domain.Tests.csproj]
D:\Projects\Informatique.Alumni\test\Informatique.Alumni.Domain.Tests\Membership\MembershipManagerTests.cs(195,48): error CS7036: There is no argument given that corresponds to the required parameter 'targetBranchId' of 'MembershipManager.CreateMembershipRequestAsync(Guid, Guid, Guid, string, Guid, int, DeliveryMethod, decimal, string?)' [D:\Projects\Informatique.Alumni\test\Informatique.Alumni.Domain.Tests\Informatique.Alumni.Domain.Tests.csproj]
D:\Projects\Informatique.Alumni\test\Informatique.Alumni.Domain.Tests\Certificates\CertificateManagerTests.cs(245,13): error CS1503: Argument 3: cannot convert from 'System.Guid' to 'Informatique.Alumni.Certificates.DeliveryMethod' [D:\Projects\Informatique.Alumni\test\Informatique.Alumni.Domain.Tests\Informatique.Alumni.Domain.Tests.csproj]
D:\Projects\Informatique.Alumni\test\Informatique.Alumni.Domain.Tests\Certificates\CertificateManagerTests.cs(246,13): error CS1503: Argument 4: cannot convert from 'string' to 'System.Guid?' [D:\Projects\Informatique.Alumni\test\Informatique.Alumni.Domain.Tests\Informatique.Alumni.Domain.Tests.csproj]
D:\Projects\Informatique.Alumni\test\Informatique.Alumni.Domain.Tests\Certificates\CertificateManagerTests.cs(253,29): error CS1061: 'CertificateManager' does not contain a definition for 'MarkAsReady' and no accessible extension method 'MarkAsReady' accepting a first argument of type 'CertificateManager' could be found (are you missing a using directive or an assembly reference?) [D:\Projects\Informatique.Alumni\test\Informatique.Alumni.Domain.Tests\Informatique.Alumni.Domain.Tests.csproj]
D:\Projects\Informatique.Alumni\test\Informatique.Alumni.Domain.Tests\Certificates\CertificateManagerTests.cs(256,33): error CS0103: The name 'CertificateStatus' does not exist in the current context [D:\Projects\Informatique.Alumni\test\Informatique.Alumni.Domain.Tests\Informatique.Alumni.Domain.Tests.csproj]
D:\Projects\Informatique.Alumni\test\Informatique.Alumni.Domain.Tests\Certificates\CertificateManagerTests.cs(257,17): error CS1061: 'CertificateRequest' does not contain a definition for 'VerificationHash' and no accessible extension method 'VerificationHash' accepting a first argument of type 'CertificateRequest' could be found (are you missing a using directive or an assembly reference?) [D:\Projects\Informatique.Alumni\test\Informatique.Alumni.Domain.Tests\Informatique.Alumni.Domain.Tests.csproj]
D:\Projects\Informatique.Alumni\test\Informatique.Alumni.Domain.Tests\Certificates\CertificateManagerTests.cs(258,17): error CS1061: 'CertificateRequest' does not contain a definition for 'QrCodeContent' and no accessible extension method 'QrCodeContent' accepting a first argument of type 'CertificateRequest' could be found (are you missing a using directive or an assembly reference?) [D:\Projects\Informatique.Alumni\test\Informatique.Alumni.Domain.Tests\Informatique.Alumni.Domain.Tests.csproj]
D:\Projects\Informatique.Alumni\test\Informatique.Alumni.Domain.Tests\Certificates\CertificateManagerTests.cs(259,17): error CS1061: 'CertificateRequest' does not contain a definition for 'VerificationHash' and no accessible extension method 'VerificationHash' accepting a first argument of type 'CertificateRequest' could be found (are you missing a using directive or an assembly reference?) [D:\Projects\Informatique.Alumni\test\Informatique.Alumni.Domain.Tests\Informatique.Alumni.Domain.Tests.csproj]
D:\Projects\Informatique.Alumni\test\Informatique.Alumni.Domain.Tests\Certificates\CertificateManagerTests.cs(267,33): error CS1061: 'CertificateManager' does not contain a definition for 'MarkAsReady' and no accessible extension method 'MarkAsReady' accepting a first argument of type 'CertificateManager' could be found (are you missing a using directive or an assembly reference?) [D:\Projects\Informatique.Alumni\test\Informatique.Alumni.Domain.Tests\Informatique.Alumni.Domain.Tests.csproj]
D:\Projects\Informatique.Alumni\test\Informatique.Alumni.Domain.Tests\Membership\MembershipManagerTests.cs(220,35): error CS7036: There is no argument given that corresponds to the required parameter 'targetBranchId' of 'AssociationRequest.AssociationRequest(Guid, Guid, Guid, string, Guid, DateTime, DateTime, DeliveryMethod, decimal, string?)' [D:\Projects\Informatique.Alumni\test\Informatique.Alumni.Domain.Tests\Informatique.Alumni.Domain.Tests.csproj]
D:\Projects\Informatique.Alumni\test\Informatique.Alumni.Domain.Tests\Membership\MembershipManagerTests.cs(235,48): error CS7036: There is no argument given that corresponds to the required parameter 'targetBranchId' of 'MembershipManager.CreateMembershipRequestAsync(Guid, Guid, Guid, string, Guid, int, DeliveryMethod, decimal, string?)' [D:\Projects\Informatique.Alumni\test\Informatique.Alumni.Domain.Tests\Informatique.Alumni.Domain.Tests.csproj]
D:\Projects\Informatique.Alumni\test\Informatique.Alumni.Domain.Tests\Certificates\CertificateManagerTests.cs(278,13): error CS1503: Argument 3: cannot convert from 'System.Guid' to 'Informatique.Alumni.Certificates.DeliveryMethod' [D:\Projects\Informatique.Alumni\test\Informatique.Alumni.Domain.Tests\Informatique.Alumni.Domain.Tests.csproj]
D:\Projects\Informatique.Alumni\test\Informatique.Alumni.Domain.Tests\Certificates\CertificateManagerTests.cs(279,13): error CS1503: Argument 4: cannot convert from 'string' to 'System.Guid?' [D:\Projects\Informatique.Alumni\test\Informatique.Alumni.Domain.Tests\Informatique.Alumni.Domain.Tests.csproj]
D:\Projects\Informatique.Alumni\test\Informatique.Alumni.Domain.Tests\Certificates\CertificateManagerTests.cs(285,33): error CS1061: 'CertificateManager' does not contain a definition for 'MarkAsReady' and no accessible extension method 'MarkAsReady' accepting a first argument of type 'CertificateManager' could be found (are you missing a using directive or an assembly reference?) [D:\Projects\Informatique.Alumni\test\Informatique.Alumni.Domain.Tests\Informatique.Alumni.Domain.Tests.csproj]
D:\Projects\Informatique.Alumni\test\Informatique.Alumni.Domain.Tests\Membership\MembershipManagerTests.cs(274,50): error CS7036: There is no argument given that corresponds to the required parameter 'targetBranchId' of 'MembershipManager.CreateMembershipRequestAsync(Guid, Guid, Guid, string, Guid, int, DeliveryMethod, decimal, string?)' [D:\Projects\Informatique.Alumni\test\Informatique.Alumni.Domain.Tests\Informatique.Alumni.Domain.Tests.csproj]
D:\Projects\Informatique.Alumni\test\Informatique.Alumni.Domain.Tests\Certificates\CertificateManagerTests.cs(303,29): error CS7036: There is no argument given that corresponds to the required parameter 'fee' of 'CertificateDefinition.CertificateDefinition(Guid, string, string, decimal, DegreeType, string?, string?)' [D:\Projects\Informatique.Alumni\test\Informatique.Alumni.Domain.Tests\Informatique.Alumni.Domain.Tests.csproj]
D:\Projects\Informatique.Alumni\test\Informatique.Alumni.Domain.Tests\Certificates\CertificateManagerTests.cs(311,13): error CS1503: Argument 3: cannot convert from 'System.Guid' to 'System.Collections.Generic.List<Informatique.Alumni.Certificates.CreateItemInput>' [D:\Projects\Informatique.Alumni\test\Informatique.Alumni.Domain.Tests\Informatique.Alumni.Domain.Tests.csproj]
D:\Projects\Informatique.Alumni\test\Informatique.Alumni.Domain.Tests\Certificates\CertificateManagerTests.cs(312,13): error CS1503: Argument 4: cannot convert from 'string' to 'Informatique.Alumni.Certificates.DeliveryMethod' [D:\Projects\Informatique.Alumni\test\Informatique.Alumni.Domain.Tests\Informatique.Alumni.Domain.Tests.csproj]
D:\Projects\Informatique.Alumni\test\Informatique.Alumni.Domain.Tests\Certificates\CertificateManagerTests.cs(316,33): error CS0103: The name 'CertificateStatus' does not exist in the current context [D:\Projects\Informatique.Alumni\test\Informatique.Alumni.Domain.Tests\Informatique.Alumni.Domain.Tests.csproj]
D:\Projects\Informatique.Alumni\test\Informatique.Alumni.Domain.Tests\Certificates\CertificateManagerTests.cs(320,33): error CS0103: The name 'CertificateStatus' does not exist in the current context [D:\Projects\Informatique.Alumni\test\Informatique.Alumni.Domain.Tests\Informatique.Alumni.Domain.Tests.csproj]
D:\Projects\Informatique.Alumni\test\Informatique.Alumni.Domain.Tests\Certificates\CertificateManagerTests.cs(323,29): error CS1061: 'CertificateManager' does not contain a definition for 'MarkAsReady' and no accessible extension method 'MarkAsReady' accepting a first argument of type 'CertificateManager' could be found (are you missing a using directive or an assembly reference?) [D:\Projects\Informatique.Alumni\test\Informatique.Alumni.Domain.Tests\Informatique.Alumni.Domain.Tests.csproj]
D:\Projects\Informatique.Alumni\test\Informatique.Alumni.Domain.Tests\Certificates\CertificateManagerTests.cs(326,33): error CS0103: The name 'CertificateStatus' does not exist in the current context [D:\Projects\Informatique.Alumni\test\Informatique.Alumni.Domain.Tests\Informatique.Alumni.Domain.Tests.csproj]
D:\Projects\Informatique.Alumni\test\Informatique.Alumni.Domain.Tests\Membership\MembershipManagerTests.cs(323,27): error CS7036: There is no argument given that corresponds to the required parameter 'targetBranchId' of 'AssociationRequest.AssociationRequest(Guid, Guid, Guid, string, Guid, DateTime, DateTime, DeliveryMethod, decimal, string?)' [D:\Projects\Informatique.Alumni\test\Informatique.Alumni.Domain.Tests\Informatique.Alumni.Domain.Tests.csproj]
D:\Projects\Informatique.Alumni\test\Informatique.Alumni.Domain.Tests\Membership\MembershipManagerTests.cs(345,27): error CS7036: There is no argument given that corresponds to the required parameter 'targetBranchId' of 'AssociationRequest.AssociationRequest(Guid, Guid, Guid, string, Guid, DateTime, DateTime, DeliveryMethod, decimal, string?)' [D:\Projects\Informatique.Alumni\test\Informatique.Alumni.Domain.Tests\Informatique.Alumni.Domain.Tests.csproj]
D:\Projects\Informatique.Alumni\test\Informatique.Alumni.Domain.Tests\Membership\MembershipManagerTests.cs(371,27): error CS7036: There is no argument given that corresponds to the required parameter 'targetBranchId' of 'AssociationRequest.AssociationRequest(Guid, Guid, Guid, string, Guid, DateTime, DateTime, DeliveryMethod, decimal, string?)' [D:\Projects\Informatique.Alumni\test\Informatique.Alumni.Domain.Tests\Informatique.Alumni.Domain.Tests.csproj]
D:\Projects\Informatique.Alumni\test\Informatique.Alumni.Domain.Tests\Membership\MembershipManagerTests.cs(391,27): error CS7036: There is no argument given that corresponds to the required parameter 'targetBranchId' of 'AssociationRequest.AssociationRequest(Guid, Guid, Guid, string, Guid, DateTime, DateTime, DeliveryMethod, decimal, string?)' [D:\Projects\Informatique.Alumni\test\Informatique.Alumni.Domain.Tests\Informatique.Alumni.Domain.Tests.csproj]
D:\Projects\Informatique.Alumni\test\Informatique.Alumni.Domain.Tests\Membership\MembershipManagerTests.cs(413,27): error CS7036: There is no argument given that corresponds to the required parameter 'targetBranchId' of 'AssociationRequest.AssociationRequest(Guid, Guid, Guid, string, Guid, DateTime, DateTime, DeliveryMethod, decimal, string?)' [D:\Projects\Informatique.Alumni\test\Informatique.Alumni.Domain.Tests\Informatique.Alumni.Domain.Tests.csproj]
D:\Projects\Informatique.Alumni\test\Informatique.Alumni.Domain.Tests\Membership\MembershipManagerTests.cs(461,48): error CS7036: There is no argument given that corresponds to the required parameter 'targetBranchId' of 'MembershipManager.CreateMembershipRequestAsync(Guid, Guid, Guid, string, Guid, int, DeliveryMethod, decimal, string?)' [D:\Projects\Informatique.Alumni\test\Informatique.Alumni.Domain.Tests\Informatique.Alumni.Domain.Tests.csproj]
D:\Projects\Informatique.Alumni\src\Informatique.Alumni.Application\Membership\MembershipAppService.cs(14,38): error CS0234: The type or namespace name 'Dtos' does not exist in the namespace 'Informatique.Alumni.Membership' (are you missing an assembly reference?) [D:\Projects\Informatique.Alumni\src\Informatique.Alumni.Application\Informatique.Alumni.Application.csproj]
D:\Projects\Informatique.Alumni\src\Informatique.Alumni.Application\Membership\MembershipAppService.cs(47,45): error CS0117: 'AlumniPermissions.Membership' does not contain a definition for 'Configure' [D:\Projects\Informatique.Alumni\src\Informatique.Alumni.Application\Informatique.Alumni.Application.csproj]
D:\Projects\Informatique.Alumni\src\Informatique.Alumni.Application\Membership\MembershipAppService.cs(27,22): error CS0246: The type or namespace name 'IBlobContainer<>' could not be found (are you missing a using directive or an assembly reference?) [D:\Projects\Informatique.Alumni\src\Informatique.Alumni.Application\Informatique.Alumni.Application.csproj]
D:\Projects\Informatique.Alumni\src\Informatique.Alumni.Application\Membership\MembershipAppService.cs(36,9): error CS0246: The type or namespace name 'IBlobContainer<>' could not be found (are you missing a using directive or an assembly reference?) [D:\Projects\Informatique.Alumni\src\Informatique.Alumni.Application\Informatique.Alumni.Application.csproj]
    61 Warning(s)
    53 Error(s)

Time Elapsed 00:00:06.05
