  Determining projects to restore...
  All projects are up-to-date for restore.
  Informatique.Alumni.Domain.Shared -> D:\Projects\Informatique.Alumni\src\Informatique.Alumni.Domain.Shared\bin\Debug\net10.0\Informatique.Alumni.Domain.Shared.dll
  Informatique.Alumni.Domain -> D:\Projects\Informatique.Alumni\src\Informatique.Alumni.Domain\bin\Debug\net10.0\Informatique.Alumni.Domain.dll
D:\Projects\Informatique.Alumni\src\Informatique.Alumni.EntityFrameworkCore\EntityFrameworkCore\AlumniDbContext.cs(95,1): error CS1519: Invalid token '.' in a member declaration [D:\Projects\Informatique.Alumni\src\Informatique.Alumni.EntityFrameworkCore\Informatique.Alumni.EntityFrameworkCore.csproj]
D:\Projects\Informatique.Alumni\src\Informatique.Alumni.EntityFrameworkCore\EntityFrameworkCore\AlumniDbContext.cs(97,33): error CS1519: Invalid token '(' in a member declaration [D:\Projects\Informatique.Alumni\src\Informatique.Alumni.EntityFrameworkCore\Informatique.Alumni.EntityFrameworkCore.csproj]
D:\Projects\Informatique.Alumni\src\Informatique.Alumni.EntityFrameworkCore\EntityFrameworkCore\AlumniDbContext.cs(97,36): error CS8124: Tuple must contain at least two elements. [D:\Projects\Informatique.Alumni\src\Informatique.Alumni.EntityFrameworkCore\Informatique.Alumni.EntityFrameworkCore.csproj]
D:\Projects\Informatique.Alumni\src\Informatique.Alumni.EntityFrameworkCore\EntityFrameworkCore\AlumniDbContext.cs(97,36): error CS1026: ) expected [D:\Projects\Informatique.Alumni\src\Informatique.Alumni.EntityFrameworkCore\Informatique.Alumni.EntityFrameworkCore.csproj]
D:\Projects\Informatique.Alumni\src\Informatique.Alumni.EntityFrameworkCore\EntityFrameworkCore\AlumniDbContext.cs(97,36): error CS1519: Invalid token '=>' in a member declaration [D:\Projects\Informatique.Alumni\src\Informatique.Alumni.EntityFrameworkCore\Informatique.Alumni.EntityFrameworkCore.csproj]
D:\Projects\Informatique.Alumni\src\Informatique.Alumni.EntityFrameworkCore\EntityFrameworkCore\AlumniDbContext.cs(99,22): error CS1519: Invalid token '(' in a member declaration [D:\Projects\Informatique.Alumni\src\Informatique.Alumni.EntityFrameworkCore\Informatique.Alumni.EntityFrameworkCore.csproj]
D:\Projects\Informatique.Alumni\src\Informatique.Alumni.EntityFrameworkCore\EntityFrameworkCore\AlumniDbContext.cs(99,50): error CS8124: Tuple must contain at least two elements. [D:\Projects\Informatique.Alumni\src\Informatique.Alumni.EntityFrameworkCore\Informatique.Alumni.EntityFrameworkCore.csproj]
D:\Projects\Informatique.Alumni\src\Informatique.Alumni.EntityFrameworkCore\EntityFrameworkCore\AlumniDbContext.cs(99,50): error CS1026: ) expected [D:\Projects\Informatique.Alumni\src\Informatique.Alumni.EntityFrameworkCore\Informatique.Alumni.EntityFrameworkCore.csproj]
D:\Projects\Informatique.Alumni\src\Informatique.Alumni.EntityFrameworkCore\EntityFrameworkCore\AlumniDbContext.cs(99,50): error CS1519: Invalid token '+' in a member declaration [D:\Projects\Informatique.Alumni\src\Informatique.Alumni.EntityFrameworkCore\Informatique.Alumni.EntityFrameworkCore.csproj]
D:\Projects\Informatique.Alumni\src\Informatique.Alumni.EntityFrameworkCore\EntityFrameworkCore\AlumniDbContext.cs(99,86): error CS1519: Invalid token ')' in a member declaration [D:\Projects\Informatique.Alumni\src\Informatique.Alumni.EntityFrameworkCore\Informatique.Alumni.EntityFrameworkCore.csproj]
D:\Projects\Informatique.Alumni\src\Informatique.Alumni.EntityFrameworkCore\EntityFrameworkCore\AlumniDbContext.cs(100,36): error CS1519: Invalid token '(' in a member declaration [D:\Projects\Informatique.Alumni\src\Informatique.Alumni.EntityFrameworkCore\Informatique.Alumni.EntityFrameworkCore.csproj]
D:\Projects\Informatique.Alumni\src\Informatique.Alumni.EntityFrameworkCore\EntityFrameworkCore\AlumniDbContext.cs(100,37): error CS8124: Tuple must contain at least two elements. [D:\Projects\Informatique.Alumni\src\Informatique.Alumni.EntityFrameworkCore\Informatique.Alumni.EntityFrameworkCore.csproj]
D:\Projects\Informatique.Alumni\src\Informatique.Alumni.EntityFrameworkCore\EntityFrameworkCore\AlumniDbContext.cs(100,38): error CS1519: Invalid token ';' in a member declaration [D:\Projects\Informatique.Alumni\src\Informatique.Alumni.EntityFrameworkCore\Informatique.Alumni.EntityFrameworkCore.csproj]
D:\Projects\Informatique.Alumni\src\Informatique.Alumni.EntityFrameworkCore\EntityFrameworkCore\AlumniDbContext.cs(101,23): error CS1519: Invalid token '(' in a member declaration [D:\Projects\Informatique.Alumni\src\Informatique.Alumni.EntityFrameworkCore\Informatique.Alumni.EntityFrameworkCore.csproj]
D:\Projects\Informatique.Alumni\src\Informatique.Alumni.EntityFrameworkCore\EntityFrameworkCore\AlumniDbContext.cs(101,26): error CS8124: Tuple must contain at least two elements. [D:\Projects\Informatique.Alumni\src\Informatique.Alumni.EntityFrameworkCore\Informatique.Alumni.EntityFrameworkCore.csproj]
D:\Projects\Informatique.Alumni\src\Informatique.Alumni.EntityFrameworkCore\EntityFrameworkCore\AlumniDbContext.cs(101,26): error CS1026: ) expected [D:\Projects\Informatique.Alumni\src\Informatique.Alumni.EntityFrameworkCore\Informatique.Alumni.EntityFrameworkCore.csproj]
D:\Projects\Informatique.Alumni\src\Informatique.Alumni.EntityFrameworkCore\EntityFrameworkCore\AlumniDbContext.cs(101,26): error CS1519: Invalid token '=>' in a member declaration [D:\Projects\Informatique.Alumni\src\Informatique.Alumni.EntityFrameworkCore\Informatique.Alumni.EntityFrameworkCore.csproj]
D:\Projects\Informatique.Alumni\src\Informatique.Alumni.EntityFrameworkCore\EntityFrameworkCore\AlumniDbContext.cs(101,36): error CS1519: Invalid token ')' in a member declaration [D:\Projects\Informatique.Alumni\src\Informatique.Alumni.EntityFrameworkCore\Informatique.Alumni.EntityFrameworkCore.csproj]
D:\Projects\Informatique.Alumni\src\Informatique.Alumni.EntityFrameworkCore\EntityFrameworkCore\AlumniDbContext.cs(101,50): error CS1002: ; expected [D:\Projects\Informatique.Alumni\src\Informatique.Alumni.EntityFrameworkCore\Informatique.Alumni.EntityFrameworkCore.csproj]
D:\Projects\Informatique.Alumni\src\Informatique.Alumni.EntityFrameworkCore\EntityFrameworkCore\AlumniDbContext.cs(101,50): error CS1519: Invalid token '.' in a member declaration [D:\Projects\Informatique.Alumni\src\Informatique.Alumni.EntityFrameworkCore\Informatique.Alumni.EntityFrameworkCore.csproj]
D:\Projects\Informatique.Alumni\src\Informatique.Alumni.EntityFrameworkCore\EntityFrameworkCore\AlumniDbContext.cs(101,93): error CS1001: Identifier expected [D:\Projects\Informatique.Alumni\src\Informatique.Alumni.EntityFrameworkCore\Informatique.Alumni.EntityFrameworkCore.csproj]
D:\Projects\Informatique.Alumni\src\Informatique.Alumni.EntityFrameworkCore\EntityFrameworkCore\AlumniDbContext.cs(102,23): error CS1519: Invalid token '(' in a member declaration [D:\Projects\Informatique.Alumni\src\Informatique.Alumni.EntityFrameworkCore\Informatique.Alumni.EntityFrameworkCore.csproj]
D:\Projects\Informatique.Alumni\src\Informatique.Alumni.EntityFrameworkCore\EntityFrameworkCore\AlumniDbContext.cs(102,26): error CS8124: Tuple must contain at least two elements. [D:\Projects\Informatique.Alumni\src\Informatique.Alumni.EntityFrameworkCore\Informatique.Alumni.EntityFrameworkCore.csproj]
D:\Projects\Informatique.Alumni\src\Informatique.Alumni.EntityFrameworkCore\EntityFrameworkCore\AlumniDbContext.cs(102,26): error CS1026: ) expected [D:\Projects\Informatique.Alumni\src\Informatique.Alumni.EntityFrameworkCore\Informatique.Alumni.EntityFrameworkCore.csproj]
D:\Projects\Informatique.Alumni\src\Informatique.Alumni.EntityFrameworkCore\EntityFrameworkCore\AlumniDbContext.cs(102,26): error CS1519: Invalid token '=>' in a member declaration [D:\Projects\Informatique.Alumni\src\Informatique.Alumni.EntityFrameworkCore\Informatique.Alumni.EntityFrameworkCore.csproj]
D:\Projects\Informatique.Alumni\src\Informatique.Alumni.EntityFrameworkCore\EntityFrameworkCore\AlumniDbContext.cs(102,43): error CS1519: Invalid token ')' in a member declaration [D:\Projects\Informatique.Alumni\src\Informatique.Alumni.EntityFrameworkCore\Informatique.Alumni.EntityFrameworkCore.csproj]
D:\Projects\Informatique.Alumni\src\Informatique.Alumni.EntityFrameworkCore\EntityFrameworkCore\AlumniDbContext.cs(102,58): error CS1001: Identifier expected [D:\Projects\Informatique.Alumni\src\Informatique.Alumni.EntityFrameworkCore\Informatique.Alumni.EntityFrameworkCore.csproj]
D:\Projects\Informatique.Alumni\src\Informatique.Alumni.EntityFrameworkCore\EntityFrameworkCore\AlumniDbContext.cs(103,10): error CS1022: Type or namespace definition, or end-of-file expected [D:\Projects\Informatique.Alumni\src\Informatique.Alumni.EntityFrameworkCore\Informatique.Alumni.EntityFrameworkCore.csproj]
D:\Projects\Informatique.Alumni\src\Informatique.Alumni.EntityFrameworkCore\EntityFrameworkCore\AlumniDbContext.cs(105,37): error CS0116: A namespace cannot directly contain members such as fields, methods or statements [D:\Projects\Informatique.Alumni\src\Informatique.Alumni.EntityFrameworkCore\Informatique.Alumni.EntityFrameworkCore.csproj]
D:\Projects\Informatique.Alumni\src\Informatique.Alumni.EntityFrameworkCore\EntityFrameworkCore\AlumniDbContext.cs(105,41): error CS8124: Tuple must contain at least two elements. [D:\Projects\Informatique.Alumni\src\Informatique.Alumni.EntityFrameworkCore\Informatique.Alumni.EntityFrameworkCore.csproj]
D:\Projects\Informatique.Alumni\src\Informatique.Alumni.EntityFrameworkCore\EntityFrameworkCore\AlumniDbContext.cs(105,41): error CS1026: ) expected [D:\Projects\Informatique.Alumni\src\Informatique.Alumni.EntityFrameworkCore\Informatique.Alumni.EntityFrameworkCore.csproj]
D:\Projects\Informatique.Alumni\src\Informatique.Alumni.EntityFrameworkCore\EntityFrameworkCore\AlumniDbContext.cs(105,41): error CS1022: Type or namespace definition, or end-of-file expected [D:\Projects\Informatique.Alumni\src\Informatique.Alumni.EntityFrameworkCore\Informatique.Alumni.EntityFrameworkCore.csproj]
D:\Projects\Informatique.Alumni\src\Informatique.Alumni.EntityFrameworkCore\EntityFrameworkCore\AlumniDbContext.cs(107,15): error CS0116: A namespace cannot directly contain members such as fields, methods or statements [D:\Projects\Informatique.Alumni\src\Informatique.Alumni.EntityFrameworkCore\Informatique.Alumni.EntityFrameworkCore.csproj]
D:\Projects\Informatique.Alumni\src\Informatique.Alumni.EntityFrameworkCore\EntityFrameworkCore\AlumniDbContext.cs(107,50): error CS8124: Tuple must contain at least two elements. [D:\Projects\Informatique.Alumni\src\Informatique.Alumni.EntityFrameworkCore\Informatique.Alumni.EntityFrameworkCore.csproj]
D:\Projects\Informatique.Alumni\src\Informatique.Alumni.EntityFrameworkCore\EntityFrameworkCore\AlumniDbContext.cs(107,50): error CS1026: ) expected [D:\Projects\Informatique.Alumni\src\Informatique.Alumni.EntityFrameworkCore\Informatique.Alumni.EntityFrameworkCore.csproj]
D:\Projects\Informatique.Alumni\src\Informatique.Alumni.EntityFrameworkCore\EntityFrameworkCore\AlumniDbContext.cs(107,50): error CS1022: Type or namespace definition, or end-of-file expected [D:\Projects\Informatique.Alumni\src\Informatique.Alumni.EntityFrameworkCore\Informatique.Alumni.EntityFrameworkCore.csproj]
D:\Projects\Informatique.Alumni\src\Informatique.Alumni.EntityFrameworkCore\EntityFrameworkCore\AlumniDbContext.cs(107,83): error CS0116: A namespace cannot directly contain members such as fields, methods or statements [D:\Projects\Informatique.Alumni\src\Informatique.Alumni.EntityFrameworkCore\Informatique.Alumni.EntityFrameworkCore.csproj]
D:\Projects\Informatique.Alumni\src\Informatique.Alumni.EntityFrameworkCore\EntityFrameworkCore\AlumniDbContext.cs(107,91): error CS1022: Type or namespace definition, or end-of-file expected [D:\Projects\Informatique.Alumni\src\Informatique.Alumni.EntityFrameworkCore\Informatique.Alumni.EntityFrameworkCore.csproj]
D:\Projects\Informatique.Alumni\src\Informatique.Alumni.EntityFrameworkCore\EntityFrameworkCore\AlumniDbContext.cs(108,15): error CS0116: A namespace cannot directly contain members such as fields, methods or statements [D:\Projects\Informatique.Alumni\src\Informatique.Alumni.EntityFrameworkCore\Informatique.Alumni.EntityFrameworkCore.csproj]
D:\Projects\Informatique.Alumni\src\Informatique.Alumni.EntityFrameworkCore\EntityFrameworkCore\AlumniDbContext.cs(108,37): error CS8124: Tuple must contain at least two elements. [D:\Projects\Informatique.Alumni\src\Informatique.Alumni.EntityFrameworkCore\Informatique.Alumni.EntityFrameworkCore.csproj]
D:\Projects\Informatique.Alumni\src\Informatique.Alumni.EntityFrameworkCore\EntityFrameworkCore\AlumniDbContext.cs(108,38): error CS1022: Type or namespace definition, or end-of-file expected [D:\Projects\Informatique.Alumni\src\Informatique.Alumni.EntityFrameworkCore\Informatique.Alumni.EntityFrameworkCore.csproj]
D:\Projects\Informatique.Alumni\src\Informatique.Alumni.EntityFrameworkCore\EntityFrameworkCore\AlumniDbContext.cs(109,15): error CS0116: A namespace cannot directly contain members such as fields, methods or statements [D:\Projects\Informatique.Alumni\src\Informatique.Alumni.EntityFrameworkCore\Informatique.Alumni.EntityFrameworkCore.csproj]
D:\Projects\Informatique.Alumni\src\Informatique.Alumni.EntityFrameworkCore\EntityFrameworkCore\AlumniDbContext.cs(109,26): error CS8124: Tuple must contain at least two elements. [D:\Projects\Informatique.Alumni\src\Informatique.Alumni.EntityFrameworkCore\Informatique.Alumni.EntityFrameworkCore.csproj]
D:\Projects\Informatique.Alumni\src\Informatique.Alumni.EntityFrameworkCore\EntityFrameworkCore\AlumniDbContext.cs(109,26): error CS1026: ) expected [D:\Projects\Informatique.Alumni\src\Informatique.Alumni.EntityFrameworkCore\Informatique.Alumni.EntityFrameworkCore.csproj]
D:\Projects\Informatique.Alumni\src\Informatique.Alumni.EntityFrameworkCore\EntityFrameworkCore\AlumniDbContext.cs(109,26): error CS1022: Type or namespace definition, or end-of-file expected [D:\Projects\Informatique.Alumni\src\Informatique.Alumni.EntityFrameworkCore\Informatique.Alumni.EntityFrameworkCore.csproj]
D:\Projects\Informatique.Alumni\src\Informatique.Alumni.EntityFrameworkCore\EntityFrameworkCore\AlumniDbContext.cs(109,31): error CS0116: A namespace cannot directly contain members such as fields, methods or statements [D:\Projects\Informatique.Alumni\src\Informatique.Alumni.EntityFrameworkCore\Informatique.Alumni.EntityFrameworkCore.csproj]
D:\Projects\Informatique.Alumni\src\Informatique.Alumni.EntityFrameworkCore\EntityFrameworkCore\AlumniDbContext.cs(109,36): error CS1022: Type or namespace definition, or end-of-file expected [D:\Projects\Informatique.Alumni\src\Informatique.Alumni.EntityFrameworkCore\Informatique.Alumni.EntityFrameworkCore.csproj]
D:\Projects\Informatique.Alumni\src\Informatique.Alumni.EntityFrameworkCore\EntityFrameworkCore\AlumniDbContext.cs(109,50): error CS1002: ; expected [D:\Projects\Informatique.Alumni\src\Informatique.Alumni.EntityFrameworkCore\Informatique.Alumni.EntityFrameworkCore.csproj]
D:\Projects\Informatique.Alumni\src\Informatique.Alumni.EntityFrameworkCore\EntityFrameworkCore\AlumniDbContext.cs(109,50): error CS1022: Type or namespace definition, or end-of-file expected [D:\Projects\Informatique.Alumni\src\Informatique.Alumni.EntityFrameworkCore\Informatique.Alumni.EntityFrameworkCore.csproj]
D:\Projects\Informatique.Alumni\src\Informatique.Alumni.EntityFrameworkCore\EntityFrameworkCore\AlumniDbContext.cs(109,64): error CS1001: Identifier expected [D:\Projects\Informatique.Alumni\src\Informatique.Alumni.EntityFrameworkCore\Informatique.Alumni.EntityFrameworkCore.csproj]
D:\Projects\Informatique.Alumni\src\Informatique.Alumni.EntityFrameworkCore\EntityFrameworkCore\AlumniDbContext.cs(110,15): error CS0116: A namespace cannot directly contain members such as fields, methods or statements [D:\Projects\Informatique.Alumni\src\Informatique.Alumni.EntityFrameworkCore\Informatique.Alumni.EntityFrameworkCore.csproj]
D:\Projects\Informatique.Alumni\src\Informatique.Alumni.EntityFrameworkCore\EntityFrameworkCore\AlumniDbContext.cs(110,26): error CS8124: Tuple must contain at least two elements. [D:\Projects\Informatique.Alumni\src\Informatique.Alumni.EntityFrameworkCore\Informatique.Alumni.EntityFrameworkCore.csproj]
D:\Projects\Informatique.Alumni\src\Informatique.Alumni.EntityFrameworkCore\EntityFrameworkCore\AlumniDbContext.cs(110,26): error CS1026: ) expected [D:\Projects\Informatique.Alumni\src\Informatique.Alumni.EntityFrameworkCore\Informatique.Alumni.EntityFrameworkCore.csproj]
D:\Projects\Informatique.Alumni\src\Informatique.Alumni.EntityFrameworkCore\EntityFrameworkCore\AlumniDbContext.cs(110,26): error CS1022: Type or namespace definition, or end-of-file expected [D:\Projects\Informatique.Alumni\src\Informatique.Alumni.EntityFrameworkCore\Informatique.Alumni.EntityFrameworkCore.csproj]
D:\Projects\Informatique.Alumni\src\Informatique.Alumni.EntityFrameworkCore\EntityFrameworkCore\AlumniDbContext.cs(110,31): error CS0116: A namespace cannot directly contain members such as fields, methods or statements [D:\Projects\Informatique.Alumni\src\Informatique.Alumni.EntityFrameworkCore\Informatique.Alumni.EntityFrameworkCore.csproj]
D:\Projects\Informatique.Alumni\src\Informatique.Alumni.EntityFrameworkCore\EntityFrameworkCore\AlumniDbContext.cs(110,42): error CS1022: Type or namespace definition, or end-of-file expected [D:\Projects\Informatique.Alumni\src\Informatique.Alumni.EntityFrameworkCore\Informatique.Alumni.EntityFrameworkCore.csproj]
D:\Projects\Informatique.Alumni\src\Informatique.Alumni.EntityFrameworkCore\EntityFrameworkCore\AlumniDbContext.cs(110,57): error CS1001: Identifier expected [D:\Projects\Informatique.Alumni\src\Informatique.Alumni.EntityFrameworkCore\Informatique.Alumni.EntityFrameworkCore.csproj]
D:\Projects\Informatique.Alumni\src\Informatique.Alumni.EntityFrameworkCore\EntityFrameworkCore\AlumniDbContext.cs(111,15): error CS0116: A namespace cannot directly contain members such as fields, methods or statements [D:\Projects\Informatique.Alumni\src\Informatique.Alumni.EntityFrameworkCore\Informatique.Alumni.EntityFrameworkCore.csproj]
D:\Projects\Informatique.Alumni\src\Informatique.Alumni.EntityFrameworkCore\EntityFrameworkCore\AlumniDbContext.cs(111,26): error CS8124: Tuple must contain at least two elements. [D:\Projects\Informatique.Alumni\src\Informatique.Alumni.EntityFrameworkCore\Informatique.Alumni.EntityFrameworkCore.csproj]
D:\Projects\Informatique.Alumni\src\Informatique.Alumni.EntityFrameworkCore\EntityFrameworkCore\AlumniDbContext.cs(111,26): error CS1026: ) expected [D:\Projects\Informatique.Alumni\src\Informatique.Alumni.EntityFrameworkCore\Informatique.Alumni.EntityFrameworkCore.csproj]
D:\Projects\Informatique.Alumni\src\Informatique.Alumni.EntityFrameworkCore\EntityFrameworkCore\AlumniDbContext.cs(111,26): error CS1022: Type or namespace definition, or end-of-file expected [D:\Projects\Informatique.Alumni\src\Informatique.Alumni.EntityFrameworkCore\Informatique.Alumni.EntityFrameworkCore.csproj]
D:\Projects\Informatique.Alumni\src\Informatique.Alumni.EntityFrameworkCore\EntityFrameworkCore\AlumniDbContext.cs(111,31): error CS0116: A namespace cannot directly contain members such as fields, methods or statements [D:\Projects\Informatique.Alumni\src\Informatique.Alumni.EntityFrameworkCore\Informatique.Alumni.EntityFrameworkCore.csproj]
D:\Projects\Informatique.Alumni\src\Informatique.Alumni.EntityFrameworkCore\EntityFrameworkCore\AlumniDbContext.cs(111,48): error CS1022: Type or namespace definition, or end-of-file expected [D:\Projects\Informatique.Alumni\src\Informatique.Alumni.EntityFrameworkCore\Informatique.Alumni.EntityFrameworkCore.csproj]
D:\Projects\Informatique.Alumni\src\Informatique.Alumni.EntityFrameworkCore\EntityFrameworkCore\AlumniDbContext.cs(111,63): error CS1001: Identifier expected [D:\Projects\Informatique.Alumni\src\Informatique.Alumni.EntityFrameworkCore\Informatique.Alumni.EntityFrameworkCore.csproj]
D:\Projects\Informatique.Alumni\src\Informatique.Alumni.EntityFrameworkCore\EntityFrameworkCore\AlumniDbContext.cs(112,9): error CS1022: Type or namespace definition, or end-of-file expected [D:\Projects\Informatique.Alumni\src\Informatique.Alumni.EntityFrameworkCore\Informatique.Alumni.EntityFrameworkCore.csproj]
D:\Projects\Informatique.Alumni\src\Informatique.Alumni.EntityFrameworkCore\EntityFrameworkCore\AlumniDbContext.cs(112,10): error CS1022: Type or namespace definition, or end-of-file expected [D:\Projects\Informatique.Alumni\src\Informatique.Alumni.EntityFrameworkCore\Informatique.Alumni.EntityFrameworkCore.csproj]
D:\Projects\Informatique.Alumni\src\Informatique.Alumni.EntityFrameworkCore\EntityFrameworkCore\AlumniDbContext.cs(112,11): error CS8803: Top-level statements must precede namespace and type declarations. [D:\Projects\Informatique.Alumni\src\Informatique.Alumni.EntityFrameworkCore\Informatique.Alumni.EntityFrameworkCore.csproj]
D:\Projects\Informatique.Alumni\src\Informatique.Alumni.EntityFrameworkCore\EntityFrameworkCore\AlumniDbContext.cs(216,5): error CS0106: The modifier 'public' is not valid for this item [D:\Projects\Informatique.Alumni\src\Informatique.Alumni.EntityFrameworkCore\Informatique.Alumni.EntityFrameworkCore.csproj]
D:\Projects\Informatique.Alumni\src\Informatique.Alumni.EntityFrameworkCore\EntityFrameworkCore\AlumniDbContext.cs(216,27): error CS1001: Identifier expected [D:\Projects\Informatique.Alumni\src\Informatique.Alumni.EntityFrameworkCore\Informatique.Alumni.EntityFrameworkCore.csproj]
D:\Projects\Informatique.Alumni\src\Informatique.Alumni.EntityFrameworkCore\EntityFrameworkCore\AlumniDbContext.cs(216,70): error CS1002: ; expected [D:\Projects\Informatique.Alumni\src\Informatique.Alumni.EntityFrameworkCore\Informatique.Alumni.EntityFrameworkCore.csproj]
D:\Projects\Informatique.Alumni\src\Informatique.Alumni.EntityFrameworkCore\EntityFrameworkCore\AlumniDbContext.cs(217,9): error CS1022: Type or namespace definition, or end-of-file expected [D:\Projects\Informatique.Alumni\src\Informatique.Alumni.EntityFrameworkCore\Informatique.Alumni.EntityFrameworkCore.csproj]
D:\Projects\Informatique.Alumni\src\Informatique.Alumni.EntityFrameworkCore\EntityFrameworkCore\AlumniDbContext.cs(217,24): error CS1002: ; expected [D:\Projects\Informatique.Alumni\src\Informatique.Alumni.EntityFrameworkCore\Informatique.Alumni.EntityFrameworkCore.csproj]
D:\Projects\Informatique.Alumni\src\Informatique.Alumni.EntityFrameworkCore\EntityFrameworkCore\AlumniDbContext.cs(727,5): error CS0106: The modifier 'private' is not valid for this item [D:\Projects\Informatique.Alumni\src\Informatique.Alumni.EntityFrameworkCore\Informatique.Alumni.EntityFrameworkCore.csproj]
D:\Projects\Informatique.Alumni\src\Informatique.Alumni.EntityFrameworkCore\EntityFrameworkCore\AlumniDbContext.cs(740,1): error CS1022: Type or namespace definition, or end-of-file expected [D:\Projects\Informatique.Alumni\src\Informatique.Alumni.EntityFrameworkCore\Informatique.Alumni.EntityFrameworkCore.csproj]

Build FAILED.

D:\Projects\Informatique.Alumni\src\Informatique.Alumni.EntityFrameworkCore\EntityFrameworkCore\AlumniDbContext.cs(95,1): error CS1519: Invalid token '.' in a member declaration [D:\Projects\Informatique.Alumni\src\Informatique.Alumni.EntityFrameworkCore\Informatique.Alumni.EntityFrameworkCore.csproj]
D:\Projects\Informatique.Alumni\src\Informatique.Alumni.EntityFrameworkCore\EntityFrameworkCore\AlumniDbContext.cs(97,33): error CS1519: Invalid token '(' in a member declaration [D:\Projects\Informatique.Alumni\src\Informatique.Alumni.EntityFrameworkCore\Informatique.Alumni.EntityFrameworkCore.csproj]
D:\Projects\Informatique.Alumni\src\Informatique.Alumni.EntityFrameworkCore\EntityFrameworkCore\AlumniDbContext.cs(97,36): error CS8124: Tuple must contain at least two elements. [D:\Projects\Informatique.Alumni\src\Informatique.Alumni.EntityFrameworkCore\Informatique.Alumni.EntityFrameworkCore.csproj]
D:\Projects\Informatique.Alumni\src\Informatique.Alumni.EntityFrameworkCore\EntityFrameworkCore\AlumniDbContext.cs(97,36): error CS1026: ) expected [D:\Projects\Informatique.Alumni\src\Informatique.Alumni.EntityFrameworkCore\Informatique.Alumni.EntityFrameworkCore.csproj]
D:\Projects\Informatique.Alumni\src\Informatique.Alumni.EntityFrameworkCore\EntityFrameworkCore\AlumniDbContext.cs(97,36): error CS1519: Invalid token '=>' in a member declaration [D:\Projects\Informatique.Alumni\src\Informatique.Alumni.EntityFrameworkCore\Informatique.Alumni.EntityFrameworkCore.csproj]
D:\Projects\Informatique.Alumni\src\Informatique.Alumni.EntityFrameworkCore\EntityFrameworkCore\AlumniDbContext.cs(99,22): error CS1519: Invalid token '(' in a member declaration [D:\Projects\Informatique.Alumni\src\Informatique.Alumni.EntityFrameworkCore\Informatique.Alumni.EntityFrameworkCore.csproj]
D:\Projects\Informatique.Alumni\src\Informatique.Alumni.EntityFrameworkCore\EntityFrameworkCore\AlumniDbContext.cs(99,50): error CS8124: Tuple must contain at least two elements. [D:\Projects\Informatique.Alumni\src\Informatique.Alumni.EntityFrameworkCore\Informatique.Alumni.EntityFrameworkCore.csproj]
D:\Projects\Informatique.Alumni\src\Informatique.Alumni.EntityFrameworkCore\EntityFrameworkCore\AlumniDbContext.cs(99,50): error CS1026: ) expected [D:\Projects\Informatique.Alumni\src\Informatique.Alumni.EntityFrameworkCore\Informatique.Alumni.EntityFrameworkCore.csproj]
D:\Projects\Informatique.Alumni\src\Informatique.Alumni.EntityFrameworkCore\EntityFrameworkCore\AlumniDbContext.cs(99,50): error CS1519: Invalid token '+' in a member declaration [D:\Projects\Informatique.Alumni\src\Informatique.Alumni.EntityFrameworkCore\Informatique.Alumni.EntityFrameworkCore.csproj]
D:\Projects\Informatique.Alumni\src\Informatique.Alumni.EntityFrameworkCore\EntityFrameworkCore\AlumniDbContext.cs(99,86): error CS1519: Invalid token ')' in a member declaration [D:\Projects\Informatique.Alumni\src\Informatique.Alumni.EntityFrameworkCore\Informatique.Alumni.EntityFrameworkCore.csproj]
D:\Projects\Informatique.Alumni\src\Informatique.Alumni.EntityFrameworkCore\EntityFrameworkCore\AlumniDbContext.cs(100,36): error CS1519: Invalid token '(' in a member declaration [D:\Projects\Informatique.Alumni\src\Informatique.Alumni.EntityFrameworkCore\Informatique.Alumni.EntityFrameworkCore.csproj]
D:\Projects\Informatique.Alumni\src\Informatique.Alumni.EntityFrameworkCore\EntityFrameworkCore\AlumniDbContext.cs(100,37): error CS8124: Tuple must contain at least two elements. [D:\Projects\Informatique.Alumni\src\Informatique.Alumni.EntityFrameworkCore\Informatique.Alumni.EntityFrameworkCore.csproj]
D:\Projects\Informatique.Alumni\src\Informatique.Alumni.EntityFrameworkCore\EntityFrameworkCore\AlumniDbContext.cs(100,38): error CS1519: Invalid token ';' in a member declaration [D:\Projects\Informatique.Alumni\src\Informatique.Alumni.EntityFrameworkCore\Informatique.Alumni.EntityFrameworkCore.csproj]
D:\Projects\Informatique.Alumni\src\Informatique.Alumni.EntityFrameworkCore\EntityFrameworkCore\AlumniDbContext.cs(101,23): error CS1519: Invalid token '(' in a member declaration [D:\Projects\Informatique.Alumni\src\Informatique.Alumni.EntityFrameworkCore\Informatique.Alumni.EntityFrameworkCore.csproj]
D:\Projects\Informatique.Alumni\src\Informatique.Alumni.EntityFrameworkCore\EntityFrameworkCore\AlumniDbContext.cs(101,26): error CS8124: Tuple must contain at least two elements. [D:\Projects\Informatique.Alumni\src\Informatique.Alumni.EntityFrameworkCore\Informatique.Alumni.EntityFrameworkCore.csproj]
D:\Projects\Informatique.Alumni\src\Informatique.Alumni.EntityFrameworkCore\EntityFrameworkCore\AlumniDbContext.cs(101,26): error CS1026: ) expected [D:\Projects\Informatique.Alumni\src\Informatique.Alumni.EntityFrameworkCore\Informatique.Alumni.EntityFrameworkCore.csproj]
D:\Projects\Informatique.Alumni\src\Informatique.Alumni.EntityFrameworkCore\EntityFrameworkCore\AlumniDbContext.cs(101,26): error CS1519: Invalid token '=>' in a member declaration [D:\Projects\Informatique.Alumni\src\Informatique.Alumni.EntityFrameworkCore\Informatique.Alumni.EntityFrameworkCore.csproj]
D:\Projects\Informatique.Alumni\src\Informatique.Alumni.EntityFrameworkCore\EntityFrameworkCore\AlumniDbContext.cs(101,36): error CS1519: Invalid token ')' in a member declaration [D:\Projects\Informatique.Alumni\src\Informatique.Alumni.EntityFrameworkCore\Informatique.Alumni.EntityFrameworkCore.csproj]
D:\Projects\Informatique.Alumni\src\Informatique.Alumni.EntityFrameworkCore\EntityFrameworkCore\AlumniDbContext.cs(101,50): error CS1002: ; expected [D:\Projects\Informatique.Alumni\src\Informatique.Alumni.EntityFrameworkCore\Informatique.Alumni.EntityFrameworkCore.csproj]
D:\Projects\Informatique.Alumni\src\Informatique.Alumni.EntityFrameworkCore\EntityFrameworkCore\AlumniDbContext.cs(101,50): error CS1519: Invalid token '.' in a member declaration [D:\Projects\Informatique.Alumni\src\Informatique.Alumni.EntityFrameworkCore\Informatique.Alumni.EntityFrameworkCore.csproj]
D:\Projects\Informatique.Alumni\src\Informatique.Alumni.EntityFrameworkCore\EntityFrameworkCore\AlumniDbContext.cs(101,93): error CS1001: Identifier expected [D:\Projects\Informatique.Alumni\src\Informatique.Alumni.EntityFrameworkCore\Informatique.Alumni.EntityFrameworkCore.csproj]
D:\Projects\Informatique.Alumni\src\Informatique.Alumni.EntityFrameworkCore\EntityFrameworkCore\AlumniDbContext.cs(102,23): error CS1519: Invalid token '(' in a member declaration [D:\Projects\Informatique.Alumni\src\Informatique.Alumni.EntityFrameworkCore\Informatique.Alumni.EntityFrameworkCore.csproj]
D:\Projects\Informatique.Alumni\src\Informatique.Alumni.EntityFrameworkCore\EntityFrameworkCore\AlumniDbContext.cs(102,26): error CS8124: Tuple must contain at least two elements. [D:\Projects\Informatique.Alumni\src\Informatique.Alumni.EntityFrameworkCore\Informatique.Alumni.EntityFrameworkCore.csproj]
D:\Projects\Informatique.Alumni\src\Informatique.Alumni.EntityFrameworkCore\EntityFrameworkCore\AlumniDbContext.cs(102,26): error CS1026: ) expected [D:\Projects\Informatique.Alumni\src\Informatique.Alumni.EntityFrameworkCore\Informatique.Alumni.EntityFrameworkCore.csproj]
D:\Projects\Informatique.Alumni\src\Informatique.Alumni.EntityFrameworkCore\EntityFrameworkCore\AlumniDbContext.cs(102,26): error CS1519: Invalid token '=>' in a member declaration [D:\Projects\Informatique.Alumni\src\Informatique.Alumni.EntityFrameworkCore\Informatique.Alumni.EntityFrameworkCore.csproj]
D:\Projects\Informatique.Alumni\src\Informatique.Alumni.EntityFrameworkCore\EntityFrameworkCore\AlumniDbContext.cs(102,43): error CS1519: Invalid token ')' in a member declaration [D:\Projects\Informatique.Alumni\src\Informatique.Alumni.EntityFrameworkCore\Informatique.Alumni.EntityFrameworkCore.csproj]
D:\Projects\Informatique.Alumni\src\Informatique.Alumni.EntityFrameworkCore\EntityFrameworkCore\AlumniDbContext.cs(102,58): error CS1001: Identifier expected [D:\Projects\Informatique.Alumni\src\Informatique.Alumni.EntityFrameworkCore\Informatique.Alumni.EntityFrameworkCore.csproj]
D:\Projects\Informatique.Alumni\src\Informatique.Alumni.EntityFrameworkCore\EntityFrameworkCore\AlumniDbContext.cs(103,10): error CS1022: Type or namespace definition, or end-of-file expected [D:\Projects\Informatique.Alumni\src\Informatique.Alumni.EntityFrameworkCore\Informatique.Alumni.EntityFrameworkCore.csproj]
D:\Projects\Informatique.Alumni\src\Informatique.Alumni.EntityFrameworkCore\EntityFrameworkCore\AlumniDbContext.cs(105,37): error CS0116: A namespace cannot directly contain members such as fields, methods or statements [D:\Projects\Informatique.Alumni\src\Informatique.Alumni.EntityFrameworkCore\Informatique.Alumni.EntityFrameworkCore.csproj]
D:\Projects\Informatique.Alumni\src\Informatique.Alumni.EntityFrameworkCore\EntityFrameworkCore\AlumniDbContext.cs(105,41): error CS8124: Tuple must contain at least two elements. [D:\Projects\Informatique.Alumni\src\Informatique.Alumni.EntityFrameworkCore\Informatique.Alumni.EntityFrameworkCore.csproj]
D:\Projects\Informatique.Alumni\src\Informatique.Alumni.EntityFrameworkCore\EntityFrameworkCore\AlumniDbContext.cs(105,41): error CS1026: ) expected [D:\Projects\Informatique.Alumni\src\Informatique.Alumni.EntityFrameworkCore\Informatique.Alumni.EntityFrameworkCore.csproj]
D:\Projects\Informatique.Alumni\src\Informatique.Alumni.EntityFrameworkCore\EntityFrameworkCore\AlumniDbContext.cs(105,41): error CS1022: Type or namespace definition, or end-of-file expected [D:\Projects\Informatique.Alumni\src\Informatique.Alumni.EntityFrameworkCore\Informatique.Alumni.EntityFrameworkCore.csproj]
D:\Projects\Informatique.Alumni\src\Informatique.Alumni.EntityFrameworkCore\EntityFrameworkCore\AlumniDbContext.cs(107,15): error CS0116: A namespace cannot directly contain members such as fields, methods or statements [D:\Projects\Informatique.Alumni\src\Informatique.Alumni.EntityFrameworkCore\Informatique.Alumni.EntityFrameworkCore.csproj]
D:\Projects\Informatique.Alumni\src\Informatique.Alumni.EntityFrameworkCore\EntityFrameworkCore\AlumniDbContext.cs(107,50): error CS8124: Tuple must contain at least two elements. [D:\Projects\Informatique.Alumni\src\Informatique.Alumni.EntityFrameworkCore\Informatique.Alumni.EntityFrameworkCore.csproj]
D:\Projects\Informatique.Alumni\src\Informatique.Alumni.EntityFrameworkCore\EntityFrameworkCore\AlumniDbContext.cs(107,50): error CS1026: ) expected [D:\Projects\Informatique.Alumni\src\Informatique.Alumni.EntityFrameworkCore\Informatique.Alumni.EntityFrameworkCore.csproj]
D:\Projects\Informatique.Alumni\src\Informatique.Alumni.EntityFrameworkCore\EntityFrameworkCore\AlumniDbContext.cs(107,50): error CS1022: Type or namespace definition, or end-of-file expected [D:\Projects\Informatique.Alumni\src\Informatique.Alumni.EntityFrameworkCore\Informatique.Alumni.EntityFrameworkCore.csproj]
D:\Projects\Informatique.Alumni\src\Informatique.Alumni.EntityFrameworkCore\EntityFrameworkCore\AlumniDbContext.cs(107,83): error CS0116: A namespace cannot directly contain members such as fields, methods or statements [D:\Projects\Informatique.Alumni\src\Informatique.Alumni.EntityFrameworkCore\Informatique.Alumni.EntityFrameworkCore.csproj]
D:\Projects\Informatique.Alumni\src\Informatique.Alumni.EntityFrameworkCore\EntityFrameworkCore\AlumniDbContext.cs(107,91): error CS1022: Type or namespace definition, or end-of-file expected [D:\Projects\Informatique.Alumni\src\Informatique.Alumni.EntityFrameworkCore\Informatique.Alumni.EntityFrameworkCore.csproj]
D:\Projects\Informatique.Alumni\src\Informatique.Alumni.EntityFrameworkCore\EntityFrameworkCore\AlumniDbContext.cs(108,15): error CS0116: A namespace cannot directly contain members such as fields, methods or statements [D:\Projects\Informatique.Alumni\src\Informatique.Alumni.EntityFrameworkCore\Informatique.Alumni.EntityFrameworkCore.csproj]
D:\Projects\Informatique.Alumni\src\Informatique.Alumni.EntityFrameworkCore\EntityFrameworkCore\AlumniDbContext.cs(108,37): error CS8124: Tuple must contain at least two elements. [D:\Projects\Informatique.Alumni\src\Informatique.Alumni.EntityFrameworkCore\Informatique.Alumni.EntityFrameworkCore.csproj]
D:\Projects\Informatique.Alumni\src\Informatique.Alumni.EntityFrameworkCore\EntityFrameworkCore\AlumniDbContext.cs(108,38): error CS1022: Type or namespace definition, or end-of-file expected [D:\Projects\Informatique.Alumni\src\Informatique.Alumni.EntityFrameworkCore\Informatique.Alumni.EntityFrameworkCore.csproj]
D:\Projects\Informatique.Alumni\src\Informatique.Alumni.EntityFrameworkCore\EntityFrameworkCore\AlumniDbContext.cs(109,15): error CS0116: A namespace cannot directly contain members such as fields, methods or statements [D:\Projects\Informatique.Alumni\src\Informatique.Alumni.EntityFrameworkCore\Informatique.Alumni.EntityFrameworkCore.csproj]
D:\Projects\Informatique.Alumni\src\Informatique.Alumni.EntityFrameworkCore\EntityFrameworkCore\AlumniDbContext.cs(109,26): error CS8124: Tuple must contain at least two elements. [D:\Projects\Informatique.Alumni\src\Informatique.Alumni.EntityFrameworkCore\Informatique.Alumni.EntityFrameworkCore.csproj]
D:\Projects\Informatique.Alumni\src\Informatique.Alumni.EntityFrameworkCore\EntityFrameworkCore\AlumniDbContext.cs(109,26): error CS1026: ) expected [D:\Projects\Informatique.Alumni\src\Informatique.Alumni.EntityFrameworkCore\Informatique.Alumni.EntityFrameworkCore.csproj]
D:\Projects\Informatique.Alumni\src\Informatique.Alumni.EntityFrameworkCore\EntityFrameworkCore\AlumniDbContext.cs(109,26): error CS1022: Type or namespace definition, or end-of-file expected [D:\Projects\Informatique.Alumni\src\Informatique.Alumni.EntityFrameworkCore\Informatique.Alumni.EntityFrameworkCore.csproj]
D:\Projects\Informatique.Alumni\src\Informatique.Alumni.EntityFrameworkCore\EntityFrameworkCore\AlumniDbContext.cs(109,31): error CS0116: A namespace cannot directly contain members such as fields, methods or statements [D:\Projects\Informatique.Alumni\src\Informatique.Alumni.EntityFrameworkCore\Informatique.Alumni.EntityFrameworkCore.csproj]
D:\Projects\Informatique.Alumni\src\Informatique.Alumni.EntityFrameworkCore\EntityFrameworkCore\AlumniDbContext.cs(109,36): error CS1022: Type or namespace definition, or end-of-file expected [D:\Projects\Informatique.Alumni\src\Informatique.Alumni.EntityFrameworkCore\Informatique.Alumni.EntityFrameworkCore.csproj]
D:\Projects\Informatique.Alumni\src\Informatique.Alumni.EntityFrameworkCore\EntityFrameworkCore\AlumniDbContext.cs(109,50): error CS1002: ; expected [D:\Projects\Informatique.Alumni\src\Informatique.Alumni.EntityFrameworkCore\Informatique.Alumni.EntityFrameworkCore.csproj]
D:\Projects\Informatique.Alumni\src\Informatique.Alumni.EntityFrameworkCore\EntityFrameworkCore\AlumniDbContext.cs(109,50): error CS1022: Type or namespace definition, or end-of-file expected [D:\Projects\Informatique.Alumni\src\Informatique.Alumni.EntityFrameworkCore\Informatique.Alumni.EntityFrameworkCore.csproj]
D:\Projects\Informatique.Alumni\src\Informatique.Alumni.EntityFrameworkCore\EntityFrameworkCore\AlumniDbContext.cs(109,64): error CS1001: Identifier expected [D:\Projects\Informatique.Alumni\src\Informatique.Alumni.EntityFrameworkCore\Informatique.Alumni.EntityFrameworkCore.csproj]
D:\Projects\Informatique.Alumni\src\Informatique.Alumni.EntityFrameworkCore\EntityFrameworkCore\AlumniDbContext.cs(110,15): error CS0116: A namespace cannot directly contain members such as fields, methods or statements [D:\Projects\Informatique.Alumni\src\Informatique.Alumni.EntityFrameworkCore\Informatique.Alumni.EntityFrameworkCore.csproj]
D:\Projects\Informatique.Alumni\src\Informatique.Alumni.EntityFrameworkCore\EntityFrameworkCore\AlumniDbContext.cs(110,26): error CS8124: Tuple must contain at least two elements. [D:\Projects\Informatique.Alumni\src\Informatique.Alumni.EntityFrameworkCore\Informatique.Alumni.EntityFrameworkCore.csproj]
D:\Projects\Informatique.Alumni\src\Informatique.Alumni.EntityFrameworkCore\EntityFrameworkCore\AlumniDbContext.cs(110,26): error CS1026: ) expected [D:\Projects\Informatique.Alumni\src\Informatique.Alumni.EntityFrameworkCore\Informatique.Alumni.EntityFrameworkCore.csproj]
D:\Projects\Informatique.Alumni\src\Informatique.Alumni.EntityFrameworkCore\EntityFrameworkCore\AlumniDbContext.cs(110,26): error CS1022: Type or namespace definition, or end-of-file expected [D:\Projects\Informatique.Alumni\src\Informatique.Alumni.EntityFrameworkCore\Informatique.Alumni.EntityFrameworkCore.csproj]
D:\Projects\Informatique.Alumni\src\Informatique.Alumni.EntityFrameworkCore\EntityFrameworkCore\AlumniDbContext.cs(110,31): error CS0116: A namespace cannot directly contain members such as fields, methods or statements [D:\Projects\Informatique.Alumni\src\Informatique.Alumni.EntityFrameworkCore\Informatique.Alumni.EntityFrameworkCore.csproj]
D:\Projects\Informatique.Alumni\src\Informatique.Alumni.EntityFrameworkCore\EntityFrameworkCore\AlumniDbContext.cs(110,42): error CS1022: Type or namespace definition, or end-of-file expected [D:\Projects\Informatique.Alumni\src\Informatique.Alumni.EntityFrameworkCore\Informatique.Alumni.EntityFrameworkCore.csproj]
D:\Projects\Informatique.Alumni\src\Informatique.Alumni.EntityFrameworkCore\EntityFrameworkCore\AlumniDbContext.cs(110,57): error CS1001: Identifier expected [D:\Projects\Informatique.Alumni\src\Informatique.Alumni.EntityFrameworkCore\Informatique.Alumni.EntityFrameworkCore.csproj]
D:\Projects\Informatique.Alumni\src\Informatique.Alumni.EntityFrameworkCore\EntityFrameworkCore\AlumniDbContext.cs(111,15): error CS0116: A namespace cannot directly contain members such as fields, methods or statements [D:\Projects\Informatique.Alumni\src\Informatique.Alumni.EntityFrameworkCore\Informatique.Alumni.EntityFrameworkCore.csproj]
D:\Projects\Informatique.Alumni\src\Informatique.Alumni.EntityFrameworkCore\EntityFrameworkCore\AlumniDbContext.cs(111,26): error CS8124: Tuple must contain at least two elements. [D:\Projects\Informatique.Alumni\src\Informatique.Alumni.EntityFrameworkCore\Informatique.Alumni.EntityFrameworkCore.csproj]
D:\Projects\Informatique.Alumni\src\Informatique.Alumni.EntityFrameworkCore\EntityFrameworkCore\AlumniDbContext.cs(111,26): error CS1026: ) expected [D:\Projects\Informatique.Alumni\src\Informatique.Alumni.EntityFrameworkCore\Informatique.Alumni.EntityFrameworkCore.csproj]
D:\Projects\Informatique.Alumni\src\Informatique.Alumni.EntityFrameworkCore\EntityFrameworkCore\AlumniDbContext.cs(111,26): error CS1022: Type or namespace definition, or end-of-file expected [D:\Projects\Informatique.Alumni\src\Informatique.Alumni.EntityFrameworkCore\Informatique.Alumni.EntityFrameworkCore.csproj]
D:\Projects\Informatique.Alumni\src\Informatique.Alumni.EntityFrameworkCore\EntityFrameworkCore\AlumniDbContext.cs(111,31): error CS0116: A namespace cannot directly contain members such as fields, methods or statements [D:\Projects\Informatique.Alumni\src\Informatique.Alumni.EntityFrameworkCore\Informatique.Alumni.EntityFrameworkCore.csproj]
D:\Projects\Informatique.Alumni\src\Informatique.Alumni.EntityFrameworkCore\EntityFrameworkCore\AlumniDbContext.cs(111,48): error CS1022: Type or namespace definition, or end-of-file expected [D:\Projects\Informatique.Alumni\src\Informatique.Alumni.EntityFrameworkCore\Informatique.Alumni.EntityFrameworkCore.csproj]
D:\Projects\Informatique.Alumni\src\Informatique.Alumni.EntityFrameworkCore\EntityFrameworkCore\AlumniDbContext.cs(111,63): error CS1001: Identifier expected [D:\Projects\Informatique.Alumni\src\Informatique.Alumni.EntityFrameworkCore\Informatique.Alumni.EntityFrameworkCore.csproj]
D:\Projects\Informatique.Alumni\src\Informatique.Alumni.EntityFrameworkCore\EntityFrameworkCore\AlumniDbContext.cs(112,9): error CS1022: Type or namespace definition, or end-of-file expected [D:\Projects\Informatique.Alumni\src\Informatique.Alumni.EntityFrameworkCore\Informatique.Alumni.EntityFrameworkCore.csproj]
D:\Projects\Informatique.Alumni\src\Informatique.Alumni.EntityFrameworkCore\EntityFrameworkCore\AlumniDbContext.cs(112,10): error CS1022: Type or namespace definition, or end-of-file expected [D:\Projects\Informatique.Alumni\src\Informatique.Alumni.EntityFrameworkCore\Informatique.Alumni.EntityFrameworkCore.csproj]
D:\Projects\Informatique.Alumni\src\Informatique.Alumni.EntityFrameworkCore\EntityFrameworkCore\AlumniDbContext.cs(112,11): error CS8803: Top-level statements must precede namespace and type declarations. [D:\Projects\Informatique.Alumni\src\Informatique.Alumni.EntityFrameworkCore\Informatique.Alumni.EntityFrameworkCore.csproj]
D:\Projects\Informatique.Alumni\src\Informatique.Alumni.EntityFrameworkCore\EntityFrameworkCore\AlumniDbContext.cs(216,5): error CS0106: The modifier 'public' is not valid for this item [D:\Projects\Informatique.Alumni\src\Informatique.Alumni.EntityFrameworkCore\Informatique.Alumni.EntityFrameworkCore.csproj]
D:\Projects\Informatique.Alumni\src\Informatique.Alumni.EntityFrameworkCore\EntityFrameworkCore\AlumniDbContext.cs(216,27): error CS1001: Identifier expected [D:\Projects\Informatique.Alumni\src\Informatique.Alumni.EntityFrameworkCore\Informatique.Alumni.EntityFrameworkCore.csproj]
D:\Projects\Informatique.Alumni\src\Informatique.Alumni.EntityFrameworkCore\EntityFrameworkCore\AlumniDbContext.cs(216,70): error CS1002: ; expected [D:\Projects\Informatique.Alumni\src\Informatique.Alumni.EntityFrameworkCore\Informatique.Alumni.EntityFrameworkCore.csproj]
D:\Projects\Informatique.Alumni\src\Informatique.Alumni.EntityFrameworkCore\EntityFrameworkCore\AlumniDbContext.cs(217,9): error CS1022: Type or namespace definition, or end-of-file expected [D:\Projects\Informatique.Alumni\src\Informatique.Alumni.EntityFrameworkCore\Informatique.Alumni.EntityFrameworkCore.csproj]
D:\Projects\Informatique.Alumni\src\Informatique.Alumni.EntityFrameworkCore\EntityFrameworkCore\AlumniDbContext.cs(217,24): error CS1002: ; expected [D:\Projects\Informatique.Alumni\src\Informatique.Alumni.EntityFrameworkCore\Informatique.Alumni.EntityFrameworkCore.csproj]
D:\Projects\Informatique.Alumni\src\Informatique.Alumni.EntityFrameworkCore\EntityFrameworkCore\AlumniDbContext.cs(727,5): error CS0106: The modifier 'private' is not valid for this item [D:\Projects\Informatique.Alumni\src\Informatique.Alumni.EntityFrameworkCore\Informatique.Alumni.EntityFrameworkCore.csproj]
D:\Projects\Informatique.Alumni\src\Informatique.Alumni.EntityFrameworkCore\EntityFrameworkCore\AlumniDbContext.cs(740,1): error CS1022: Type or namespace definition, or end-of-file expected [D:\Projects\Informatique.Alumni\src\Informatique.Alumni.EntityFrameworkCore\Informatique.Alumni.EntityFrameworkCore.csproj]
    0 Warning(s)
    74 Error(s)

Time Elapsed 00:00:02.28
