D:\Projects\Informatique.Alumni\src\Informatique.Alumni.EntityFrameworkCore\EntityFrameworkCore\AlumniDbContext.cs(503,38): error CS1519: Invalid token '(' in a member declaration [D:\Projects\Informatique.Alumni\src\Informatique.Alumni.EntityFrameworkCore\Informatique.Alumni.EntityFrameworkCore.csproj]
D:\Projects\Informatique.Alumni\src\Informatique.Alumni.EntityFrameworkCore\EntityFrameworkCore\AlumniDbContext.cs(503,41): error CS8124: Tuple must contain at least two elements. [D:\Projects\Informatique.Alumni\src\Informatique.Alumni.EntityFrameworkCore\Informatique.Alumni.EntityFrameworkCore.csproj]
D:\Projects\Informatique.Alumni\src\Informatique.Alumni.EntityFrameworkCore\EntityFrameworkCore\AlumniDbContext.cs(503,41): error CS1026: ) expected [D:\Projects\Informatique.Alumni\src\Informatique.Alumni.EntityFrameworkCore\Informatique.Alumni.EntityFrameworkCore.csproj]
D:\Projects\Informatique.Alumni\src\Informatique.Alumni.EntityFrameworkCore\EntityFrameworkCore\AlumniDbContext.cs(503,41): error CS1519: Invalid token '=>' in a member declaration [D:\Projects\Informatique.Alumni\src\Informatique.Alumni.EntityFrameworkCore\Informatique.Alumni.EntityFrameworkCore.csproj]
D:\Projects\Informatique.Alumni\src\Informatique.Alumni.EntityFrameworkCore\EntityFrameworkCore\AlumniDbContext.cs(505,22): error CS1519: Invalid token '(' in a member declaration [D:\Projects\Informatique.Alumni\src\Informatique.Alumni.EntityFrameworkCore\Informatique.Alumni.EntityFrameworkCore.csproj]
D:\Projects\Informatique.Alumni\src\Informatique.Alumni.EntityFrameworkCore\EntityFrameworkCore\AlumniDbContext.cs(505,50): error CS8124: Tuple must contain at least two elements. [D:\Projects\Informatique.Alumni\src\Informatique.Alumni.EntityFrameworkCore\Informatique.Alumni.EntityFrameworkCore.csproj]
D:\Projects\Informatique.Alumni\src\Informatique.Alumni.EntityFrameworkCore\EntityFrameworkCore\AlumniDbContext.cs(505,50): error CS1026: ) expected [D:\Projects\Informatique.Alumni\src\Informatique.Alumni.EntityFrameworkCore\Informatique.Alumni.EntityFrameworkCore.csproj]
D:\Projects\Informatique.Alumni\src\Informatique.Alumni.EntityFrameworkCore\EntityFrameworkCore\AlumniDbContext.cs(505,50): error CS1519: Invalid token '+' in a member declaration [D:\Projects\Informatique.Alumni\src\Informatique.Alumni.EntityFrameworkCore\Informatique.Alumni.EntityFrameworkCore.csproj]
D:\Projects\Informatique.Alumni\src\Informatique.Alumni.EntityFrameworkCore\EntityFrameworkCore\AlumniDbContext.cs(505,91): error CS1519: Invalid token ')' in a member declaration [D:\Projects\Informatique.Alumni\src\Informatique.Alumni.EntityFrameworkCore\Informatique.Alumni.EntityFrameworkCore.csproj]
D:\Projects\Informatique.Alumni\src\Informatique.Alumni.EntityFrameworkCore\EntityFrameworkCore\AlumniDbContext.cs(506,36): error CS1519: Invalid token '(' in a member declaration [D:\Projects\Informatique.Alumni\src\Informatique.Alumni.EntityFrameworkCore\Informatique.Alumni.EntityFrameworkCore.csproj]
D:\Projects\Informatique.Alumni\src\Informatique.Alumni.EntityFrameworkCore\EntityFrameworkCore\AlumniDbContext.cs(506,37): error CS8124: Tuple must contain at least two elements. [D:\Projects\Informatique.Alumni\src\Informatique.Alumni.EntityFrameworkCore\Informatique.Alumni.EntityFrameworkCore.csproj]
D:\Projects\Informatique.Alumni\src\Informatique.Alumni.EntityFrameworkCore\EntityFrameworkCore\AlumniDbContext.cs(506,38): error CS1519: Invalid token ';' in a member declaration [D:\Projects\Informatique.Alumni\src\Informatique.Alumni.EntityFrameworkCore\Informatique.Alumni.EntityFrameworkCore.csproj]
D:\Projects\Informatique.Alumni\src\Informatique.Alumni.EntityFrameworkCore\EntityFrameworkCore\AlumniDbContext.cs(507,23): error CS1519: Invalid token '(' in a member declaration [D:\Projects\Informatique.Alumni\src\Informatique.Alumni.EntityFrameworkCore\Informatique.Alumni.EntityFrameworkCore.csproj]
D:\Projects\Informatique.Alumni\src\Informatique.Alumni.EntityFrameworkCore\EntityFrameworkCore\AlumniDbContext.cs(507,26): error CS8124: Tuple must contain at least two elements. [D:\Projects\Informatique.Alumni\src\Informatique.Alumni.EntityFrameworkCore\Informatique.Alumni.EntityFrameworkCore.csproj]
D:\Projects\Informatique.Alumni\src\Informatique.Alumni.EntityFrameworkCore\EntityFrameworkCore\AlumniDbContext.cs(507,26): error CS1026: ) expected [D:\Projects\Informatique.Alumni\src\Informatique.Alumni.EntityFrameworkCore\Informatique.Alumni.EntityFrameworkCore.csproj]
D:\Projects\Informatique.Alumni\src\Informatique.Alumni.EntityFrameworkCore\EntityFrameworkCore\AlumniDbContext.cs(507,26): error CS1519: Invalid token '=>' in a member declaration [D:\Projects\Informatique.Alumni\src\Informatique.Alumni.EntityFrameworkCore\Informatique.Alumni.EntityFrameworkCore.csproj]
D:\Projects\Informatique.Alumni\src\Informatique.Alumni.EntityFrameworkCore\EntityFrameworkCore\AlumniDbContext.cs(507,36): error CS1519: Invalid token ')' in a member declaration [D:\Projects\Informatique.Alumni\src\Informatique.Alumni.EntityFrameworkCore\Informatique.Alumni.EntityFrameworkCore.csproj]
D:\Projects\Informatique.Alumni\src\Informatique.Alumni.EntityFrameworkCore\EntityFrameworkCore\AlumniDbContext.cs(507,50): error CS1002: ; expected [D:\Projects\Informatique.Alumni\src\Informatique.Alumni.EntityFrameworkCore\Informatique.Alumni.EntityFrameworkCore.csproj]
D:\Projects\Informatique.Alumni\src\Informatique.Alumni.EntityFrameworkCore\EntityFrameworkCore\AlumniDbContext.cs(507,50): error CS1519: Invalid token '.' in a member declaration [D:\Projects\Informatique.Alumni\src\Informatique.Alumni.EntityFrameworkCore\Informatique.Alumni.EntityFrameworkCore.csproj]
D:\Projects\Informatique.Alumni\src\Informatique.Alumni.EntityFrameworkCore\EntityFrameworkCore\AlumniDbContext.cs(507,92): error CS1001: Identifier expected [D:\Projects\Informatique.Alumni\src\Informatique.Alumni.EntityFrameworkCore\Informatique.Alumni.EntityFrameworkCore.csproj]
D:\Projects\Informatique.Alumni\src\Informatique.Alumni.EntityFrameworkCore\EntityFrameworkCore\AlumniDbContext.cs(508,23): error CS1519: Invalid token '(' in a member declaration [D:\Projects\Informatique.Alumni\src\Informatique.Alumni.EntityFrameworkCore\Informatique.Alumni.EntityFrameworkCore.csproj]
D:\Projects\Informatique.Alumni\src\Informatique.Alumni.EntityFrameworkCore\EntityFrameworkCore\AlumniDbContext.cs(508,26): error CS8124: Tuple must contain at least two elements. [D:\Projects\Informatique.Alumni\src\Informatique.Alumni.EntityFrameworkCore\Informatique.Alumni.EntityFrameworkCore.csproj]
D:\Projects\Informatique.Alumni\src\Informatique.Alumni.EntityFrameworkCore\EntityFrameworkCore\AlumniDbContext.cs(508,26): error CS1026: ) expected [D:\Projects\Informatique.Alumni\src\Informatique.Alumni.EntityFrameworkCore\Informatique.Alumni.EntityFrameworkCore.csproj]
D:\Projects\Informatique.Alumni\src\Informatique.Alumni.EntityFrameworkCore\EntityFrameworkCore\AlumniDbContext.cs(508,26): error CS1519: Invalid token '=>' in a member declaration [D:\Projects\Informatique.Alumni\src\Informatique.Alumni.EntityFrameworkCore\Informatique.Alumni.EntityFrameworkCore.csproj]
D:\Projects\Informatique.Alumni\src\Informatique.Alumni.EntityFrameworkCore\EntityFrameworkCore\AlumniDbContext.cs(508,42): error CS1519: Invalid token ')' in a member declaration [D:\Projects\Informatique.Alumni\src\Informatique.Alumni.EntityFrameworkCore\Informatique.Alumni.EntityFrameworkCore.csproj]
D:\Projects\Informatique.Alumni\src\Informatique.Alumni.EntityFrameworkCore\EntityFrameworkCore\AlumniDbContext.cs(508,56): error CS1002: ; expected [D:\Projects\Informatique.Alumni\src\Informatique.Alumni.EntityFrameworkCore\Informatique.Alumni.EntityFrameworkCore.csproj]
D:\Projects\Informatique.Alumni\src\Informatique.Alumni.EntityFrameworkCore\EntityFrameworkCore\AlumniDbContext.cs(508,56): error CS1519: Invalid token '.' in a member declaration [D:\Projects\Informatique.Alumni\src\Informatique.Alumni.EntityFrameworkCore\Informatique.Alumni.EntityFrameworkCore.csproj]
D:\Projects\Informatique.Alumni\src\Informatique.Alumni.EntityFrameworkCore\EntityFrameworkCore\AlumniDbContext.cs(508,104): error CS1001: Identifier expected [D:\Projects\Informatique.Alumni\src\Informatique.Alumni.EntityFrameworkCore\Informatique.Alumni.EntityFrameworkCore.csproj]
D:\Projects\Informatique.Alumni\src\Informatique.Alumni.EntityFrameworkCore\EntityFrameworkCore\AlumniDbContext.cs(509,23): error CS1519: Invalid token '(' in a member declaration [D:\Projects\Informatique.Alumni\src\Informatique.Alumni.EntityFrameworkCore\Informatique.Alumni.EntityFrameworkCore.csproj]
D:\Projects\Informatique.Alumni\src\Informatique.Alumni.EntityFrameworkCore\EntityFrameworkCore\AlumniDbContext.cs(509,26): error CS8124: Tuple must contain at least two elements. [D:\Projects\Informatique.Alumni\src\Informatique.Alumni.EntityFrameworkCore\Informatique.Alumni.EntityFrameworkCore.csproj]
D:\Projects\Informatique.Alumni\src\Informatique.Alumni.EntityFrameworkCore\EntityFrameworkCore\AlumniDbContext.cs(509,26): error CS1026: ) expected [D:\Projects\Informatique.Alumni\src\Informatique.Alumni.EntityFrameworkCore\Informatique.Alumni.EntityFrameworkCore.csproj]
D:\Projects\Informatique.Alumni\src\Informatique.Alumni.EntityFrameworkCore\EntityFrameworkCore\AlumniDbContext.cs(509,26): error CS1519: Invalid token '=>' in a member declaration [D:\Projects\Informatique.Alumni\src\Informatique.Alumni.EntityFrameworkCore\Informatique.Alumni.EntityFrameworkCore.csproj]
D:\Projects\Informatique.Alumni\src\Informatique.Alumni.EntityFrameworkCore\EntityFrameworkCore\AlumniDbContext.cs(509,37): error CS1519: Invalid token ')' in a member declaration [D:\Projects\Informatique.Alumni\src\Informatique.Alumni.EntityFrameworkCore\Informatique.Alumni.EntityFrameworkCore.csproj]
D:\Projects\Informatique.Alumni\src\Informatique.Alumni.EntityFrameworkCore\EntityFrameworkCore\AlumniDbContext.cs(509,53): error CS1001: Identifier expected [D:\Projects\Informatique.Alumni\src\Informatique.Alumni.EntityFrameworkCore\Informatique.Alumni.EntityFrameworkCore.csproj]
D:\Projects\Informatique.Alumni\src\Informatique.Alumni.EntityFrameworkCore\EntityFrameworkCore\AlumniDbContext.cs(510,10): error CS1022: Type or namespace definition, or end-of-file expected [D:\Projects\Informatique.Alumni\src\Informatique.Alumni.EntityFrameworkCore\Informatique.Alumni.EntityFrameworkCore.csproj]
D:\Projects\Informatique.Alumni\src\Informatique.Alumni.EntityFrameworkCore\EntityFrameworkCore\AlumniDbContext.cs(512,42): error CS0116: A namespace cannot directly contain members such as fields, methods or statements [D:\Projects\Informatique.Alumni\src\Informatique.Alumni.EntityFrameworkCore\Informatique.Alumni.EntityFrameworkCore.csproj]
D:\Projects\Informatique.Alumni\src\Informatique.Alumni.EntityFrameworkCore\EntityFrameworkCore\AlumniDbContext.cs(512,46): error CS8124: Tuple must contain at least two elements. [D:\Projects\Informatique.Alumni\src\Informatique.Alumni.EntityFrameworkCore\Informatique.Alumni.EntityFrameworkCore.csproj]
D:\Projects\Informatique.Alumni\src\Informatique.Alumni.EntityFrameworkCore\EntityFrameworkCore\AlumniDbContext.cs(512,46): error CS1026: ) expected [D:\Projects\Informatique.Alumni\src\Informatique.Alumni.EntityFrameworkCore\Informatique.Alumni.EntityFrameworkCore.csproj]
D:\Projects\Informatique.Alumni\src\Informatique.Alumni.EntityFrameworkCore\EntityFrameworkCore\AlumniDbContext.cs(512,46): error CS1022: Type or namespace definition, or end-of-file expected [D:\Projects\Informatique.Alumni\src\Informatique.Alumni.EntityFrameworkCore\Informatique.Alumni.EntityFrameworkCore.csproj]
D:\Projects\Informatique.Alumni\src\Informatique.Alumni.EntityFrameworkCore\EntityFrameworkCore\AlumniDbContext.cs(514,15): error CS0116: A namespace cannot directly contain members such as fields, methods or statements [D:\Projects\Informatique.Alumni\src\Informatique.Alumni.EntityFrameworkCore\Informatique.Alumni.EntityFrameworkCore.csproj]
D:\Projects\Informatique.Alumni\src\Informatique.Alumni.EntityFrameworkCore\EntityFrameworkCore\AlumniDbContext.cs(514,50): error CS8124: Tuple must contain at least two elements. [D:\Projects\Informatique.Alumni\src\Informatique.Alumni.EntityFrameworkCore\Informatique.Alumni.EntityFrameworkCore.csproj]
D:\Projects\Informatique.Alumni\src\Informatique.Alumni.EntityFrameworkCore\EntityFrameworkCore\AlumniDbContext.cs(514,50): error CS1026: ) expected [D:\Projects\Informatique.Alumni\src\Informatique.Alumni.EntityFrameworkCore\Informatique.Alumni.EntityFrameworkCore.csproj]
D:\Projects\Informatique.Alumni\src\Informatique.Alumni.EntityFrameworkCore\EntityFrameworkCore\AlumniDbContext.cs(514,50): error CS1022: Type or namespace definition, or end-of-file expected [D:\Projects\Informatique.Alumni\src\Informatique.Alumni.EntityFrameworkCore\Informatique.Alumni.EntityFrameworkCore.csproj]
D:\Projects\Informatique.Alumni\src\Informatique.Alumni.EntityFrameworkCore\EntityFrameworkCore\AlumniDbContext.cs(514,88): error CS0116: A namespace cannot directly contain members such as fields, methods or statements [D:\Projects\Informatique.Alumni\src\Informatique.Alumni.EntityFrameworkCore\Informatique.Alumni.EntityFrameworkCore.csproj]
D:\Projects\Informatique.Alumni\src\Informatique.Alumni.EntityFrameworkCore\EntityFrameworkCore\AlumniDbContext.cs(514,96): error CS1022: Type or namespace definition, or end-of-file expected [D:\Projects\Informatique.Alumni\src\Informatique.Alumni.EntityFrameworkCore\Informatique.Alumni.EntityFrameworkCore.csproj]
D:\Projects\Informatique.Alumni\src\Informatique.Alumni.EntityFrameworkCore\EntityFrameworkCore\AlumniDbContext.cs(515,15): error CS0116: A namespace cannot directly contain members such as fields, methods or statements [D:\Projects\Informatique.Alumni\src\Informatique.Alumni.EntityFrameworkCore\Informatique.Alumni.EntityFrameworkCore.csproj]
D:\Projects\Informatique.Alumni\src\Informatique.Alumni.EntityFrameworkCore\EntityFrameworkCore\AlumniDbContext.cs(515,37): error CS8124: Tuple must contain at least two elements. [D:\Projects\Informatique.Alumni\src\Informatique.Alumni.EntityFrameworkCore\Informatique.Alumni.EntityFrameworkCore.csproj]
D:\Projects\Informatique.Alumni\src\Informatique.Alumni.EntityFrameworkCore\EntityFrameworkCore\AlumniDbContext.cs(515,38): error CS1022: Type or namespace definition, or end-of-file expected [D:\Projects\Informatique.Alumni\src\Informatique.Alumni.EntityFrameworkCore\Informatique.Alumni.EntityFrameworkCore.csproj]
D:\Projects\Informatique.Alumni\src\Informatique.Alumni.EntityFrameworkCore\EntityFrameworkCore\AlumniDbContext.cs(516,15): error CS0116: A namespace cannot directly contain members such as fields, methods or statements [D:\Projects\Informatique.Alumni\src\Informatique.Alumni.EntityFrameworkCore\Informatique.Alumni.EntityFrameworkCore.csproj]
D:\Projects\Informatique.Alumni\src\Informatique.Alumni.EntityFrameworkCore\EntityFrameworkCore\AlumniDbContext.cs(516,26): error CS8124: Tuple must contain at least two elements. [D:\Projects\Informatique.Alumni\src\Informatique.Alumni.EntityFrameworkCore\Informatique.Alumni.EntityFrameworkCore.csproj]
D:\Projects\Informatique.Alumni\src\Informatique.Alumni.EntityFrameworkCore\EntityFrameworkCore\AlumniDbContext.cs(516,26): error CS1026: ) expected [D:\Projects\Informatique.Alumni\src\Informatique.Alumni.EntityFrameworkCore\Informatique.Alumni.EntityFrameworkCore.csproj]
D:\Projects\Informatique.Alumni\src\Informatique.Alumni.EntityFrameworkCore\EntityFrameworkCore\AlumniDbContext.cs(516,26): error CS1022: Type or namespace definition, or end-of-file expected [D:\Projects\Informatique.Alumni\src\Informatique.Alumni.EntityFrameworkCore\Informatique.Alumni.EntityFrameworkCore.csproj]
D:\Projects\Informatique.Alumni\src\Informatique.Alumni.EntityFrameworkCore\EntityFrameworkCore\AlumniDbContext.cs(516,31): error CS0116: A namespace cannot directly contain members such as fields, methods or statements [D:\Projects\Informatique.Alumni\src\Informatique.Alumni.EntityFrameworkCore\Informatique.Alumni.EntityFrameworkCore.csproj]
D:\Projects\Informatique.Alumni\src\Informatique.Alumni.EntityFrameworkCore\EntityFrameworkCore\AlumniDbContext.cs(516,43): error CS1022: Type or namespace definition, or end-of-file expected [D:\Projects\Informatique.Alumni\src\Informatique.Alumni.EntityFrameworkCore\Informatique.Alumni.EntityFrameworkCore.csproj]
D:\Projects\Informatique.Alumni\src\Informatique.Alumni.EntityFrameworkCore\EntityFrameworkCore\AlumniDbContext.cs(516,57): error CS1002: ; expected [D:\Projects\Informatique.Alumni\src\Informatique.Alumni.EntityFrameworkCore\Informatique.Alumni.EntityFrameworkCore.csproj]
D:\Projects\Informatique.Alumni\src\Informatique.Alumni.EntityFrameworkCore\EntityFrameworkCore\AlumniDbContext.cs(516,57): error CS1022: Type or namespace definition, or end-of-file expected [D:\Projects\Informatique.Alumni\src\Informatique.Alumni.EntityFrameworkCore\Informatique.Alumni.EntityFrameworkCore.csproj]
D:\Projects\Informatique.Alumni\src\Informatique.Alumni.EntityFrameworkCore\EntityFrameworkCore\AlumniDbContext.cs(516,102): error CS1001: Identifier expected [D:\Projects\Informatique.Alumni\src\Informatique.Alumni.EntityFrameworkCore\Informatique.Alumni.EntityFrameworkCore.csproj]
D:\Projects\Informatique.Alumni\src\Informatique.Alumni.EntityFrameworkCore\EntityFrameworkCore\AlumniDbContext.cs(517,15): error CS0116: A namespace cannot directly contain members such as fields, methods or statements [D:\Projects\Informatique.Alumni\src\Informatique.Alumni.EntityFrameworkCore\Informatique.Alumni.EntityFrameworkCore.csproj]
D:\Projects\Informatique.Alumni\src\Informatique.Alumni.EntityFrameworkCore\EntityFrameworkCore\AlumniDbContext.cs(517,26): error CS8124: Tuple must contain at least two elements. [D:\Projects\Informatique.Alumni\src\Informatique.Alumni.EntityFrameworkCore\Informatique.Alumni.EntityFrameworkCore.csproj]
D:\Projects\Informatique.Alumni\src\Informatique.Alumni.EntityFrameworkCore\EntityFrameworkCore\AlumniDbContext.cs(517,26): error CS1026: ) expected [D:\Projects\Informatique.Alumni\src\Informatique.Alumni.EntityFrameworkCore\Informatique.Alumni.EntityFrameworkCore.csproj]
D:\Projects\Informatique.Alumni\src\Informatique.Alumni.EntityFrameworkCore\EntityFrameworkCore\AlumniDbContext.cs(517,26): error CS1022: Type or namespace definition, or end-of-file expected [D:\Projects\Informatique.Alumni\src\Informatique.Alumni.EntityFrameworkCore\Informatique.Alumni.EntityFrameworkCore.csproj]
D:\Projects\Informatique.Alumni\src\Informatique.Alumni.EntityFrameworkCore\EntityFrameworkCore\AlumniDbContext.cs(517,31): error CS0116: A namespace cannot directly contain members such as fields, methods or statements [D:\Projects\Informatique.Alumni\src\Informatique.Alumni.EntityFrameworkCore\Informatique.Alumni.EntityFrameworkCore.csproj]
D:\Projects\Informatique.Alumni\src\Informatique.Alumni.EntityFrameworkCore\EntityFrameworkCore\AlumniDbContext.cs(517,36): error CS1022: Type or namespace definition, or end-of-file expected [D:\Projects\Informatique.Alumni\src\Informatique.Alumni.EntityFrameworkCore\Informatique.Alumni.EntityFrameworkCore.csproj]
D:\Projects\Informatique.Alumni\src\Informatique.Alumni.EntityFrameworkCore\EntityFrameworkCore\AlumniDbContext.cs(517,50): error CS1002: ; expected [D:\Projects\Informatique.Alumni\src\Informatique.Alumni.EntityFrameworkCore\Informatique.Alumni.EntityFrameworkCore.csproj]
D:\Projects\Informatique.Alumni\src\Informatique.Alumni.EntityFrameworkCore\EntityFrameworkCore\AlumniDbContext.cs(517,50): error CS1022: Type or namespace definition, or end-of-file expected [D:\Projects\Informatique.Alumni\src\Informatique.Alumni.EntityFrameworkCore\Informatique.Alumni.EntityFrameworkCore.csproj]
D:\Projects\Informatique.Alumni\src\Informatique.Alumni.EntityFrameworkCore\EntityFrameworkCore\AlumniDbContext.cs(517,92): error CS1001: Identifier expected [D:\Projects\Informatique.Alumni\src\Informatique.Alumni.EntityFrameworkCore\Informatique.Alumni.EntityFrameworkCore.csproj]
D:\Projects\Informatique.Alumni\src\Informatique.Alumni.EntityFrameworkCore\EntityFrameworkCore\AlumniDbContext.cs(518,15): error CS0116: A namespace cannot directly contain members such as fields, methods or statements [D:\Projects\Informatique.Alumni\src\Informatique.Alumni.EntityFrameworkCore\Informatique.Alumni.EntityFrameworkCore.csproj]
D:\Projects\Informatique.Alumni\src\Informatique.Alumni.EntityFrameworkCore\EntityFrameworkCore\AlumniDbContext.cs(518,26): error CS8124: Tuple must contain at least two elements. [D:\Projects\Informatique.Alumni\src\Informatique.Alumni.EntityFrameworkCore\Informatique.Alumni.EntityFrameworkCore.csproj]
D:\Projects\Informatique.Alumni\src\Informatique.Alumni.EntityFrameworkCore\EntityFrameworkCore\AlumniDbContext.cs(518,26): error CS1026: ) expected [D:\Projects\Informatique.Alumni\src\Informatique.Alumni.EntityFrameworkCore\Informatique.Alumni.EntityFrameworkCore.csproj]
D:\Projects\Informatique.Alumni\src\Informatique.Alumni.EntityFrameworkCore\EntityFrameworkCore\AlumniDbContext.cs(518,26): error CS1022: Type or namespace definition, or end-of-file expected [D:\Projects\Informatique.Alumni\src\Informatique.Alumni.EntityFrameworkCore\Informatique.Alumni.EntityFrameworkCore.csproj]
D:\Projects\Informatique.Alumni\src\Informatique.Alumni.EntityFrameworkCore\EntityFrameworkCore\AlumniDbContext.cs(518,31): error CS0116: A namespace cannot directly contain members such as fields, methods or statements [D:\Projects\Informatique.Alumni\src\Informatique.Alumni.EntityFrameworkCore\Informatique.Alumni.EntityFrameworkCore.csproj]
D:\Projects\Informatique.Alumni\src\Informatique.Alumni.EntityFrameworkCore\EntityFrameworkCore\AlumniDbContext.cs(518,42): error CS1022: Type or namespace definition, or end-of-file expected [D:\Projects\Informatique.Alumni\src\Informatique.Alumni.EntityFrameworkCore\Informatique.Alumni.EntityFrameworkCore.csproj]
D:\Projects\Informatique.Alumni\src\Informatique.Alumni.EntityFrameworkCore\EntityFrameworkCore\AlumniDbContext.cs(518,56): error CS1002: ; expected [D:\Projects\Informatique.Alumni\src\Informatique.Alumni.EntityFrameworkCore\Informatique.Alumni.EntityFrameworkCore.csproj]
D:\Projects\Informatique.Alumni\src\Informatique.Alumni.EntityFrameworkCore\EntityFrameworkCore\AlumniDbContext.cs(518,56): error CS1022: Type or namespace definition, or end-of-file expected [D:\Projects\Informatique.Alumni\src\Informatique.Alumni.EntityFrameworkCore\Informatique.Alumni.EntityFrameworkCore.csproj]
D:\Projects\Informatique.Alumni\src\Informatique.Alumni.EntityFrameworkCore\EntityFrameworkCore\AlumniDbContext.cs(518,104): error CS1001: Identifier expected [D:\Projects\Informatique.Alumni\src\Informatique.Alumni.EntityFrameworkCore\Informatique.Alumni.EntityFrameworkCore.csproj]
D:\Projects\Informatique.Alumni\src\Informatique.Alumni.EntityFrameworkCore\EntityFrameworkCore\AlumniDbContext.cs(519,15): error CS0116: A namespace cannot directly contain members such as fields, methods or statements [D:\Projects\Informatique.Alumni\src\Informatique.Alumni.EntityFrameworkCore\Informatique.Alumni.EntityFrameworkCore.csproj]
D:\Projects\Informatique.Alumni\src\Informatique.Alumni.EntityFrameworkCore\EntityFrameworkCore\AlumniDbContext.cs(519,26): error CS8124: Tuple must contain at least two elements. [D:\Projects\Informatique.Alumni\src\Informatique.Alumni.EntityFrameworkCore\Informatique.Alumni.EntityFrameworkCore.csproj]
D:\Projects\Informatique.Alumni\src\Informatique.Alumni.EntityFrameworkCore\EntityFrameworkCore\AlumniDbContext.cs(519,26): error CS1026: ) expected [D:\Projects\Informatique.Alumni\src\Informatique.Alumni.EntityFrameworkCore\Informatique.Alumni.EntityFrameworkCore.csproj]
D:\Projects\Informatique.Alumni\src\Informatique.Alumni.EntityFrameworkCore\EntityFrameworkCore\AlumniDbContext.cs(519,26): error CS1022: Type or namespace definition, or end-of-file expected [D:\Projects\Informatique.Alumni\src\Informatique.Alumni.EntityFrameworkCore\Informatique.Alumni.EntityFrameworkCore.csproj]
D:\Projects\Informatique.Alumni\src\Informatique.Alumni.EntityFrameworkCore\EntityFrameworkCore\AlumniDbContext.cs(519,31): error CS0116: A namespace cannot directly contain members such as fields, methods or statements [D:\Projects\Informatique.Alumni\src\Informatique.Alumni.EntityFrameworkCore\Informatique.Alumni.EntityFrameworkCore.csproj]
D:\Projects\Informatique.Alumni\src\Informatique.Alumni.EntityFrameworkCore\EntityFrameworkCore\AlumniDbContext.cs(519,49): error CS1022: Type or namespace definition, or end-of-file expected [D:\Projects\Informatique.Alumni\src\Informatique.Alumni.EntityFrameworkCore\Informatique.Alumni.EntityFrameworkCore.csproj]
D:\Projects\Informatique.Alumni\src\Informatique.Alumni.EntityFrameworkCore\EntityFrameworkCore\AlumniDbContext.cs(519,65): error CS1001: Identifier expected [D:\Projects\Informatique.Alumni\src\Informatique.Alumni.EntityFrameworkCore\Informatique.Alumni.EntityFrameworkCore.csproj]
D:\Projects\Informatique.Alumni\src\Informatique.Alumni.EntityFrameworkCore\EntityFrameworkCore\AlumniDbContext.cs(520,15): error CS0116: A namespace cannot directly contain members such as fields, methods or statements [D:\Projects\Informatique.Alumni\src\Informatique.Alumni.EntityFrameworkCore\Informatique.Alumni.EntityFrameworkCore.csproj]
D:\Projects\Informatique.Alumni\src\Informatique.Alumni.EntityFrameworkCore\EntityFrameworkCore\AlumniDbContext.cs(520,26): error CS8124: Tuple must contain at least two elements. [D:\Projects\Informatique.Alumni\src\Informatique.Alumni.EntityFrameworkCore\Informatique.Alumni.EntityFrameworkCore.csproj]
D:\Projects\Informatique.Alumni\src\Informatique.Alumni.EntityFrameworkCore\EntityFrameworkCore\AlumniDbContext.cs(520,26): error CS1026: ) expected [D:\Projects\Informatique.Alumni\src\Informatique.Alumni.EntityFrameworkCore\Informatique.Alumni.EntityFrameworkCore.csproj]
D:\Projects\Informatique.Alumni\src\Informatique.Alumni.EntityFrameworkCore\EntityFrameworkCore\AlumniDbContext.cs(520,26): error CS1022: Type or namespace definition, or end-of-file expected [D:\Projects\Informatique.Alumni\src\Informatique.Alumni.EntityFrameworkCore\Informatique.Alumni.EntityFrameworkCore.csproj]
D:\Projects\Informatique.Alumni\src\Informatique.Alumni.EntityFrameworkCore\EntityFrameworkCore\AlumniDbContext.cs(520,31): error CS0116: A namespace cannot directly contain members such as fields, methods or statements [D:\Projects\Informatique.Alumni\src\Informatique.Alumni.EntityFrameworkCore\Informatique.Alumni.EntityFrameworkCore.csproj]
D:\Projects\Informatique.Alumni\src\Informatique.Alumni.EntityFrameworkCore\EntityFrameworkCore\AlumniDbContext.cs(520,40): error CS1022: Type or namespace definition, or end-of-file expected [D:\Projects\Informatique.Alumni\src\Informatique.Alumni.EntityFrameworkCore\Informatique.Alumni.EntityFrameworkCore.csproj]
D:\Projects\Informatique.Alumni\src\Informatique.Alumni.EntityFrameworkCore\EntityFrameworkCore\AlumniDbContext.cs(520,87): error CS1001: Identifier expected [D:\Projects\Informatique.Alumni\src\Informatique.Alumni.EntityFrameworkCore\Informatique.Alumni.EntityFrameworkCore.csproj]
D:\Projects\Informatique.Alumni\src\Informatique.Alumni.EntityFrameworkCore\EntityFrameworkCore\AlumniDbContext.cs(521,9): error CS1022: Type or namespace definition, or end-of-file expected [D:\Projects\Informatique.Alumni\src\Informatique.Alumni.EntityFrameworkCore\Informatique.Alumni.EntityFrameworkCore.csproj]
D:\Projects\Informatique.Alumni\src\Informatique.Alumni.EntityFrameworkCore\EntityFrameworkCore\AlumniDbContext.cs(521,10): error CS1022: Type or namespace definition, or end-of-file expected [D:\Projects\Informatique.Alumni\src\Informatique.Alumni.EntityFrameworkCore\Informatique.Alumni.EntityFrameworkCore.csproj]
D:\Projects\Informatique.Alumni\src\Informatique.Alumni.EntityFrameworkCore\EntityFrameworkCore\AlumniDbContext.cs(521,11): error CS8803: Top-level statements must precede namespace and type declarations. [D:\Projects\Informatique.Alumni\src\Informatique.Alumni.EntityFrameworkCore\Informatique.Alumni.EntityFrameworkCore.csproj]
D:\Projects\Informatique.Alumni\src\Informatique.Alumni.EntityFrameworkCore\EntityFrameworkCore\AlumniDbContext.cs(528,5): error CS1022: Type or namespace definition, or end-of-file expected [D:\Projects\Informatique.Alumni\src\Informatique.Alumni.EntityFrameworkCore\Informatique.Alumni.EntityFrameworkCore.csproj]
D:\Projects\Informatique.Alumni\src\Informatique.Alumni.EntityFrameworkCore\EntityFrameworkCore\AlumniDbContext.cs(534,1): error CS1022: Type or namespace definition, or end-of-file expected [D:\Projects\Informatique.Alumni\src\Informatique.Alumni.EntityFrameworkCore\Informatique.Alumni.EntityFrameworkCore.csproj]
D:\Projects\Informatique.Alumni\src\Informatique.Alumni.Application.Contracts\Permissions\AlumniPermissionDefinitionProvider.cs(87,13): error CS0128: A local variable or function named 'careerPermission' is already defined in this scope [D:\Projects\Informatique.Alumni\src\Informatique.Alumni.Application.Contracts\Informatique.Alumni.Application.Contracts.csproj]

Build FAILED.
    2 Warning(s)
    95 Error(s)

Time Elapsed 00:00:02.15
