D:\Projects\Informatique.Alumni\src\Informatique.Alumni.Application\Syndicates\SyndicateAppService.cs(71,45): error CS0246: The type or namespace name 'EntityNotFoundException' could not be found (are you missing a using directive or an assembly reference?) [D:\Projects\Informatique.Alumni\src\Informatique.Alumni.Application\Informatique.Alumni.Application.csproj]

Build FAILED.
    70 Warning(s)
    1 Error(s)

Time Elapsed 00:00:02.44
